#
# There is insufficient memory for the Java Runtime Environment to continue.
# Native memory allocation (malloc) failed to allocate 210256 bytes for Chunk::new
# Possible reasons:
#   The system is out of physical RAM or swap space
#   In 32 bit mode, the process size limit was hit
# Possible solutions:
#   Reduce memory load on the system
#   Increase physical memory or swap space
#   Check if swap backing store is full
#   Use 64 bit Java on a 64 bit OS
#   Decrease Java heap size (-Xmx/-Xms)
#   Decrease number of Java threads
#   Decrease Java thread stack sizes (-Xss)
#   Set larger code cache with -XX:ReservedCodeCacheSize=
# This output file may be truncated or incomplete.
#
#  Out of Memory Error (allocation.cpp:390), pid=5636, tid=0x00000000000019dc
#
# JRE version: Java(TM) SE Runtime Environment (8.0_101-b13) (build 1.8.0_101-b13)
# Java VM: Java HotSpot(TM) 64-Bit Server VM (25.101-b13 mixed mode windows-amd64 compressed oops)
# Failed to write core dump. Minidumps are not enabled by default on client versions of Windows
#

---------------  T H R E A D  ---------------

Current thread (0x0000000014dee800):  JavaThread "C2 CompilerThread0" daemon [_thread_in_native, id=6620, stack(0x0000000016440000,0x0000000016540000)]

Stack: [0x0000000016440000,0x0000000016540000]
[error occurred during error reporting (printing stack bounds), id 0xc0000005]

Native frames: (J=compiled Java code, j=interpreted, Vv=VM code, C=native code)


Current CompileTask:
C2:  19177 2700       4       com.android.dx.rop.cst.CstBaseMethodRef::getPrototype (41 bytes)


---------------  P R O C E S S  ---------------

Java Threads: ( => current thread )
  0x00000000168e4800 JavaThread "pool-1-thread-1" [_thread_in_Java, id=2368, stack(0x0000000018a10000,0x0000000018b10000)]
  0x0000000014e4d000 JavaThread "Service Thread" daemon [_thread_blocked, id=3652, stack(0x0000000016b40000,0x0000000016c40000)]
  0x0000000016648800 JavaThread "C1 CompilerThread2" daemon [_thread_in_native, id=7604, stack(0x0000000016a40000,0x0000000016b40000)]
  0x0000000014e42000 JavaThread "C2 CompilerThread1" daemon [_thread_blocked, id=6912, stack(0x0000000016540000,0x0000000016640000)]
=>0x0000000014dee800 JavaThread "C2 CompilerThread0" daemon [_thread_in_native, id=6620, stack(0x0000000016440000,0x0000000016540000)]
  0x0000000014deb800 JavaThread "Attach Listener" daemon [_thread_blocked, id=6052, stack(0x0000000016340000,0x0000000016440000)]
  0x0000000014dea800 JavaThread "Signal Dispatcher" daemon [_thread_blocked, id=1416, stack(0x0000000016240000,0x0000000016340000)]
  0x0000000014dda000 JavaThread "Finalizer" daemon [_thread_blocked, id=4180, stack(0x0000000016050000,0x0000000016150000)]
  0x0000000002710000 JavaThread "Reference Handler" daemon [_thread_blocked, id=11140, stack(0x0000000015f50000,0x0000000016050000)]
  0x000000000251d800 JavaThread "main" [_thread_blocked, id=10336, stack(0x0000000002520000,0x0000000002620000)]

Other Threads:
  0x0000000014db7800 VMThread [stack: 0x0000000015e50000,0x0000000015f50000] [id=6108]
  0x000000001664c000 WatcherThread [stack: 0x0000000016c40000,0x0000000016d40000] [id=6476]

VM state:not at safepoint (normal execution)

VM Mutex/Monitor currently owned by a thread: None

Heap:
 PSYoungGen      total 144896K, used 11755K [0x00000000eab00000, 0x00000000fd900000, 0x0000000100000000)
  eden space 129536K, 9% used [0x00000000eab00000,0x00000000eb67ad68,0x00000000f2980000)
  from space 15360K, 0% used [0x00000000f2980000,0x00000000f2980000,0x00000000f3880000)
  to   space 25088K, 0% used [0x00000000fc080000,0x00000000fc080000,0x00000000fd900000)
 ParOldGen       total 77824K, used 38651K [0x00000000c0000000, 0x00000000c4c00000, 0x00000000eab00000)
  object space 77824K, 49% used [0x00000000c0000000,0x00000000c25beff0,0x00000000c4c00000)
 Metaspace       used 6846K, capacity 7672K, committed 7936K, reserved 1056768K
  class space    used 633K, capacity 688K, committed 768K, reserved 1048576K

Card table byte_map: [0x0000000011ae0000,0x0000000011cf0000] byte_map_base: 0x00000000114e0000

Marking Bits: (ParMarkBitMap*) 0x000000005ff2a6d0
 Begin Bits: [0x0000000012250000, 0x0000000013250000)
 End Bits:   [0x0000000013250000, 0x0000000014250000)

Polling page: 0x0000000000ba0000

CodeCache: size=245760Kb used=12394Kb max_used=12398Kb free=233365Kb
 bounds [0x0000000002720000, 0x0000000003350000, 0x0000000011720000]
 total_blobs=2919 nmethods=2654 adapters=177
 compilation: enabled

Compilation events (10 events):
Event: 19.165 Thread 0x0000000014e42000 2710       4       com.android.dx.dex.code.FixedSizeInsn::writeTo (13 bytes)
Event: 19.166 Thread 0x0000000014e42000 nmethod 2710 0x0000000003344510 code [0x0000000003344660, 0x00000000033446f8]
Event: 19.166 Thread 0x0000000016648800 2711       3       com.android.dx.dex.code.form.Form21c::writeTo (34 bytes)
Event: 19.167 Thread 0x0000000016648800 nmethod 2711 0x0000000003343750 code [0x0000000003343920, 0x0000000003344168]
Event: 19.167 Thread 0x0000000014e42000 2712       4       com.android.dx.dex.code.InsnFormat::opcodeUnit (54 bytes)
Event: 19.168 Thread 0x0000000016648800 2713       3       com.android.dx.dex.code.form.Form21t::writeTo (34 bytes)
Event: 19.168 Thread 0x0000000016648800 nmethod 2713 0x0000000003345f90 code [0x00000000033461a0, 0x0000000003346dd8]
Event: 19.169 Thread 0x0000000014e42000 nmethod 2712 0x0000000003341f50 code [0x0000000003342080, 0x0000000003342138]
Event: 19.170 Thread 0x0000000016648800 2714       3       com.android.dx.dex.code.form.Form11n::writeTo (45 bytes)
Event: 19.170 Thread 0x0000000016648800 nmethod 2714 0x0000000003342850 code [0x0000000003342a40, 0x00000000033433c8]

GC Heap History (10 events):
Event: 10.868 GC heap before
{Heap before GC invocations=4 (full 0):
 PSYoungGen      total 35328K, used 35317K [0x00000000eab00000, 0x00000000ef000000, 0x0000000100000000)
  eden space 32768K, 100% used [0x00000000eab00000,0x00000000ecb00000,0x00000000ecb00000)
  from space 2560K, 99% used [0x00000000ecb00000,0x00000000ecd7d790,0x00000000ecd80000)
  to   space 2560K, 0% used [0x00000000eed80000,0x00000000eed80000,0x00000000ef000000)
 ParOldGen       total 44032K, used 7669K [0x00000000c0000000, 0x00000000c2b00000, 0x00000000eab00000)
  object space 44032K, 17% used [0x00000000c0000000,0x00000000c077d5f0,0x00000000c2b00000)
 Metaspace       used 6120K, capacity 7152K, committed 7296K, reserved 1056768K
  class space    used 590K, capacity 616K, committed 640K, reserved 1048576K
Event: 10.883 GC heap after
Heap after GC invocations=4 (full 0):
 PSYoungGen      total 68096K, used 2557K [0x00000000eab00000, 0x00000000ef000000, 0x0000000100000000)
  eden space 65536K, 0% used [0x00000000eab00000,0x00000000eab00000,0x00000000eeb00000)
  from space 2560K, 99% used [0x00000000eed80000,0x00000000eefff4b8,0x00000000ef000000)
  to   space 2560K, 0% used [0x00000000eeb00000,0x00000000eeb00000,0x00000000eed80000)
 ParOldGen       total 44032K, used 12725K [0x00000000c0000000, 0x00000000c2b00000, 0x00000000eab00000)
  object space 44032K, 28% used [0x00000000c0000000,0x00000000c0c6d660,0x00000000c2b00000)
 Metaspace       used 6120K, capacity 7152K, committed 7296K, reserved 1056768K
  class space    used 590K, capacity 616K, committed 640K, reserved 1048576K
}
Event: 12.318 GC heap before
{Heap before GC invocations=5 (full 0):
 PSYoungGen      total 68096K, used 68093K [0x00000000eab00000, 0x00000000ef000000, 0x0000000100000000)
  eden space 65536K, 100% used [0x00000000eab00000,0x00000000eeb00000,0x00000000eeb00000)
  from space 2560K, 99% used [0x00000000eed80000,0x00000000eefff4b8,0x00000000ef000000)
  to   space 2560K, 0% used [0x00000000eeb00000,0x00000000eeb00000,0x00000000eed80000)
 ParOldGen       total 44032K, used 12725K [0x00000000c0000000, 0x00000000c2b00000, 0x00000000eab00000)
  object space 44032K, 28% used [0x00000000c0000000,0x00000000c0c6d660,0x00000000c2b00000)
 Metaspace       used 6163K, capacity 7152K, committed 7296K, reserved 1056768K
  class space    used 591K, capacity 616K, committed 640K, reserved 1048576K
Event: 12.350 GC heap after
Heap after GC invocations=5 (full 0):
 PSYoungGen      total 68096K, used 2548K [0x00000000eab00000, 0x00000000f4600000, 0x0000000100000000)
  eden space 65536K, 0% used [0x00000000eab00000,0x00000000eab00000,0x00000000eeb00000)
  from space 2560K, 99% used [0x00000000eeb00000,0x00000000eed7d370,0x00000000eed80000)
  to   space 13824K, 0% used [0x00000000f3880000,0x00000000f3880000,0x00000000f4600000)
 ParOldGen       total 44032K, used 23270K [0x00000000c0000000, 0x00000000c2b00000, 0x00000000eab00000)
  object space 44032K, 52% used [0x00000000c0000000,0x00000000c16b9b90,0x00000000c2b00000)
 Metaspace       used 6163K, capacity 7152K, committed 7296K, reserved 1056768K
  class space    used 591K, capacity 616K, committed 640K, reserved 1048576K
}
Event: 13.607 GC heap before
{Heap before GC invocations=6 (full 0):
 PSYoungGen      total 68096K, used 68084K [0x00000000eab00000, 0x00000000f4600000, 0x0000000100000000)
  eden space 65536K, 100% used [0x00000000eab00000,0x00000000eeb00000,0x00000000eeb00000)
  from space 2560K, 99% used [0x00000000eeb00000,0x00000000eed7d370,0x00000000eed80000)
  to   space 13824K, 0% used [0x00000000f3880000,0x00000000f3880000,0x00000000f4600000)
 ParOldGen       total 44032K, used 23270K [0x00000000c0000000, 0x00000000c2b00000, 0x00000000eab00000)
  object space 44032K, 52% used [0x00000000c0000000,0x00000000c16b9b90,0x00000000c2b00000)
 Metaspace       used 6287K, capacity 7160K, committed 7296K, reserved 1056768K
  class space    used 611K, capacity 624K, committed 640K, reserved 1048576K
Event: 13.702 GC heap after
Heap after GC invocations=6 (full 0):
 PSYoungGen      total 143360K, used 11888K [0x00000000eab00000, 0x00000000f4900000, 0x0000000100000000)
  eden space 129536K, 0% used [0x00000000eab00000,0x00000000eab00000,0x00000000f2980000)
  from space 13824K, 86% used [0x00000000f3880000,0x00000000f441c330,0x00000000f4600000)
  to   space 15360K, 0% used [0x00000000f2980000,0x00000000f2980000,0x00000000f3880000)
 ParOldGen       total 44032K, used 23270K [0x00000000c0000000, 0x00000000c2b00000, 0x00000000eab00000)
  object space 44032K, 52% used [0x00000000c0000000,0x00000000c16b9b90,0x00000000c2b00000)
 Metaspace       used 6287K, capacity 7160K, committed 7296K, reserved 1056768K
  class space    used 611K, capacity 624K, committed 640K, reserved 1048576K
}
Event: 16.481 GC heap before
{Heap before GC invocations=7 (full 0):
 PSYoungGen      total 143360K, used 141424K [0x00000000eab00000, 0x00000000f4900000, 0x0000000100000000)
  eden space 129536K, 100% used [0x00000000eab00000,0x00000000f2980000,0x00000000f2980000)
  from space 13824K, 86% used [0x00000000f3880000,0x00000000f441c330,0x00000000f4600000)
  to   space 15360K, 0% used [0x00000000f2980000,0x00000000f2980000,0x00000000f3880000)
 ParOldGen       total 44032K, used 23270K [0x00000000c0000000, 0x00000000c2b00000, 0x00000000eab00000)
  object space 44032K, 52% used [0x00000000c0000000,0x00000000c16b9b90,0x00000000c2b00000)
 Metaspace       used 6682K, capacity 7544K, committed 7680K, reserved 1056768K
  class space    used 629K, capacity 688K, committed 768K, reserved 1048576K
Event: 16.565 GC heap after
Heap after GC invocations=7 (full 0):
 PSYoungGen      total 144896K, used 15349K [0x00000000eab00000, 0x00000000fd900000, 0x0000000100000000)
  eden space 129536K, 0% used [0x00000000eab00000,0x00000000eab00000,0x00000000f2980000)
  from space 15360K, 99% used [0x00000000f2980000,0x00000000f387d550,0x00000000f3880000)
  to   space 25088K, 0% used [0x00000000fc080000,0x00000000fc080000,0x00000000fd900000)
 ParOldGen       total 44032K, used 37096K [0x00000000c0000000, 0x00000000c2b00000, 0x00000000eab00000)
  object space 44032K, 84% used [0x00000000c0000000,0x00000000c243a350,0x00000000c2b00000)
 Metaspace       used 6682K, capacity 7544K, committed 7680K, reserved 1056768K
  class space    used 629K, capacity 688K, committed 768K, reserved 1048576K
}
Event: 16.565 GC heap before
{Heap before GC invocations=8 (full 1):
 PSYoungGen      total 144896K, used 15349K [0x00000000eab00000, 0x00000000fd900000, 0x0000000100000000)
  eden space 129536K, 0% used [0x00000000eab00000,0x00000000eab00000,0x00000000f2980000)
  from space 15360K, 99% used [0x00000000f2980000,0x00000000f387d550,0x00000000f3880000)
  to   space 25088K, 0% used [0x00000000fc080000,0x00000000fc080000,0x00000000fd900000)
 ParOldGen       total 44032K, used 37096K [0x00000000c0000000, 0x00000000c2b00000, 0x00000000eab00000)
  object space 44032K, 84% used [0x00000000c0000000,0x00000000c243a350,0x00000000c2b00000)
 Metaspace       used 6682K, capacity 7544K, committed 7680K, reserved 1056768K
  class space    used 629K, capacity 688K, committed 768K, reserved 1048576K
Event: 17.340 GC heap after
Heap after GC invocations=8 (full 1):
 PSYoungGen      total 144896K, used 0K [0x00000000eab00000, 0x00000000fd900000, 0x0000000100000000)
  eden space 129536K, 0% used [0x00000000eab00000,0x00000000eab00000,0x00000000f2980000)
  from space 15360K, 0% used [0x00000000f2980000,0x00000000f2980000,0x00000000f3880000)
  to   space 25088K, 0% used [0x00000000fc080000,0x00000000fc080000,0x00000000fd900000)
 ParOldGen       total 77824K, used 38651K [0x00000000c0000000, 0x00000000c4c00000, 0x00000000eab00000)
  object space 77824K, 49% used [0x00000000c0000000,0x00000000c25beff0,0x00000000c4c00000)
 Metaspace       used 6682K, capacity 7544K, committed 7680K, reserved 1056768K
  class space    used 629K, capacity 688K, committed 768K, reserved 1048576K
}

Deoptimization events (10 events):
Event: 15.116 Thread 0x00000000168e4800 Uncommon trap: reason=class_check action=maybe_recompile pc=0x0000000002b30f98 method=java.util.Arrays.hashCode([Ljava/lang/Object;)I @ 43
Event: 15.117 Thread 0x00000000168e4800 Uncommon trap: reason=class_check action=maybe_recompile pc=0x0000000002b37df8 method=java.util.Arrays.hashCode([Ljava/lang/Object;)I @ 43
Event: 15.481 Thread 0x00000000168e4800 Uncommon trap: reason=unstable_if action=reinterpret pc=0x0000000003142b74 method=java.util.HashMap.putVal(ILjava/lang/Object;Ljava/lang/Object;ZZ)Ljava/lang/Object; @ 109
Event: 15.902 Thread 0x00000000168e4800 Uncommon trap: reason=unstable_if action=reinterpret pc=0x0000000002a4626c method=java.util.Arrays.equals([Ljava/lang/Object;[Ljava/lang/Object;)Z @ 23
Event: 15.954 Thread 0x00000000168e4800 Uncommon trap: reason=unstable_if action=reinterpret pc=0x00000000031a808c method=com.android.dx.dex.code.OutputFinisher.findOpcodeForInsn(Lcom/android/dx/dex/code/DalvInsn;Lcom/android/dx/dex/code/Dop;)Lcom/android/dx/dex/code/Dop; @ 1
Event: 16.079 Thread 0x00000000168e4800 Uncommon trap: reason=unstable_if action=reinterpret pc=0x0000000002f26efc method=java.util.TreeMap.put(Ljava/lang/Object;Ljava/lang/Object;)Ljava/lang/Object; @ 163
Event: 17.407 Thread 0x00000000168e4800 Uncommon trap: reason=unstable_if action=reinterpret pc=0x0000000003239cd0 method=com.android.dx.dex.code.StdCatchBuilder.handlersFor(Lcom/android/dx/rop/code/BasicBlock;Lcom/android/dx/dex/code/BlockAddresses;)Lcom/android/dx/dex/code/CatchHandlerList; @ eƒ2|ÎW2@
Event: 18.343 Thread 0x00000000168e4800 Uncommon trap: reason=unstable_if action=reinterpret pc=0x000000000319b3b8 method=java.util.ArrayList.<init>(I)V @ 5
Event: 18.868 Thread 0x00000000168e4800 Uncommon trap: reason=unstable_if action=reinterpret pc=0x0000000002a1c23c method=java.lang.Long.numberOfTrailingZeros(J)I @ 3
Event: 19.029 Thread 0x00000000168e4800 Uncommon trap: reason=unstable_if action=reinterpret pc=0x0000000003289684 method=com.android.dx.util.ByteArrayAnnotatedOutput.writeByte(I)V @ 13

Internal exceptions (6 events):
Event: 0.058 Thread 0x000000000251d800 Exception <a 'java/lang/NoSuchMethodError': Method sun.misc.Unsafe.defineClass(Ljava/lang/String;[BII)Ljava/lang/Class; name or signature does not match> (0x00000000eab07cc0) thrown at [C:\re\workspace\8-2-build-windows-amd64-cygwin\jdk8u101\7261\hotspot\sÐ8ÑZ¥­?
Event: 0.058 Thread 0x000000000251d800 Exception <a 'java/lang/NoSuchMethodError': Method sun.misc.Unsafe.prefetchRead(Ljava/lang/Object;J)V name or signature does not match> (0x00000000eab07fa8) thrown at [C:\re\workspace\8-2-build-windows-amd64-cygwin\jdk8u101\7261\hotspot\src\share\vm\prims\ò`1]î#@
Event: 9.966 Thread 0x00000000168e9800 Implicit null exception at 0x0000000002d0fa6c to 0x0000000002d11fa9
Event: 12.543 Thread 0x00000000168e8000 Exception <a 'java/lang/ArrayIndexOutOfBoundsException': 18> (0x00000000ec1a6490) thrown at [C:\re\workspace\8-2-build-windows-amd64-cygwin\jdk8u101\7261\hotspot\src\share\vm\interpreter\interpreterRuntime.cpp, line 366]
Event: 12.544 Thread 0x00000000168e8000 Exception <a 'java/lang/ArrayIndexOutOfBoundsException'> (0x00000000ec1a8010) thrown at [C:\re\workspace\8-2-build-windows-amd64-cygwin\jdk8u101\7261\hotspot\src\share\vm\runtime\sharedRuntime.cpp, line 605]
Event: 12.548 Thread 0x00000000168e8000 Exception <a 'java/lang/ArrayIndexOutOfBoundsException'> (0x00000000ec1a92f8) thrown at [C:\re\workspace\8-2-build-windows-amd64-cygwin\jdk8u101\7261\hotspot\src\share\vm\runtime\sharedRuntime.cpp, line 605]

Events (10 events):
Event: 18.868 Thread 0x00000000168e4800 Uncommon trap: trap_request=0xffffff65 fr.pc=0x0000000002a1c23c
Event: 18.868 Thread 0x00000000168e4800 DEOPT PACKING pc=0x0000000002a1c23c sp=0x0000000018b0ebb0
Event: 18.868 Thread 0x00000000168e4800 DEOPT UNPACKING pc=0x000000000276582a sp=0x0000000018b0eb40 mode 2
Event: 18.886 loading class com/android/dx/dex/file/MapItem
Event: 18.886 loading class com/android/dx/dex/file/MapItem done
Event: 18.978 loading class com/android/dex/DexFormat
Event: 18.978 loading class com/android/dex/DexFormat done
Event: 19.029 Thread 0x00000000168e4800 Uncommon trap: trap_request=0xffffff65 fr.pc=0x0000000003289684
Event: 19.029 Thread 0x00000000168e4800 DEOPT PACKING pc=0x0000000003289684 sp=0x0000000018b0edb0
Event: 19.029 Thread 0x00000000168e4800 DEOPT UNPACKING pc=0x000000000276582a sp=0x0000000018b0ed68 mode 2


Dynamic libraries:
0x00007ff768130000 - 0x00007ff768167000 	C:\Program Files\Java\jdk1.8.0_101\bin\java.exe
0x00007ffe4ddf0000 - 0x00007ffe4dfc1000 	C:\WINDOWS\SYSTEM32\ntdll.dll
0x00007ffe4d980000 - 0x00007ffe4da2b000 	C:\WINDOWS\System32\KERNEL32.DLL
0x00007ffe4ad90000 - 0x00007ffe4afad000 	C:\WINDOWS\System32\KERNELBASE.dll
0x00007ffe4dd00000 - 0x00007ffe4dda2000 	C:\WINDOWS\System32\ADVAPI32.dll
0x00007ffe4dba0000 - 0x00007ffe4dc3e000 	C:\WINDOWS\System32\msvcrt.dll
0x00007ffe4b380000 - 0x00007ffe4b3d9000 	C:\WINDOWS\System32\sechost.dll
0x00007ffe4d6a0000 - 0x00007ffe4d7c1000 	C:\WINDOWS\System32\RPCRT4.dll
0x00007ffe4cf70000 - 0x00007ffe4d0d5000 	C:\WINDOWS\System32\USER32.dll
0x00007ffe4a590000 - 0x00007ffe4a5ae000 	C:\WINDOWS\System32\win32u.dll
0x00007ffe4ddb0000 - 0x00007ffe4dde4000 	C:\WINDOWS\System32\GDI32.dll
0x00007ffe4afb0000 - 0x00007ffe4b132000 	C:\WINDOWS\System32\gdi32full.dll
0x00007ffe3bf30000 - 0x00007ffe3c1a9000 	C:\WINDOWS\WinSxS\amd64_microsoft.windows.common-controls_6595b64144ccf1df_6.0.14393.447_none_42191651c6827bb3\COMCTL32.dll
0x00007ffe4b5a0000 - 0x00007ffe4b868000 	C:\WINDOWS\System32\combase.dll
0x00007ffe4a340000 - 0x00007ffe4a435000 	C:\WINDOWS\System32\ucrtbase.dll
0x00007ffe4b310000 - 0x00007ffe4b37a000 	C:\WINDOWS\System32\bcryptPrimitives.dll
0x00007ffe4cd80000 - 0x00007ffe4cdae000 	C:\WINDOWS\System32\IMM32.DLL
0x000000005f1a0000 - 0x000000005f272000 	C:\Program Files\Java\jdk1.8.0_101\jre\bin\msvcr100.dll
0x000000005f710000 - 0x000000005ffaa000 	C:\Program Files\Java\jdk1.8.0_101\jre\bin\server\jvm.dll
0x00007ffe4d0e0000 - 0x00007ffe4d0e8000 	C:\WINDOWS\System32\PSAPI.DLL
0x00007ffe47c90000 - 0x00007ffe47c99000 	C:\WINDOWS\SYSTEM32\WSOCK32.dll
0x00007ffe4d160000 - 0x00007ffe4d1ca000 	C:\WINDOWS\System32\WS2_32.dll
0x00007ffe3b840000 - 0x00007ffe3b84a000 	C:\WINDOWS\SYSTEM32\VERSION.dll
0x00007ffe48760000 - 0x00007ffe48783000 	C:\WINDOWS\SYSTEM32\WINMM.dll
0x00007ffe48700000 - 0x00007ffe4872b000 	C:\WINDOWS\SYSTEM32\WINMMBASE.dll
0x00007ffe4a660000 - 0x00007ffe4a6a2000 	C:\WINDOWS\System32\cfgmgr32.dll
0x000000005f620000 - 0x000000005f62f000 	C:\Program Files\Java\jdk1.8.0_101\jre\bin\verify.dll
0x000000005f5f0000 - 0x000000005f619000 	C:\Program Files\Java\jdk1.8.0_101\jre\bin\java.dll
0x000000005f5d0000 - 0x000000005f5e6000 	C:\Program Files\Java\jdk1.8.0_101\jre\bin\zip.dll
0x00007ffe4b870000 - 0x00007ffe4cd79000 	C:\WINDOWS\System32\SHELL32.dll
0x00007ffe4a6b0000 - 0x00007ffe4ad8a000 	C:\WINDOWS\System32\windows.storage.dll
0x00007ffe4a280000 - 0x00007ffe4a2cc000 	C:\WINDOWS\System32\powrprof.dll
0x00007ffe4cdb0000 - 0x00007ffe4ce02000 	C:\WINDOWS\System32\shlwapi.dll
0x00007ffe4a250000 - 0x00007ffe4a25f000 	C:\WINDOWS\System32\kernel.appcore.dll
0x00007ffe4a5b0000 - 0x00007ffe4a659000 	C:\WINDOWS\System32\shcore.dll
0x00007ffe4a260000 - 0x00007ffe4a274000 	C:\WINDOWS\System32\profapi.dll

VM Arguments:
jvm_args: -Djava.awt.headless=true -Xmx1024M -Dfile.encoding=windows-1252 -Duser.country=US -Duser.language=en -Duser.variant 
java_command: com.android.dx.command.Main --dex --force-jumbo --num-threads=4 --multi-dex --output D:\Code\parker-android\ParkerApp\app\build\intermediates\transforms\dex\debug\folders\1000\10\com.android.support-appcompat-v7-25.0.1_0a9f4502ebdf362ecc5677f76f0666cad9574e94 D:\Code\parker-android\ParkerApp\app\build\intermediates\exploded-aar\com.android.support\appcompat-v7\25.0.1\jars\classes.jar
java_class_path (initial): C:\Users\Eric\AppData\Local\Android\sdk\build-tools\24.0.2\lib\dx.jar
Launcher Type: SUN_STANDARD

Environment Variables:
JAVA_HOME=C:\Program Files\Java\jdk1.8.0_101
PATH=C:\ProgramData\Oracle\Java\javapath;C:\Program Files\PHP\v7.0;c:\watcom-1.3\binnt;c:\watcom-1.3\binw;C:\WINDOWS\system32;C:\WINDOWS;C:\WINDOWS\System32\Wbem;C:\WINDOWS\System32\WindowsPowerShell\v1.0\;C:\Users\Eric\.dnx\bin;C:\Program Files\Microsoft DNX\Dnvm\;C:\Program Files (x86)\Skype\Phone\;C:\Program Files\Microsoft SQL Server\Client SDK\ODBC\110\Tools\Binn\;C:\Program Files (x86)\Microsoft SQL Server\120\Tools\Binn\ManagementStudio\;C:\Program Files (x86)\Microsoft SQL Server\120\Tools\Binn\;C:\Program Files\Microsoft SQL Server\120\Tools\Binn\;C:\Program Files (x86)\Microsoft SQL Server\120\DTS\Binn\;C:\Program Files\Microsoft SQL Server\120\DTS\Binn\;C:\Users\Eric\AppData\Roaming\npm;C:\Users\Eric\AppData\Local\Programs\Python\Python35-32;C:\WINDOWS\system32\config\systemprofile\.dnx\bin;C:\Program Files (x86)\nodejs\;C:\Program Files (x86)\Microsoft Emulator Manager\1.0\;C:\Program Files\Git\cmd;C:\Program Files (x86)\Windows Kits\10\Windows Performance Toolkit\;C:\WINDOWS\system32;C:\WINDOWS;C:\WINDOWS\System32\Wbem;C:\WINDOWS\System32\WindowsPowerShell\v1.0\;C:\Program Files\MySQL\MySQL Utilities 1.6\;C:\Ruby23-x64\bin;C:\Users\Eric\AppData\Roaming\npm;C:\Users\Eric\AppData\Local\Microsoft\WindowsApps;C:\Program Files\Java\jdk1.8.0_101\bin;C:\Users\Eric\apache-ant-1.9.7\bin;C:\Users\Eric\AppData\Local\Android\sdk\tools;C:\Users\Eric\AppData\Local\Android\sdk\platform-tools;C:\Program Files (x86)\Microsoft VS Code\bin;C:\Users\Eric\AppData\Local\atom\bin
USERNAME=Eric
OS=Windows_NT
PROCESSOR_IDENTIFIER=Intel64 Family 6 Model 58 Stepping 9, GenuineIntel



---------------  S Y S T E M  ---------------

OS: Windows 10.0 , 64 bit Build 14393 (10.0.14393.0)

CPU:total 4 (2 cores per cpu, 2 threads per core) family 6 model 58 stepping 9, cmov, cx8, fxsr, mmx, sse, sse2, sse3, ssse3, sse4.1, sse4.2, popcnt, avx, aes, clmul, erms, ht, tsc, tscinvbit, tscinv

Memory: 4k page, physical 4075224k(444884k free), swap 7983332k(2324k free)

vm_info: Java HotSpot(TM) 64-Bit Server VM (25.101-b13) for windows-amd64 JRE (1.8.0_101-b13), built on Jun 22 2016 01:21:29 by "java_re" with MS VC++ 10.0 (VS2010)

time: Thu Mar 16 00:05:54 2017
elapsed time: 19 seconds (0d 0h 0m 19s)

