#
# There is insufficient memory for the Java Runtime Environment to continue.
# Native memory allocation (malloc) failed to allocate 189616 bytes for Chunk::new
# Possible reasons:
#   The system is out of physical RAM or swap space
#   In 32 bit mode, the process size limit was hit
# Possible solutions:
#   Reduce memory load on the system
#   Increase physical memory or swap space
#   Check if swap backing store is full
#   Use 64 bit Java on a 64 bit OS
#   Decrease Java heap size (-Xmx/-Xms)
#   Decrease number of Java threads
#   Decrease Java thread stack sizes (-Xss)
#   Set larger code cache with -XX:ReservedCodeCacheSize=
# This output file may be truncated or incomplete.
#
#  Out of Memory Error (allocation.cpp:390), pid=5092, tid=0x00000000000001dc
#
# JRE version: Java(TM) SE Runtime Environment (8.0_101-b13) (build 1.8.0_101-b13)
# Java VM: Java HotSpot(TM) 64-Bit Server VM (25.101-b13 mixed mode windows-amd64 compressed oops)
# Failed to write core dump. Minidumps are not enabled by default on client versions of Windows
#

---------------  T H R E A D  ---------------

Current thread (0x0000000014dde800):  JavaThread "C2 CompilerThread0" daemon [_thread_in_native, id=476, stack(0x0000000016450000,0x0000000016550000)]

Stack: [0x0000000016450000,0x0000000016550000]
[error occurred during error reporting (printing stack bounds), id 0xc0000005]

Native frames: (J=compiled Java code, j=interpreted, Vv=VM code, C=native code)


Current CompileTask:
C2:   2559  999       4       com.android.dx.ssa.back.LivenessAnalyzer::handleTailRecursion (94 bytes)


---------------  P R O C E S S  ---------------

Java Threads: ( => current thread )
  0x00000000169da000 JavaThread "pool-2-thread-4" [_thread_in_Java, id=7704, stack(0x0000000017150000,0x0000000017250000)]
  0x0000000016a1b800 JavaThread "pool-2-thread-3" [_thread_in_Java, id=3640, stack(0x0000000017050000,0x0000000017150000)]
  0x00000000169e4800 JavaThread "pool-2-thread-2" [_thread_in_Java, id=8084, stack(0x0000000016f50000,0x0000000017050000)]
  0x00000000169e4000 JavaThread "pool-3-thread-1" [_thread_blocked, id=7280, stack(0x0000000016e50000,0x0000000016f50000)]
  0x00000000169e7800 JavaThread "pool-2-thread-1" [_thread_in_Java, id=7252, stack(0x0000000016d50000,0x0000000016e50000)]
  0x0000000016758000 JavaThread "Service Thread" daemon [_thread_blocked, id=7208, stack(0x0000000016b50000,0x0000000016c50000)]
  0x0000000014e3b800 JavaThread "C1 CompilerThread2" daemon [_thread_blocked, id=5388, stack(0x0000000016650000,0x0000000016750000)]
  0x0000000014de0800 JavaThread "C2 CompilerThread1" daemon [_thread_blocked, id=2128, stack(0x0000000016550000,0x0000000016650000)]
=>0x0000000014dde800 JavaThread "C2 CompilerThread0" daemon [_thread_in_native, id=476, stack(0x0000000016450000,0x0000000016550000)]
  0x0000000014ddb800 JavaThread "Attach Listener" daemon [_thread_blocked, id=12224, stack(0x0000000016350000,0x0000000016450000)]
  0x0000000014dda000 JavaThread "Signal Dispatcher" daemon [_thread_blocked, id=7192, stack(0x0000000016250000,0x0000000016350000)]
  0x0000000014dca000 JavaThread "Finalizer" daemon [_thread_blocked, id=8604, stack(0x0000000016060000,0x0000000016160000)]
  0x0000000014da9000 JavaThread "Reference Handler" daemon [_thread_blocked, id=2880, stack(0x0000000015f60000,0x0000000016060000)]
  0x000000000247d800 JavaThread "main" [_thread_in_Java, id=9564, stack(0x0000000002510000,0x0000000002610000)]

Other Threads:
  0x0000000014da7000 VMThread [stack: 0x0000000015e60000,0x0000000015f60000] [id=9184]
  0x000000001675c800 WatcherThread [stack: 0x0000000016c50000,0x0000000016d50000] [id=5748]

VM state:not at safepoint (normal execution)

VM Mutex/Monitor currently owned by a thread: None

Heap:
 PSYoungGen      total 18944K, used 6317K [0x00000000eab00000, 0x00000000ec000000, 0x0000000100000000)
  eden space 16384K, 23% used [0x00000000eab00000,0x00000000eaeb1a70,0x00000000ebb00000)
  from space 2560K, 99% used [0x00000000ebd80000,0x00000000ebff9c88,0x00000000ec000000)
  to   space 2560K, 0% used [0x00000000ebb00000,0x00000000ebb00000,0x00000000ebd80000)
 ParOldGen       total 44032K, used 2787K [0x00000000c0000000, 0x00000000c2b00000, 0x00000000eab00000)
  object space 44032K, 6% used [0x00000000c0000000,0x00000000c02b8c40,0x00000000c2b00000)
 Metaspace       used 5844K, capacity 6896K, committed 7040K, reserved 1056768K
  class space    used 589K, capacity 616K, committed 640K, reserved 1048576K

Card table byte_map: [0x0000000011ad0000,0x0000000011ce0000] byte_map_base: 0x00000000114d0000

Marking Bits: (ParMarkBitMap*) 0x000000006a66a6d0
 Begin Bits: [0x0000000012240000, 0x0000000013240000)
 End Bits:   [0x0000000013240000, 0x0000000014240000)

Polling page: 0x0000000000c90000

CodeCache: size=245760Kb used=4140Kb max_used=4153Kb free=241619Kb
 bounds [0x0000000002710000, 0x0000000002b30000, 0x0000000011710000]
 total_blobs=1310 nmethods=1046 adapters=176
 compilation: disabled (not enough contiguous free space left)

Compilation events (10 events):
Event: 2.340 Thread 0x0000000014e3b800 nmethod 1015 0x0000000002b0d590 code [0x0000000002b0d700, 0x0000000002b0dad0]
Event: 2.340 Thread 0x0000000014e3b800 1022       1       com.android.dx.cf.iface.StdMember::getDefiningClass (5 bytes)
Event: 2.340 Thread 0x0000000014e3b800 nmethod 1022 0x0000000002b0dc50 code [0x0000000002b0dda0, 0x0000000002b0deb0]
Event: 2.340 Thread 0x0000000014e3b800 1008       1       com.android.dx.ssa.PhiInsn::getOriginalRopInsn (2 bytes)
Event: 2.340 Thread 0x0000000014e3b800 nmethod 1008 0x0000000002b0df10 code [0x0000000002b0e060, 0x0000000002b0e170]
Event: 2.340 Thread 0x0000000014e3b800 1034       1       com.android.dx.rop.cst.CstKnownNull::hashCode (3 bytes)
Event: 2.341 Thread 0x0000000014e3b800 nmethod 1034 0x0000000002b0e1d0 code [0x0000000002b0e320, 0x0000000002b0e430]
Event: 2.341 Thread 0x0000000014e3b800 1039       1       com.android.dx.ssa.PhiInsn::getOpcode (2 bytes)
Event: 2.341 Thread 0x0000000014e3b800 nmethod 1039 0x0000000002b0e490 code [0x0000000002b0e5e0, 0x0000000002b0e6f0]
Event: 2.341 Thread 0x0000000014e3b800 1043       3       com.android.dx.rop.code.BasicBlockList::forEachInsn (39 bytes)

GC Heap History (2 events):
Event: 1.426 GC heap before
{Heap before GC invocations=1 (full 0):
 PSYoungGen      total 18944K, used 16384K [0x00000000eab00000, 0x00000000ec000000, 0x0000000100000000)
  eden space 16384K, 100% used [0x00000000eab00000,0x00000000ebb00000,0x00000000ebb00000)
  from space 2560K, 0% used [0x00000000ebd80000,0x00000000ebd80000,0x00000000ec000000)
  to   space 2560K, 0% used [0x00000000ebb00000,0x00000000ebb00000,0x00000000ebd80000)
 ParOldGen       total 44032K, used 0K [0x00000000c0000000, 0x00000000c2b00000, 0x00000000eab00000)
  object space 44032K, 0% used [0x00000000c0000000,0x00000000c0000000,0x00000000c2b00000)
 Metaspace       used 5511K, capacity 6576K, committed 6784K, reserved 1056768K
  class space    used 582K, capacity 616K, committed 640K, reserved 1048576K
Event: 1.620 GC heap after
Heap after GC invocations=1 (full 0):
 PSYoungGen      total 18944K, used 2549K [0x00000000eab00000, 0x00000000ec000000, 0x0000000100000000)
  eden space 16384K, 0% used [0x00000000eab00000,0x00000000eab00000,0x00000000ebb00000)
  from space 2560K, 99% used [0x00000000ebb00000,0x00000000ebd7d570,0x00000000ebd80000)
  to   space 2560K, 0% used [0x00000000ebd80000,0x00000000ebd80000,0x00000000ec000000)
 ParOldGen       total 44032K, used 871K [0x00000000c0000000, 0x00000000c2b00000, 0x00000000eab00000)
  object space 44032K, 1% used [0x00000000c0000000,0x00000000c00d9c48,0x00000000c2b00000)
 Metaspace       used 5511K, capacity 6576K, committed 6784K, reserved 1056768K
  class space    used 582K, capacity 616K, committed 640K, reserved 1048576K
}

Deoptimization events (10 events):
Event: 1.657 Thread 0x0000000016a1b800 Uncommon trap: reason=class_check action=maybe_recompile pc=0x00000000029ac494 method=com.android.dx.ssa.NormalSsaInsn.accept(Lcom/android/dx/ssa/SsaInsn$Visitor;)V @ 9
Event: 1.679 Thread 0x00000000169e4800 Uncommon trap: reason=unstable_if action=reinterpret pc=0x0000000002919214 method=java.util.HashMap.getNode(ILjava/lang/Object;)Ljava/util/HashMap$Node; @ 129
Event: 1.685 Thread 0x00000000169e4800 Uncommon trap: reason=unstable_if action=reinterpret pc=0x0000000002964574 method=java.util.BitSet.ensureCapacity(I)V @ 6
Event: 1.685 Thread 0x00000000169e4800 Uncommon trap: reason=unstable_if action=reinterpret pc=0x000000000292d370 method=java.util.BitSet.nextSetBit(I)I @ 87
Event: 1.957 Thread 0x0000000016a1b800 Uncommon trap: reason=unstable_if action=reinterpret pc=0x000000000297db04 method=java.util.HashMap.getNode(ILjava/lang/Object;)Ljava/util/HashMap$Node; @ 129
Event: 2.099 Thread 0x00000000169e4800 Uncommon trap: reason=unstable_if action=reinterpret pc=0x00000000029eb0dc method=com.android.dx.rop.cst.Constant.compareTo(Lcom/android/dx/rop/cst/Constant;)I @ 12
Event: 2.305 Thread 0x00000000169da000 Uncommon trap: reason=class_check action=maybe_recompile pc=0x00000000029ac494 method=com.android.dx.ssa.NormalSsaInsn.accept(Lcom/android/dx/ssa/SsaInsn$Visitor;)V @ 9
Event: 2.305 Thread 0x00000000169da000 Uncommon trap: reason=class_check action=maybe_recompile pc=0x00000000029ac494 method=com.android.dx.ssa.NormalSsaInsn.accept(Lcom/android/dx/ssa/SsaInsn$Visitor;)V @ 9
Event: 2.306 Thread 0x00000000169da000 Uncommon trap: reason=class_check action=maybe_recompile pc=0x00000000029ac494 method=com.android.dx.ssa.NormalSsaInsn.accept(Lcom/android/dx/ssa/SsaInsn$Visitor;)V @ 9
Event: 2.306 Thread 0x00000000169da000 Uncommon trap: reason=class_check action=maybe_recompile pc=0x000000000295f770 method=com.android.dx.ssa.NormalSsaInsn.accept(Lcom/android/dx/ssa/SsaInsn$Visitor;)V @ 9

Internal exceptions (2 events):
Event: 0.081 Thread 0x000000000247d800 Exception <a 'java/lang/NoSuchMethodError': Method sun.misc.Unsafe.defineClass(Ljava/lang/String;[BII)Ljava/lang/Class; name or signature does not match> (0x00000000eab07cc0) thrown at [C:\re\workspace\8-2-build-windows-amd64-cygwin\jdk8u101\7261\hotspot\s”êÖ1æ¥?
Event: 0.081 Thread 0x000000000247d800 Exception <a 'java/lang/NoSuchMethodError': Method sun.misc.Unsafe.prefetchRead(Ljava/lang/Object;J)V name or signature does not match> (0x00000000eab07fa8) thrown at [C:\re\workspace\8-2-build-windows-amd64-cygwin\jdk8u101\7261\hotspot\src\share\vm\prims\

Events (10 events):
Event: 2.305 Thread 0x00000000169da000 DEOPT UNPACKING pc=0x000000000275582a sp=0x000000001724e980 mode 2
Event: 2.305 Thread 0x00000000169da000 Uncommon trap: trap_request=0xffffffde fr.pc=0x00000000029ac494
Event: 2.305 Thread 0x00000000169da000 DEOPT PACKING pc=0x00000000029ac494 sp=0x000000001724e750
Event: 2.305 Thread 0x00000000169da000 DEOPT UNPACKING pc=0x000000000275582a sp=0x000000001724e690 mode 2
Event: 2.306 Thread 0x00000000169da000 Uncommon trap: trap_request=0xffffffde fr.pc=0x00000000029ac494
Event: 2.306 Thread 0x00000000169da000 DEOPT PACKING pc=0x00000000029ac494 sp=0x000000001724ea10
Event: 2.306 Thread 0x00000000169da000 DEOPT UNPACKING pc=0x000000000275582a sp=0x000000001724e950 mode 2
Event: 2.306 Thread 0x00000000169da000 Uncommon trap: trap_request=0xffffffde fr.pc=0x000000000295f770
Event: 2.306 Thread 0x00000000169da000 DEOPT PACKING pc=0x000000000295f770 sp=0x000000001724e9d0
Event: 2.307 Thread 0x00000000169da000 DEOPT UNPACKING pc=0x000000000275582a sp=0x000000001724e970 mode 2


Dynamic libraries:
0x00007ff775ca0000 - 0x00007ff775cd7000 	C:\Program Files\Java\jdk1.8.0_101\bin\java.exe
0x00007ffdc4c20000 - 0x00007ffdc4df1000 	C:\WINDOWS\SYSTEM32\ntdll.dll
0x00007ffdc4b70000 - 0x00007ffdc4c1b000 	C:\WINDOWS\System32\KERNEL32.DLL
0x00007ffdc1220000 - 0x00007ffdc143d000 	C:\WINDOWS\System32\KERNELBASE.dll
0x00007ffdc28e0000 - 0x00007ffdc2982000 	C:\WINDOWS\System32\ADVAPI32.dll
0x00007ffdc2680000 - 0x00007ffdc271e000 	C:\WINDOWS\System32\msvcrt.dll
0x00007ffdc4490000 - 0x00007ffdc44e9000 	C:\WINDOWS\System32\sechost.dll
0x00007ffdc21b0000 - 0x00007ffdc22d1000 	C:\WINDOWS\System32\RPCRT4.dll
0x00007ffdc2a60000 - 0x00007ffdc2bc5000 	C:\WINDOWS\System32\USER32.dll
0x00007ffdc1be0000 - 0x00007ffdc1bfe000 	C:\WINDOWS\System32\win32u.dll
0x00007ffdc2420000 - 0x00007ffdc2454000 	C:\WINDOWS\System32\GDI32.dll
0x00007ffdc1e50000 - 0x00007ffdc1fd2000 	C:\WINDOWS\System32\gdi32full.dll
0x00007ffdb43f0000 - 0x00007ffdb4669000 	C:\WINDOWS\WinSxS\amd64_microsoft.windows.common-controls_6595b64144ccf1df_6.0.14393.447_none_42191651c6827bb3\COMCTL32.dll
0x00007ffdc2bd0000 - 0x00007ffdc2e98000 	C:\WINDOWS\System32\combase.dll
0x00007ffdc1d50000 - 0x00007ffdc1e45000 	C:\WINDOWS\System32\ucrtbase.dll
0x00007ffdc1440000 - 0x00007ffdc14aa000 	C:\WINDOWS\System32\bcryptPrimitives.dll
0x00007ffdc22e0000 - 0x00007ffdc230e000 	C:\WINDOWS\System32\IMM32.DLL
0x00000000698e0000 - 0x00000000699b2000 	C:\Program Files\Java\jdk1.8.0_101\jre\bin\msvcr100.dll
0x0000000069e50000 - 0x000000006a6ea000 	C:\Program Files\Java\jdk1.8.0_101\jre\bin\server\jvm.dll
0x00007ffdc2460000 - 0x00007ffdc2468000 	C:\WINDOWS\System32\PSAPI.DLL
0x00007ffdb8000000 - 0x00007ffdb8009000 	C:\WINDOWS\SYSTEM32\WSOCK32.dll
0x00007ffdc29f0000 - 0x00007ffdc2a5a000 	C:\WINDOWS\System32\WS2_32.dll
0x00007ffdbebe0000 - 0x00007ffdbec03000 	C:\WINDOWS\SYSTEM32\WINMM.dll
0x00007ffdbf5d0000 - 0x00007ffdbf5da000 	C:\WINDOWS\SYSTEM32\VERSION.dll
0x00007ffdbeb80000 - 0x00007ffdbebab000 	C:\WINDOWS\SYSTEM32\WINMMBASE.dll
0x00007ffdc14b0000 - 0x00007ffdc14f2000 	C:\WINDOWS\System32\cfgmgr32.dll
0x0000000069d60000 - 0x0000000069d6f000 	C:\Program Files\Java\jdk1.8.0_101\jre\bin\verify.dll
0x0000000069d30000 - 0x0000000069d59000 	C:\Program Files\Java\jdk1.8.0_101\jre\bin\java.dll
0x0000000069d10000 - 0x0000000069d26000 	C:\Program Files\Java\jdk1.8.0_101\jre\bin\zip.dll
0x00007ffdc2ea0000 - 0x00007ffdc43a9000 	C:\WINDOWS\System32\SHELL32.dll
0x00007ffdc1500000 - 0x00007ffdc1bda000 	C:\WINDOWS\System32\windows.storage.dll
0x00007ffdc10c0000 - 0x00007ffdc110c000 	C:\WINDOWS\System32\powrprof.dll
0x00007ffdc2720000 - 0x00007ffdc2772000 	C:\WINDOWS\System32\shlwapi.dll
0x00007ffdc10b0000 - 0x00007ffdc10bf000 	C:\WINDOWS\System32\kernel.appcore.dll
0x00007ffdc1110000 - 0x00007ffdc11b9000 	C:\WINDOWS\System32\shcore.dll
0x00007ffdc1080000 - 0x00007ffdc1094000 	C:\WINDOWS\System32\profapi.dll

VM Arguments:
jvm_args: -Djava.awt.headless=true -Xmx1024M -Dfile.encoding=windows-1252 -Duser.country=US -Duser.language=en -Duser.variant 
java_command: com.android.dx.command.Main --dex --force-jumbo --num-threads=4 --multi-dex --output D:\Code\parker-android\ParkerApp\app\build\intermediates\transforms\dex\debug\folders\1000\10\internal_impl-25.0.1_40c78c1e2ab22298e577d98c5cd0e5315e854755 D:\Code\parker-android\ParkerApp\app\build\intermediates\exploded-aar\com.android.support\support-compat\25.0.1\jars\libs\internal_impl-25.0.1.jar
java_class_path (initial): C:\Users\Eric\AppData\Local\Android\sdk\build-tools\24.0.2\lib\dx.jar
Launcher Type: SUN_STANDARD

Environment Variables:
JAVA_HOME=C:\Program Files\Java\jdk1.8.0_101
PATH=C:\ProgramData\Oracle\Java\javapath;C:\Program Files\PHP\v7.0;c:\watcom-1.3\binnt;c:\watcom-1.3\binw;C:\WINDOWS\system32;C:\WINDOWS;C:\WINDOWS\System32\Wbem;C:\WINDOWS\System32\WindowsPowerShell\v1.0\;C:\Users\Eric\.dnx\bin;C:\Program Files\Microsoft DNX\Dnvm\;C:\Program Files (x86)\Skype\Phone\;C:\Program Files\Microsoft SQL Server\Client SDK\ODBC\110\Tools\Binn\;C:\Program Files (x86)\Microsoft SQL Server\120\Tools\Binn\ManagementStudio\;C:\Program Files (x86)\Microsoft SQL Server\120\Tools\Binn\;C:\Program Files\Microsoft SQL Server\120\Tools\Binn\;C:\Program Files (x86)\Microsoft SQL Server\120\DTS\Binn\;C:\Program Files\Microsoft SQL Server\120\DTS\Binn\;C:\Users\Eric\AppData\Roaming\npm;C:\Users\Eric\AppData\Local\Programs\Python\Python35-32;C:\Users\Eric\.dnx\bin;C:\Program Files (x86)\nodejs\;C:\Program Files (x86)\Microsoft Emulator Manager\1.0\;C:\Program Files\Git\cmd;C:\Program Files (x86)\Windows Kits\10\Windows Performance Toolkit\;C:\WINDOWS\system32;C:\WINDOWS;C:\WINDOWS\System32\Wbem;C:\WINDOWS\System32\WindowsPowerShell\v1.0\;C:\Program Files\MySQL\MySQL Utilities 1.6\;C:\Ruby23-x64\bin;C:\Users\Eric\AppData\Roaming\npm;C:\Users\Eric\AppData\Local\Microsoft\WindowsApps;C:\Program Files\Java\jdk1.8.0_101\bin;C:\Users\Eric\apache-ant-1.9.7\bin;C:\Users\Eric\AppData\Local\Android\sdk\tools;C:\Users\Eric\AppData\Local\Android\sdk\platform-tools;C:\Program Files (x86)\Microsoft VS Code\bin;C:\Users\Eric\AppData\Local\atom\bin
USERNAME=Eric
OS=Windows_NT
PROCESSOR_IDENTIFIER=Intel64 Family 6 Model 58 Stepping 9, GenuineIntel



---------------  S Y S T E M  ---------------

OS: Windows 10.0 , 64 bit Build 14393 (10.0.14393.0)

CPU:total 4 (2 cores per cpu, 2 threads per core) family 6 model 58 stepping 9, cmov, cx8, fxsr, mmx, sse, sse2, sse3, ssse3, sse4.1, sse4.2, popcnt, avx, aes, clmul, erms, ht, tsc, tscinvbit, tscinv

Memory: 4k page, physical 4075224k(498192k free), swap 8357424k(2792k free)

vm_info: Java HotSpot(TM) 64-Bit Server VM (25.101-b13) for windows-amd64 JRE (1.8.0_101-b13), built on Jun 22 2016 01:21:29 by "java_re" with MS VC++ 10.0 (VS2010)

time: Tue Mar 14 21:35:05 2017
elapsed time: 2 seconds (0d 0h 0m 2s)

