#
# There is insufficient memory for the Java Runtime Environment to continue.
# Native memory allocation (malloc) failed to allocate 427632 bytes for Chunk::new
# Possible reasons:
#   The system is out of physical RAM or swap space
#   In 32 bit mode, the process size limit was hit
# Possible solutions:
#   Reduce memory load on the system
#   Increase physical memory or swap space
#   Check if swap backing store is full
#   Use 64 bit Java on a 64 bit OS
#   Decrease Java heap size (-Xmx/-Xms)
#   Decrease number of Java threads
#   Decrease Java thread stack sizes (-Xss)
#   Set larger code cache with -XX:ReservedCodeCacheSize=
# This output file may be truncated or incomplete.
#
#  Out of Memory Error (allocation.cpp:390), pid=4552, tid=0x000000000000273c
#
# JRE version: Java(TM) SE Runtime Environment (8.0_101-b13) (build 1.8.0_101-b13)
# Java VM: Java HotSpot(TM) 64-Bit Server VM (25.101-b13 mixed mode windows-amd64 compressed oops)
# Failed to write core dump. Minidumps are not enabled by default on client versions of Windows
#

---------------  T H R E A D  ---------------

Current thread (0x0000000014aee800):  JavaThread "C2 CompilerThread0" daemon [_thread_in_native, id=10044, stack(0x0000000016140000,0x0000000016240000)]

Stack: [0x0000000016140000,0x0000000016240000]
[error occurred during error reporting (printing stack bounds), id 0xc0000005]

Native frames: (J=compiled Java code, j=interpreted, Vv=VM code, C=native code)


Current CompileTask:
C2:  14022 2110       4       com.android.dx.dex.code.OutputFinisher::addConstants (93 bytes)


---------------  P R O C E S S  ---------------

Java Threads: ( => current thread )
  0x000000001681a800 JavaThread "pool-1-thread-1" [_thread_in_Java, id=184, stack(0x00000000196e0000,0x00000000197e0000)]
  0x0000000016453800 JavaThread "Service Thread" daemon [_thread_blocked, id=4560, stack(0x0000000016840000,0x0000000016940000)]
  0x0000000014b47000 JavaThread "C1 CompilerThread2" daemon [_thread_blocked, id=7836, stack(0x0000000016340000,0x0000000016440000)]
  0x0000000014b42000 JavaThread "C2 CompilerThread1" daemon [_thread_in_native, id=10448, stack(0x0000000016240000,0x0000000016340000)]
=>0x0000000014aee800 JavaThread "C2 CompilerThread0" daemon [_thread_in_native, id=10044, stack(0x0000000016140000,0x0000000016240000)]
  0x0000000014aeb800 JavaThread "Attach Listener" daemon [_thread_blocked, id=2476, stack(0x0000000016040000,0x0000000016140000)]
  0x0000000014aea000 JavaThread "Signal Dispatcher" daemon [_thread_blocked, id=10248, stack(0x0000000015f40000,0x0000000016040000)]
  0x0000000014ada800 JavaThread "Finalizer" daemon [_thread_blocked, id=2120, stack(0x0000000015d50000,0x0000000015e50000)]
  0x0000000002410000 JavaThread "Reference Handler" daemon [_thread_blocked, id=4120, stack(0x0000000015c50000,0x0000000015d50000)]
  0x000000000060d800 JavaThread "main" [_thread_blocked, id=1296, stack(0x0000000002220000,0x0000000002320000)]

Other Threads:
  0x0000000014ab7800 VMThread [stack: 0x0000000015b50000,0x0000000015c50000] [id=5748]
  0x0000000016457000 WatcherThread [stack: 0x0000000016940000,0x0000000016a40000] [id=11152]

VM state:not at safepoint (normal execution)

VM Mutex/Monitor currently owned by a thread: None

Heap:
 PSYoungGen      total 144384K, used 10229K [0x00000000eab00000, 0x00000000fd800000, 0x0000000100000000)
  eden space 129024K, 5% used [0x00000000eab00000,0x00000000eb187710,0x00000000f2900000)
  from space 15360K, 23% used [0x00000000f2900000,0x00000000f2c75e40,0x00000000f3800000)
  to   space 25088K, 0% used [0x00000000fbf80000,0x00000000fbf80000,0x00000000fd800000)
 ParOldGen       total 80384K, used 43764K [0x00000000c0000000, 0x00000000c4e80000, 0x00000000eab00000)
  object space 80384K, 54% used [0x00000000c0000000,0x00000000c2abd3e0,0x00000000c4e80000)
 Metaspace       used 6664K, capacity 7544K, committed 7680K, reserved 1056768K
  class space    used 630K, capacity 688K, committed 768K, reserved 1048576K

Card table byte_map: [0x00000000117e0000,0x00000000119f0000] byte_map_base: 0x00000000111e0000

Marking Bits: (ParMarkBitMap*) 0x000000005ff2a6d0
 Begin Bits: [0x0000000011f50000, 0x0000000012f50000)
 End Bits:   [0x0000000012f50000, 0x0000000013f50000)

Polling page: 0x00000000005f0000

CodeCache: size=245760Kb used=9531Kb max_used=9531Kb free=236228Kb
 bounds [0x0000000002420000, 0x0000000002d80000, 0x0000000011420000]
 total_blobs=2531 nmethods=2267 adapters=176
 compilation: enabled

Compilation events (10 events):
Event: 13.891 Thread 0x0000000014b42000 nmethod 1865 0x0000000002d59890 code [0x0000000002d5a2c0, 0x0000000002d62e38]
Event: 13.892 Thread 0x0000000014b42000 2373       4       com.android.dx.dex.code.LocalList$MakeState::snapshot (110 bytes)
Event: 13.929 Thread 0x0000000014b47000 2379       2       com.android.dx.dex.code.form.Form22b::isCompatible (103 bytes)
Event: 13.930 Thread 0x0000000014b47000 nmethod 2379 0x0000000002d58f90 code [0x0000000002d59140, 0x0000000002d59598]
Event: 13.932 Thread 0x0000000014b47000 2380       2       com.android.dx.dex.code.SimpleInsn::withOpcode (17 bytes)
Event: 13.932 Thread 0x0000000014b47000 nmethod 2380 0x0000000002d58b50 code [0x0000000002d58cc0, 0x0000000002d58ea8]
Event: 13.936 Thread 0x0000000014b42000 nmethod 2373 0x0000000002d51ad0 code [0x0000000002d51ce0, 0x0000000002d53110]
Event: 13.936 Thread 0x0000000014b42000 2142       4       com.android.dx.rop.type.Prototype::compareTo (120 bytes)
Event: 13.943 Thread 0x0000000014b42000 nmethod 2142 0x0000000002d56510 code [0x0000000002d56680, 0x0000000002d56af8]
Event: 13.943 Thread 0x0000000014b42000 1862       4       com.android.dx.cf.code.ValueAwareMachine::run (1142 bytes)

GC Heap History (10 events):
Event: 9.555 GC heap before
{Heap before GC invocations=4 (full 0):
 PSYoungGen      total 35328K, used 35301K [0x00000000eab00000, 0x00000000ef000000, 0x0000000100000000)
  eden space 32768K, 100% used [0x00000000eab00000,0x00000000ecb00000,0x00000000ecb00000)
  from space 2560K, 98% used [0x00000000ecb00000,0x00000000ecd79770,0x00000000ecd80000)
  to   space 2560K, 0% used [0x00000000eed80000,0x00000000eed80000,0x00000000ef000000)
 ParOldGen       total 44032K, used 8027K [0x00000000c0000000, 0x00000000c2b00000, 0x00000000eab00000)
  object space 44032K, 18% used [0x00000000c0000000,0x00000000c07d6fb0,0x00000000c2b00000)
 Metaspace       used 6128K, capacity 7152K, committed 7296K, reserved 1056768K
  class space    used 590K, capacity 616K, committed 640K, reserved 1048576K
Event: 9.657 GC heap after
Heap after GC invocations=4 (full 0):
 PSYoungGen      total 68096K, used 2532K [0x00000000eab00000, 0x00000000ef000000, 0x0000000100000000)
  eden space 65536K, 0% used [0x00000000eab00000,0x00000000eab00000,0x00000000eeb00000)
  from space 2560K, 98% used [0x00000000eed80000,0x00000000eeff9378,0x00000000ef000000)
  to   space 2560K, 0% used [0x00000000eeb00000,0x00000000eeb00000,0x00000000eed80000)
 ParOldGen       total 44032K, used 12879K [0x00000000c0000000, 0x00000000c2b00000, 0x00000000eab00000)
  object space 44032K, 29% used [0x00000000c0000000,0x00000000c0c93fa8,0x00000000c2b00000)
 Metaspace       used 6128K, capacity 7152K, committed 7296K, reserved 1056768K
  class space    used 590K, capacity 616K, committed 640K, reserved 1048576K
}
Event: 11.196 GC heap before
{Heap before GC invocations=5 (full 0):
 PSYoungGen      total 68096K, used 68068K [0x00000000eab00000, 0x00000000ef000000, 0x0000000100000000)
  eden space 65536K, 100% used [0x00000000eab00000,0x00000000eeb00000,0x00000000eeb00000)
  from space 2560K, 98% used [0x00000000eed80000,0x00000000eeff9378,0x00000000ef000000)
  to   space 2560K, 0% used [0x00000000eeb00000,0x00000000eeb00000,0x00000000eed80000)
 ParOldGen       total 44032K, used 12879K [0x00000000c0000000, 0x00000000c2b00000, 0x00000000eab00000)
  object space 44032K, 29% used [0x00000000c0000000,0x00000000c0c93fa8,0x00000000c2b00000)
 Metaspace       used 6164K, capacity 7152K, committed 7296K, reserved 1056768K
  class space    used 591K, capacity 616K, committed 640K, reserved 1048576K
Event: 11.232 GC heap after
Heap after GC invocations=5 (full 0):
 PSYoungGen      total 68096K, used 2543K [0x00000000eab00000, 0x00000000f4500000, 0x0000000100000000)
  eden space 65536K, 0% used [0x00000000eab00000,0x00000000eab00000,0x00000000eeb00000)
  from space 2560K, 99% used [0x00000000eeb00000,0x00000000eed7bfa8,0x00000000eed80000)
  to   space 13312K, 0% used [0x00000000f3800000,0x00000000f3800000,0x00000000f4500000)
 ParOldGen       total 44032K, used 23090K [0x00000000c0000000, 0x00000000c2b00000, 0x00000000eab00000)
  object space 44032K, 52% used [0x00000000c0000000,0x00000000c168c9e0,0x00000000c2b00000)
 Metaspace       used 6164K, capacity 7152K, committed 7296K, reserved 1056768K
  class space    used 591K, capacity 616K, committed 640K, reserved 1048576K
}
Event: 11.575 GC heap before
{Heap before GC invocations=6 (full 0):
 PSYoungGen      total 68096K, used 68079K [0x00000000eab00000, 0x00000000f4500000, 0x0000000100000000)
  eden space 65536K, 100% used [0x00000000eab00000,0x00000000eeb00000,0x00000000eeb00000)
  from space 2560K, 99% used [0x00000000eeb00000,0x00000000eed7bfa8,0x00000000eed80000)
  to   space 13312K, 0% used [0x00000000f3800000,0x00000000f3800000,0x00000000f4500000)
 ParOldGen       total 44032K, used 23090K [0x00000000c0000000, 0x00000000c2b00000, 0x00000000eab00000)
  object space 44032K, 52% used [0x00000000c0000000,0x00000000c168c9e0,0x00000000c2b00000)
 Metaspace       used 6277K, capacity 7160K, committed 7296K, reserved 1056768K
  class space    used 611K, capacity 624K, committed 640K, reserved 1048576K
Event: 11.624 GC heap after
Heap after GC invocations=6 (full 0):
 PSYoungGen      total 142336K, used 11784K [0x00000000eab00000, 0x00000000f4900000, 0x0000000100000000)
  eden space 129024K, 0% used [0x00000000eab00000,0x00000000eab00000,0x00000000f2900000)
  from space 13312K, 88% used [0x00000000f3800000,0x00000000f4382268,0x00000000f4500000)
  to   space 15360K, 0% used [0x00000000f2900000,0x00000000f2900000,0x00000000f3800000)
 ParOldGen       total 44032K, used 23090K [0x00000000c0000000, 0x00000000c2b00000, 0x00000000eab00000)
  object space 44032K, 52% used [0x00000000c0000000,0x00000000c168c9e0,0x00000000c2b00000)
 Metaspace       used 6277K, capacity 7160K, committed 7296K, reserved 1056768K
  class space    used 611K, capacity 624K, committed 640K, reserved 1048576K
}
Event: 13.133 GC heap before
{Heap before GC invocations=7 (full 0):
 PSYoungGen      total 142336K, used 140808K [0x00000000eab00000, 0x00000000f4900000, 0x0000000100000000)
  eden space 129024K, 100% used [0x00000000eab00000,0x00000000f2900000,0x00000000f2900000)
  from space 13312K, 88% used [0x00000000f3800000,0x00000000f4382268,0x00000000f4500000)
  to   space 15360K, 0% used [0x00000000f2900000,0x00000000f2900000,0x00000000f3800000)
 ParOldGen       total 44032K, used 23090K [0x00000000c0000000, 0x00000000c2b00000, 0x00000000eab00000)
  object space 44032K, 52% used [0x00000000c0000000,0x00000000c168c9e0,0x00000000c2b00000)
 Metaspace       used 6614K, capacity 7480K, committed 7680K, reserved 1056768K
  class space    used 630K, capacity 688K, committed 768K, reserved 1048576K
Event: 13.203 GC heap after
Heap after GC invocations=7 (full 0):
 PSYoungGen      total 144384K, used 15331K [0x00000000eab00000, 0x00000000fd800000, 0x0000000100000000)
  eden space 129024K, 0% used [0x00000000eab00000,0x00000000eab00000,0x00000000f2900000)
  from space 15360K, 99% used [0x00000000f2900000,0x00000000f37f8d30,0x00000000f3800000)
  to   space 25088K, 0% used [0x00000000fbf80000,0x00000000fbf80000,0x00000000fd800000)
 ParOldGen       total 44032K, used 37543K [0x00000000c0000000, 0x00000000c2b00000, 0x00000000eab00000)
  object space 44032K, 85% used [0x00000000c0000000,0x00000000c24a9f70,0x00000000c2b00000)
 Metaspace       used 6614K, capacity 7480K, committed 7680K, reserved 1056768K
  class space    used 630K, capacity 688K, committed 768K, reserved 1048576K
}
Event: 13.203 GC heap before
{Heap before GC invocations=8 (full 1):
 PSYoungGen      total 144384K, used 15331K [0x00000000eab00000, 0x00000000fd800000, 0x0000000100000000)
  eden space 129024K, 0% used [0x00000000eab00000,0x00000000eab00000,0x00000000f2900000)
  from space 15360K, 99% used [0x00000000f2900000,0x00000000f37f8d30,0x00000000f3800000)
  to   space 25088K, 0% used [0x00000000fbf80000,0x00000000fbf80000,0x00000000fd800000)
 ParOldGen       total 44032K, used 37543K [0x00000000c0000000, 0x00000000c2b00000, 0x00000000eab00000)
  object space 44032K, 85% used [0x00000000c0000000,0x00000000c24a9f70,0x00000000c2b00000)
 Metaspace       used 6614K, capacity 7480K, committed 7680K, reserved 1056768K
  class space    used 630K, capacity 688K, committed 768K, reserved 1048576K
Event: 13.629 GC heap after
Heap after GC invocations=8 (full 1):
 PSYoungGen      total 144384K, used 3543K [0x00000000eab00000, 0x00000000fd800000, 0x0000000100000000)
  eden space 129024K, 0% used [0x00000000eab00000,0x00000000eab00000,0x00000000f2900000)
  from space 15360K, 23% used [0x00000000f2900000,0x00000000f2c75e40,0x00000000f3800000)
  to   space 25088K, 0% used [0x00000000fbf80000,0x00000000fbf80000,0x00000000fd800000)
 ParOldGen       total 80384K, used 43764K [0x00000000c0000000, 0x00000000c4e80000, 0x00000000eab00000)
  object space 80384K, 54% used [0x00000000c0000000,0x00000000c2abd3e0,0x00000000c4e80000)
 Metaspace       used 6614K, capacity 7480K, committed 7680K, reserved 1056768K
  class space    used 630K, capacity 688K, committed 768K, reserved 1048576K
}

Deoptimization events (10 events):
Event: 12.632 Thread 0x000000001681a800 Uncommon trap: reason=bimorphic action=maybe_recompile pc=0x0000000002957fd4 method=java.util.HashMap.putVal(ILjava/lang/Object;Ljava/lang/Object;ZZ)Ljava/lang/Object; @ 203
Event: 12.633 Thread 0x000000001681a800 Uncommon trap: reason=bimorphic action=maybe_recompile pc=0x0000000002957fd4 method=java.util.HashMap.putVal(ILjava/lang/Object;Ljava/lang/Object;ZZ)Ljava/lang/Object; @ 203
Event: 12.633 Thread 0x000000001681a800 Uncommon trap: reason=bimorphic action=maybe_recompile pc=0x0000000002957fd4 method=java.util.HashMap.putVal(ILjava/lang/Object;Ljava/lang/Object;ZZ)Ljava/lang/Object; @ 203
Event: 12.633 Thread 0x000000001681a800 Uncommon trap: reason=bimorphic action=maybe_recompile pc=0x0000000002957fd4 method=java.util.HashMap.putVal(ILjava/lang/Object;Ljava/lang/Object;ZZ)Ljava/lang/Object; @ 203
Event: 13.064 Thread 0x000000001681a800 Uncommon trap: reason=speculate_class_check action=maybe_recompile pc=0x0000000002871218 method=com.android.dx.util.FixedSizeList.equals(Ljava/lang/Object;)Z @ 25
Event: 13.064 Thread 0x000000001681a800 Uncommon trap: reason=unstable_if action=reinterpret pc=0x000000000280e228 method=java.util.Arrays.equals([Ljava/lang/Object;[Ljava/lang/Object;)Z @ 23
Event: 13.078 Thread 0x000000001681a800 Uncommon trap: reason=speculate_class_check action=maybe_recompile pc=0x0000000002871218 method=com.android.dx.util.FixedSizeList.equals(Ljava/lang/Object;)Z @ 25
Event: 13.078 Thread 0x000000001681a800 Uncommon trap: reason=speculate_class_check action=maybe_recompile pc=0x0000000002871218 method=com.android.dx.util.FixedSizeList.equals(Ljava/lang/Object;)Z @ 25
Event: 13.078 Thread 0x000000001681a800 Uncommon trap: reason=speculate_class_check action=maybe_recompile pc=0x0000000002871218 method=com.android.dx.util.FixedSizeList.equals(Ljava/lang/Object;)Z @ 25
Event: 13.657 Thread 0x000000001681a800 Uncommon trap: reason=unstable_if action=reinterpret pc=0x00000000029e2e4c method=java.util.TreeMap.put(Ljava/lang/Object;Ljava/lang/Object;)Ljava/lang/Object; @ 163

Internal exceptions (5 events):
Event: 0.066 Thread 0x000000000060d800 Exception <a 'java/lang/NoSuchMethodError': Method sun.misc.Unsafe.defineClass(Ljava/lang/String;[BII)Ljava/lang/Class; name or signature does not match> (0x00000000eab07cc0) thrown at [C:\re\workspace\8-2-build-windows-amd64-cygwin\jdk8u101\7261\hotspot\s'‡ó!ùÙ°?
Event: 0.066 Thread 0x000000000060d800 Exception <a 'java/lang/NoSuchMethodError': Method sun.misc.Unsafe.prefetchRead(Ljava/lang/Object;J)V name or signature does not match> (0x00000000eab07fa8) thrown at [C:\re\workspace\8-2-build-windows-amd64-cygwin\jdk8u101\7261\hotspot\src\share\vm\prims\»t\£&@
Event: 11.318 Thread 0x00000000167c0000 Exception <a 'java/lang/ArrayIndexOutOfBoundsException': 18> (0x00000000ec0b6498) thrown at [C:\re\workspace\8-2-build-windows-amd64-cygwin\jdk8u101\7261\hotspot\src\share\vm\interpreter\interpreterRuntime.cpp, line 366]
Event: 11.319 Thread 0x00000000167c0000 Exception <a 'java/lang/ArrayIndexOutOfBoundsException': 145> (0x00000000ec0b8018) thrown at [C:\re\workspace\8-2-build-windows-amd64-cygwin\jdk8u101\7261\hotspot\src\share\vm\interpreter\interpreterRuntime.cpp, line 366]
Event: 11.345 Thread 0x00000000167c0000 Exception <a 'java/lang/ArrayIndexOutOfBoundsException'> (0x00000000ec0b9300) thrown at [C:\re\workspace\8-2-build-windows-amd64-cygwin\jdk8u101\7261\hotspot\src\share\vm\runtime\sharedRuntime.cpp, line 605]

Events (10 events):
Event: 13.657 Thread 0x000000001681a800 DEOPT PACKING pc=0x00000000029e2e4c sp=0x00000000197de8c0
Event: 13.657 Thread 0x000000001681a800 DEOPT UNPACKING pc=0x000000000246582a sp=0x00000000197de860 mode 2
Event: 13.672 Thread 0x000000001681a800 DEOPT PACKING pc=0x0000000002ccc878 sp=0x00000000197de640
Event: 13.672 Thread 0x000000001681a800 DEOPT UNPACKING pc=0x000000000246787f sp=0x00000000197de3c0 mode 0
Event: 13.736 Thread 0x000000001681a800 DEOPT PACKING pc=0x0000000002cb8c80 sp=0x00000000197de6d0
Event: 13.736 Thread 0x000000001681a800 DEOPT UNPACKING pc=0x000000000246787f sp=0x00000000197de3f8 mode 0
Event: 13.752 Thread 0x000000001681a800 DEOPT PACKING pc=0x0000000002d30d4b sp=0x00000000197de5d0
Event: 13.752 Thread 0x000000001681a800 DEOPT UNPACKING pc=0x000000000246787f sp=0x00000000197de330 mode 0
Event: 13.801 Thread 0x000000001681a800 DEOPT PACKING pc=0x0000000002cd3409 sp=0x00000000197de790
Event: 13.801 Thread 0x000000001681a800 DEOPT UNPACKING pc=0x000000000246787f sp=0x00000000197de598 mode 0


Dynamic libraries:
0x00007ff768130000 - 0x00007ff768167000 	C:\Program Files\Java\jdk1.8.0_101\bin\java.exe
0x00007ffe4ddf0000 - 0x00007ffe4dfc1000 	C:\WINDOWS\SYSTEM32\ntdll.dll
0x00007ffe4d980000 - 0x00007ffe4da2b000 	C:\WINDOWS\System32\KERNEL32.DLL
0x00007ffe4ad90000 - 0x00007ffe4afad000 	C:\WINDOWS\System32\KERNELBASE.dll
0x00007ffe4dd00000 - 0x00007ffe4dda2000 	C:\WINDOWS\System32\ADVAPI32.dll
0x00007ffe4dba0000 - 0x00007ffe4dc3e000 	C:\WINDOWS\System32\msvcrt.dll
0x00007ffe4b380000 - 0x00007ffe4b3d9000 	C:\WINDOWS\System32\sechost.dll
0x00007ffe4d6a0000 - 0x00007ffe4d7c1000 	C:\WINDOWS\System32\RPCRT4.dll
0x00007ffe4cf70000 - 0x00007ffe4d0d5000 	C:\WINDOWS\System32\USER32.dll
0x00007ffe4a590000 - 0x00007ffe4a5ae000 	C:\WINDOWS\System32\win32u.dll
0x00007ffe4ddb0000 - 0x00007ffe4dde4000 	C:\WINDOWS\System32\GDI32.dll
0x00007ffe4afb0000 - 0x00007ffe4b132000 	C:\WINDOWS\System32\gdi32full.dll
0x00007ffe3bf30000 - 0x00007ffe3c1a9000 	C:\WINDOWS\WinSxS\amd64_microsoft.windows.common-controls_6595b64144ccf1df_6.0.14393.447_none_42191651c6827bb3\COMCTL32.dll
0x00007ffe4b5a0000 - 0x00007ffe4b868000 	C:\WINDOWS\System32\combase.dll
0x00007ffe4a340000 - 0x00007ffe4a435000 	C:\WINDOWS\System32\ucrtbase.dll
0x00007ffe4b310000 - 0x00007ffe4b37a000 	C:\WINDOWS\System32\bcryptPrimitives.dll
0x00007ffe4cd80000 - 0x00007ffe4cdae000 	C:\WINDOWS\System32\IMM32.DLL
0x000000005f1a0000 - 0x000000005f272000 	C:\Program Files\Java\jdk1.8.0_101\jre\bin\msvcr100.dll
0x000000005f710000 - 0x000000005ffaa000 	C:\Program Files\Java\jdk1.8.0_101\jre\bin\server\jvm.dll
0x00007ffe4d0e0000 - 0x00007ffe4d0e8000 	C:\WINDOWS\System32\PSAPI.DLL
0x00007ffe3b840000 - 0x00007ffe3b84a000 	C:\WINDOWS\SYSTEM32\VERSION.dll
0x00007ffe48760000 - 0x00007ffe48783000 	C:\WINDOWS\SYSTEM32\WINMM.dll
0x00007ffe47c90000 - 0x00007ffe47c99000 	C:\WINDOWS\SYSTEM32\WSOCK32.dll
0x00007ffe4d160000 - 0x00007ffe4d1ca000 	C:\WINDOWS\System32\WS2_32.dll
0x00007ffe48700000 - 0x00007ffe4872b000 	C:\WINDOWS\SYSTEM32\WINMMBASE.dll
0x00007ffe4a660000 - 0x00007ffe4a6a2000 	C:\WINDOWS\System32\cfgmgr32.dll
0x000000005f620000 - 0x000000005f62f000 	C:\Program Files\Java\jdk1.8.0_101\jre\bin\verify.dll
0x000000005f5f0000 - 0x000000005f619000 	C:\Program Files\Java\jdk1.8.0_101\jre\bin\java.dll
0x000000005f5d0000 - 0x000000005f5e6000 	C:\Program Files\Java\jdk1.8.0_101\jre\bin\zip.dll
0x00007ffe4b870000 - 0x00007ffe4cd79000 	C:\WINDOWS\System32\SHELL32.dll
0x00007ffe4a6b0000 - 0x00007ffe4ad8a000 	C:\WINDOWS\System32\windows.storage.dll
0x00007ffe4a280000 - 0x00007ffe4a2cc000 	C:\WINDOWS\System32\powrprof.dll
0x00007ffe4cdb0000 - 0x00007ffe4ce02000 	C:\WINDOWS\System32\shlwapi.dll
0x00007ffe4a250000 - 0x00007ffe4a25f000 	C:\WINDOWS\System32\kernel.appcore.dll
0x00007ffe4a5b0000 - 0x00007ffe4a659000 	C:\WINDOWS\System32\shcore.dll
0x00007ffe4a260000 - 0x00007ffe4a274000 	C:\WINDOWS\System32\profapi.dll

VM Arguments:
jvm_args: -Djava.awt.headless=true -Xmx1024M -Dfile.encoding=windows-1252 -Duser.country=US -Duser.language=en -Duser.variant 
java_command: com.android.dx.command.Main --dex --force-jumbo --num-threads=4 --multi-dex --output D:\Code\parker-android\ParkerApp\app\build\intermediates\transforms\dex\debug\folders\1000\10\com.android.support-appcompat-v7-25.0.1_0a9f4502ebdf362ecc5677f76f0666cad9574e94 D:\Code\parker-android\ParkerApp\app\build\intermediates\exploded-aar\com.android.support\appcompat-v7\25.0.1\jars\classes.jar
java_class_path (initial): C:\Users\Eric\AppData\Local\Android\sdk\build-tools\24.0.2\lib\dx.jar
Launcher Type: SUN_STANDARD

Environment Variables:
JAVA_HOME=C:\Program Files\Java\jdk1.8.0_101
PATH=C:\ProgramData\Oracle\Java\javapath;C:\Program Files\PHP\v7.0;c:\watcom-1.3\binnt;c:\watcom-1.3\binw;C:\WINDOWS\system32;C:\WINDOWS;C:\WINDOWS\System32\Wbem;C:\WINDOWS\System32\WindowsPowerShell\v1.0\;C:\Users\Eric\.dnx\bin;C:\Program Files\Microsoft DNX\Dnvm\;C:\Program Files (x86)\Skype\Phone\;C:\Program Files\Microsoft SQL Server\Client SDK\ODBC\110\Tools\Binn\;C:\Program Files (x86)\Microsoft SQL Server\120\Tools\Binn\ManagementStudio\;C:\Program Files (x86)\Microsoft SQL Server\120\Tools\Binn\;C:\Program Files\Microsoft SQL Server\120\Tools\Binn\;C:\Program Files (x86)\Microsoft SQL Server\120\DTS\Binn\;C:\Program Files\Microsoft SQL Server\120\DTS\Binn\;C:\Users\Eric\AppData\Roaming\npm;C:\Users\Eric\AppData\Local\Programs\Python\Python35-32;C:\WINDOWS\system32\config\systemprofile\.dnx\bin;C:\Program Files (x86)\nodejs\;C:\Program Files (x86)\Microsoft Emulator Manager\1.0\;C:\Program Files\Git\cmd;C:\Program Files (x86)\Windows Kits\10\Windows Performance Toolkit\;C:\WINDOWS\system32;C:\WINDOWS;C:\WINDOWS\System32\Wbem;C:\WINDOWS\System32\WindowsPowerShell\v1.0\;C:\Program Files\MySQL\MySQL Utilities 1.6\;C:\Ruby23-x64\bin;C:\Users\Eric\AppData\Roaming\npm;C:\Users\Eric\AppData\Local\Microsoft\WindowsApps;C:\Program Files\Java\jdk1.8.0_101\bin;C:\Users\Eric\apache-ant-1.9.7\bin;C:\Users\Eric\AppData\Local\Android\sdk\tools;C:\Users\Eric\AppData\Local\Android\sdk\platform-tools;C:\Program Files (x86)\Microsoft VS Code\bin;C:\Users\Eric\AppData\Local\atom\bin
USERNAME=Eric
OS=Windows_NT
PROCESSOR_IDENTIFIER=Intel64 Family 6 Model 58 Stepping 9, GenuineIntel



---------------  S Y S T E M  ---------------

OS: Windows 10.0 , 64 bit Build 14393 (10.0.14393.0)

CPU:total 4 (2 cores per cpu, 2 threads per core) family 6 model 58 stepping 9, cmov, cx8, fxsr, mmx, sse, sse2, sse3, ssse3, sse4.1, sse4.2, popcnt, avx, aes, clmul, erms, ht, tsc, tscinvbit, tscinv

Memory: 4k page, physical 4075224k(508948k free), swap 7983332k(105380k free)

vm_info: Java HotSpot(TM) 64-Bit Server VM (25.101-b13) for windows-amd64 JRE (1.8.0_101-b13), built on Jun 22 2016 01:21:29 by "java_re" with MS VC++ 10.0 (VS2010)

time: Thu Mar 16 00:09:16 2017
elapsed time: 14 seconds (0d 0h 0m 14s)

