#
# There is insufficient memory for the Java Runtime Environment to continue.
# Native memory allocation (malloc) failed to allocate 59536 bytes for Chunk::new
# Possible reasons:
#   The system is out of physical RAM or swap space
#   In 32 bit mode, the process size limit was hit
# Possible solutions:
#   Reduce memory load on the system
#   Increase physical memory or swap space
#   Check if swap backing store is full
#   Use 64 bit Java on a 64 bit OS
#   Decrease Java heap size (-Xmx/-Xms)
#   Decrease number of Java threads
#   Decrease Java thread stack sizes (-Xss)
#   Set larger code cache with -XX:ReservedCodeCacheSize=
# This output file may be truncated or incomplete.
#
#  Out of Memory Error (allocation.cpp:390), pid=6332, tid=0x0000000000001efc
#
# JRE version: Java(TM) SE Runtime Environment (8.0_101-b13) (build 1.8.0_101-b13)
# Java VM: Java HotSpot(TM) 64-Bit Server VM (25.101-b13 mixed mode windows-amd64 compressed oops)
# Failed to write core dump. Minidumps are not enabled by default on client versions of Windows
#

---------------  T H R E A D  ---------------

Current thread (0x0000000014dfe800):  JavaThread "C2 CompilerThread0" daemon [_thread_in_native, id=7932, stack(0x0000000016440000,0x0000000016540000)]

Stack: [0x0000000016440000,0x0000000016540000]
[error occurred during error reporting (printing stack bounds), id 0xc0000005]

Native frames: (J=compiled Java code, j=interpreted, Vv=VM code, C=native code)


Current CompileTask:
C2:   1575  643       4       com.android.dx.ssa.SsaBasicBlock::forEachInsn (37 bytes)


---------------  P R O C E S S  ---------------

Java Threads: ( => current thread )
  0x00000000168d9000 JavaThread "pool-1-thread-4" [_thread_blocked, id=7828, stack(0x0000000017140000,0x0000000017240000)]
  0x00000000168d5800 JavaThread "pool-1-thread-3" [_thread_in_Java, id=5900, stack(0x0000000017040000,0x0000000017140000)]
  0x00000000168cf000 JavaThread "pool-1-thread-2" [_thread_in_Java, id=992, stack(0x0000000016f40000,0x0000000017040000)]
  0x00000000168ad800 JavaThread "pool-2-thread-1" [_thread_blocked, id=9324, stack(0x0000000016e40000,0x0000000016f40000)]
  0x000000001689f000 JavaThread "pool-1-thread-1" [_thread_in_Java, id=7824, stack(0x0000000016d40000,0x0000000016e40000)]
  0x0000000016646000 JavaThread "Service Thread" daemon [_thread_blocked, id=2376, stack(0x0000000016b40000,0x0000000016c40000)]
  0x0000000016640800 JavaThread "C1 CompilerThread2" daemon [_thread_blocked, id=11248, stack(0x0000000016a40000,0x0000000016b40000)]
  0x0000000014e5a000 JavaThread "C2 CompilerThread1" daemon [_thread_blocked, id=7584, stack(0x0000000016540000,0x0000000016640000)]
=>0x0000000014dfe800 JavaThread "C2 CompilerThread0" daemon [_thread_in_native, id=7932, stack(0x0000000016440000,0x0000000016540000)]
  0x0000000014dfb800 JavaThread "Attach Listener" daemon [_thread_blocked, id=6512, stack(0x0000000016340000,0x0000000016440000)]
  0x0000000014dfa800 JavaThread "Signal Dispatcher" daemon [_thread_blocked, id=912, stack(0x0000000016240000,0x0000000016340000)]
  0x0000000014dea800 JavaThread "Finalizer" daemon [_thread_blocked, id=6816, stack(0x0000000016050000,0x0000000016150000)]
  0x0000000002700000 JavaThread "Reference Handler" daemon [_thread_blocked, id=6760, stack(0x0000000015f50000,0x0000000016050000)]
  0x000000000260d800 JavaThread "main" [_thread_in_vm, id=6168, stack(0x00000000024f0000,0x00000000025f0000)]

Other Threads:
  0x0000000014dc7800 VMThread [stack: 0x0000000015e50000,0x0000000015f50000] [id=9188]
  0x000000001664a000 WatcherThread [stack: 0x0000000016c40000,0x0000000016d40000] [id=4708]

VM state:not at safepoint (normal execution)

VM Mutex/Monitor currently owned by a thread: None

Heap:
 PSYoungGen      total 18944K, used 11461K [0x00000000eab00000, 0x00000000ec000000, 0x0000000100000000)
  eden space 16384K, 54% used [0x00000000eab00000,0x00000000eb3b7658,0x00000000ebb00000)
  from space 2560K, 99% used [0x00000000ebb00000,0x00000000ebd7a060,0x00000000ebd80000)
  to   space 2560K, 0% used [0x00000000ebd80000,0x00000000ebd80000,0x00000000ec000000)
 ParOldGen       total 44032K, used 1360K [0x00000000c0000000, 0x00000000c2b00000, 0x00000000eab00000)
  object space 44032K, 3% used [0x00000000c0000000,0x00000000c0154078,0x00000000c2b00000)
 Metaspace       used 5685K, capacity 6768K, committed 7040K, reserved 1056768K
  class space    used 588K, capacity 616K, committed 640K, reserved 1048576K

Card table byte_map: [0x0000000011ad0000,0x0000000011ce0000] byte_map_base: 0x00000000114d0000

Marking Bits: (ParMarkBitMap*) 0x000000005ff2a6d0
 Begin Bits: [0x0000000012240000, 0x0000000013240000)
 End Bits:   [0x0000000013240000, 0x0000000014240000)

Polling page: 0x0000000000d80000

CodeCache: size=245760Kb used=2915Kb max_used=2927Kb free=242844Kb
 bounds [0x0000000002710000, 0x0000000002a00000, 0x0000000011710000]
 total_blobs=1006 nmethods=742 adapters=176
 compilation: disabled (not enough contiguous free space left)

Compilation events (10 events):
Event: 1.154 Thread 0x0000000016640800 nmethod 640 0x00000000029bfbd0 code [0x00000000029bfd20, 0x00000000029bfe30]
Event: 1.154 Thread 0x0000000016640800  663       1       com.android.dx.dex.file.DexFile::getTypeIds (5 bytes)
Event: 1.155 Thread 0x0000000016640800 nmethod 663 0x00000000029bfe90 code [0x00000000029bffe0, 0x00000000029c00f0]
Event: 1.155 Thread 0x0000000016640800  691       1       com.android.dx.ssa.back.FirstFitLocalCombiningAllocator::access$300 (5 bytes)
Event: 1.155 Thread 0x0000000016640800 nmethod 691 0x00000000029c0150 code [0x00000000029c02a0, 0x00000000029c0390]
Event: 1.155 Thread 0x0000000016640800  701       3       com.android.dx.ssa.SsaBasicBlock::newFromRop (183 bytes)
Event: 1.157 Thread 0x0000000016640800 nmethod 701 0x00000000029c0410 code [0x00000000029c06e0, 0x00000000029c2318]
Event: 1.157 Thread 0x0000000016640800  702       3       com.android.dx.ssa.SsaMethod::indexListFromLabelList (47 bytes)
Event: 1.158 Thread 0x0000000016640800 nmethod 702 0x00000000029c3050 code [0x00000000029c3200, 0x00000000029c39b8]
Event: 1.158 Thread 0x0000000016640800  709       3       com.android.dx.ssa.Dominators::compress (229 bytes)

GC Heap History (0 events):
No events

Deoptimization events (1 events):
Event: 1.139 Thread 0x000000001689f000 Uncommon trap: reason=unstable_if action=reinterpret pc=0x0000000002925104 method=java.util.HashMap.getNode(ILjava/lang/Object;)Ljava/util/HashMap$Node; @ 62

Internal exceptions (2 events):
Event: 0.060 Thread 0x000000000260d800 Exception <a 'java/lang/NoSuchMethodError': Method sun.misc.Unsafe.defineClass(Ljava/lang/String;[BII)Ljava/lang/Class; name or signature does not match> (0x00000000eab07cc0) thrown at [C:\re\workspace\8-2-build-windows-amd64-cygwin\jdk8u101\7261\hotspot\s∑è⁄∫∏Æ?
Event: 0.060 Thread 0x000000000260d800 Exception <a 'java/lang/NoSuchMethodError': Method sun.misc.Unsafe.prefetchRead(Ljava/lang/Object;J)V name or signature does not match> (0x00000000eab07fa8) thrown at [C:\re\workspace\8-2-build-windows-amd64-cygwin\jdk8u101\7261\hotspot\src\share\vm\prims\

Events (10 events):
Event: 1.134 loading class com/android/dx/cf/code/Ropper$ExceptionHandlerSetup done
Event: 1.136 loading class java/util/ArrayList$1
Event: 1.136 loading class java/util/ArrayList$1 done
Event: 1.138 loading class java/util/HashMap$Values
Event: 1.139 loading class java/util/HashMap$Values done
Event: 1.139 loading class java/util/HashMap$ValueIterator
Event: 1.139 loading class java/util/HashMap$ValueIterator done
Event: 1.139 Thread 0x000000001689f000 Uncommon trap: trap_request=0xffffff65 fr.pc=0x0000000002925104
Event: 1.139 Thread 0x000000001689f000 DEOPT PACKING pc=0x0000000002925104 sp=0x0000000016e3eac0
Event: 1.139 Thread 0x000000001689f000 DEOPT UNPACKING pc=0x000000000275582a sp=0x0000000016e3ea38 mode 2


Dynamic libraries:
0x00007ff768130000 - 0x00007ff768167000 	C:\Program Files\Java\jdk1.8.0_101\bin\java.exe
0x00007ffe4ddf0000 - 0x00007ffe4dfc1000 	C:\WINDOWS\SYSTEM32\ntdll.dll
0x00007ffe4d980000 - 0x00007ffe4da2b000 	C:\WINDOWS\System32\KERNEL32.DLL
0x00007ffe4ad90000 - 0x00007ffe4afad000 	C:\WINDOWS\System32\KERNELBASE.dll
0x00007ffe4dd00000 - 0x00007ffe4dda2000 	C:\WINDOWS\System32\ADVAPI32.dll
0x00007ffe4dba0000 - 0x00007ffe4dc3e000 	C:\WINDOWS\System32\msvcrt.dll
0x00007ffe4b380000 - 0x00007ffe4b3d9000 	C:\WINDOWS\System32\sechost.dll
0x00007ffe4d6a0000 - 0x00007ffe4d7c1000 	C:\WINDOWS\System32\RPCRT4.dll
0x00007ffe4cf70000 - 0x00007ffe4d0d5000 	C:\WINDOWS\System32\USER32.dll
0x00007ffe4a590000 - 0x00007ffe4a5ae000 	C:\WINDOWS\System32\win32u.dll
0x00007ffe4ddb0000 - 0x00007ffe4dde4000 	C:\WINDOWS\System32\GDI32.dll
0x00007ffe4afb0000 - 0x00007ffe4b132000 	C:\WINDOWS\System32\gdi32full.dll
0x00007ffe3bf30000 - 0x00007ffe3c1a9000 	C:\WINDOWS\WinSxS\amd64_microsoft.windows.common-controls_6595b64144ccf1df_6.0.14393.447_none_42191651c6827bb3\COMCTL32.dll
0x00007ffe4b5a0000 - 0x00007ffe4b868000 	C:\WINDOWS\System32\combase.dll
0x00007ffe4a340000 - 0x00007ffe4a435000 	C:\WINDOWS\System32\ucrtbase.dll
0x00007ffe4b310000 - 0x00007ffe4b37a000 	C:\WINDOWS\System32\bcryptPrimitives.dll
0x00007ffe4cd80000 - 0x00007ffe4cdae000 	C:\WINDOWS\System32\IMM32.DLL
0x000000005f1a0000 - 0x000000005f272000 	C:\Program Files\Java\jdk1.8.0_101\jre\bin\msvcr100.dll
0x000000005f710000 - 0x000000005ffaa000 	C:\Program Files\Java\jdk1.8.0_101\jre\bin\server\jvm.dll
0x00007ffe4d0e0000 - 0x00007ffe4d0e8000 	C:\WINDOWS\System32\PSAPI.DLL
0x00007ffe47c90000 - 0x00007ffe47c99000 	C:\WINDOWS\SYSTEM32\WSOCK32.dll
0x00007ffe4d160000 - 0x00007ffe4d1ca000 	C:\WINDOWS\System32\WS2_32.dll
0x00007ffe48760000 - 0x00007ffe48783000 	C:\WINDOWS\SYSTEM32\WINMM.dll
0x00007ffe3b840000 - 0x00007ffe3b84a000 	C:\WINDOWS\SYSTEM32\VERSION.dll
0x00007ffe48700000 - 0x00007ffe4872b000 	C:\WINDOWS\SYSTEM32\WINMMBASE.dll
0x00007ffe4a660000 - 0x00007ffe4a6a2000 	C:\WINDOWS\System32\cfgmgr32.dll
0x000000005f620000 - 0x000000005f62f000 	C:\Program Files\Java\jdk1.8.0_101\jre\bin\verify.dll
0x000000005f5f0000 - 0x000000005f619000 	C:\Program Files\Java\jdk1.8.0_101\jre\bin\java.dll
0x000000005f5d0000 - 0x000000005f5e6000 	C:\Program Files\Java\jdk1.8.0_101\jre\bin\zip.dll
0x00007ffe4b870000 - 0x00007ffe4cd79000 	C:\WINDOWS\System32\SHELL32.dll
0x00007ffe4a6b0000 - 0x00007ffe4ad8a000 	C:\WINDOWS\System32\windows.storage.dll
0x00007ffe4a280000 - 0x00007ffe4a2cc000 	C:\WINDOWS\System32\powrprof.dll
0x00007ffe4cdb0000 - 0x00007ffe4ce02000 	C:\WINDOWS\System32\shlwapi.dll
0x00007ffe4a250000 - 0x00007ffe4a25f000 	C:\WINDOWS\System32\kernel.appcore.dll
0x00007ffe4a5b0000 - 0x00007ffe4a659000 	C:\WINDOWS\System32\shcore.dll
0x00007ffe4a260000 - 0x00007ffe4a274000 	C:\WINDOWS\System32\profapi.dll

VM Arguments:
jvm_args: -Djava.awt.headless=true -Xmx1024M -Dfile.encoding=windows-1252 -Duser.country=US -Duser.language=en -Duser.variant 
java_command: com.android.dx.command.Main --dex --num-threads=4 --output D:\Code\parker-android\ParkerApp\app\build\intermediates\pre-dexed\debug\com.android.support-support-media-compat-25.0.1_2bd36c80707207c01e3bfc01141dfb6ef7cebe06.jar D:\Code\parker-android\ParkerApp\app\build\intermediates\exploded-aar\com.android.support\support-media-compat\25.0.1\jars\classes.jar
java_class_path (initial): C:\Users\Eric\AppData\Local\Android\sdk\build-tools\24.0.2\lib\dx.jar
Launcher Type: SUN_STANDARD

Environment Variables:
JAVA_HOME=C:\Program Files\Java\jdk1.8.0_101
PATH=C:\ProgramData\Oracle\Java\javapath;C:\Program Files\PHP\v7.0;c:\watcom-1.3\binnt;c:\watcom-1.3\binw;C:\WINDOWS\system32;C:\WINDOWS;C:\WINDOWS\System32\Wbem;C:\WINDOWS\System32\WindowsPowerShell\v1.0\;C:\Users\Eric\.dnx\bin;C:\Program Files\Microsoft DNX\Dnvm\;C:\Program Files (x86)\Skype\Phone\;C:\Program Files\Microsoft SQL Server\Client SDK\ODBC\110\Tools\Binn\;C:\Program Files (x86)\Microsoft SQL Server\120\Tools\Binn\ManagementStudio\;C:\Program Files (x86)\Microsoft SQL Server\120\Tools\Binn\;C:\Program Files\Microsoft SQL Server\120\Tools\Binn\;C:\Program Files (x86)\Microsoft SQL Server\120\DTS\Binn\;C:\Program Files\Microsoft SQL Server\120\DTS\Binn\;C:\Users\Eric\AppData\Roaming\npm;C:\Users\Eric\AppData\Local\Programs\Python\Python35-32;C:\WINDOWS\system32\config\systemprofile\.dnx\bin;C:\Program Files (x86)\nodejs\;C:\Program Files (x86)\Microsoft Emulator Manager\1.0\;C:\Program Files\Git\cmd;C:\Program Files (x86)\Windows Kits\10\Windows Performance Toolkit\;C:\WINDOWS\system32;C:\WINDOWS;C:\WINDOWS\System32\Wbem;C:\WINDOWS\System32\WindowsPowerShell\v1.0\;C:\Program Files\MySQL\MySQL Utilities 1.6\;C:\Ruby23-x64\bin;C:\Users\Eric\AppData\Roaming\npm;C:\Users\Eric\AppData\Local\Microsoft\WindowsApps;C:\Program Files\Java\jdk1.8.0_101\bin;C:\Users\Eric\apache-ant-1.9.7\bin;C:\Users\Eric\AppData\Local\Android\sdk\tools;C:\Users\Eric\AppData\Local\Android\sdk\platform-tools;C:\Program Files (x86)\Microsoft VS Code\bin;C:\Users\Eric\AppData\Local\atom\bin
USERNAME=Eric
OS=Windows_NT
PROCESSOR_IDENTIFIER=Intel64 Family 6 Model 58 Stepping 9, GenuineIntel



---------------  S Y S T E M  ---------------

OS: Windows 10.0 , 64 bit Build 14393 (10.0.14393.0)

CPU:total 4 (2 cores per cpu, 2 threads per core) family 6 model 58 stepping 9, cmov, cx8, fxsr, mmx, sse, sse2, sse3, ssse3, sse4.1, sse4.2, popcnt, avx, aes, clmul, erms, ht, tsc, tscinvbit, tscinv

Memory: 4k page, physical 4075224k(259368k free), swap 7983100k(9748k free)

vm_info: Java HotSpot(TM) 64-Bit Server VM (25.101-b13) for windows-amd64 JRE (1.8.0_101-b13), built on Jun 22 2016 01:21:29 by "java_re" with MS VC++ 10.0 (VS2010)

time: Thu Mar 16 00:20:55 2017
elapsed time: 1 seconds (0d 0h 0m 1s)

