#
# There is insufficient memory for the Java Runtime Environment to continue.
# Native memory allocation (malloc) failed to allocate 32744 bytes for ChunkPool::allocate
# Possible reasons:
#   The system is out of physical RAM or swap space
#   In 32 bit mode, the process size limit was hit
# Possible solutions:
#   Reduce memory load on the system
#   Increase physical memory or swap space
#   Check if swap backing store is full
#   Use 64 bit Java on a 64 bit OS
#   Decrease Java heap size (-Xmx/-Xms)
#   Decrease number of Java threads
#   Decrease Java thread stack sizes (-Xss)
#   Set larger code cache with -XX:ReservedCodeCacheSize=
# This output file may be truncated or incomplete.
#
#  Out of Memory Error (allocation.cpp:273), pid=5016, tid=0x00000000000028ec
#
# JRE version: Java(TM) SE Runtime Environment (8.0_101-b13) (build 1.8.0_101-b13)
# Java VM: Java HotSpot(TM) 64-Bit Server VM (25.101-b13 mixed mode windows-amd64 compressed oops)
# Failed to write core dump. Minidumps are not enabled by default on client versions of Windows
#

---------------  T H R E A D  ---------------

Current thread (0x00000000164a8800):  JavaThread "C1 CompilerThread2" daemon [_thread_in_native, id=10476, stack(0x00000000168a0000,0x00000000169a0000)]

Stack: [0x00000000168a0000,0x00000000169a0000]
[error occurred during error reporting (printing stack bounds), id 0xc0000005]

Native frames: (J=compiled Java code, j=interpreted, Vv=VM code, C=native code)


Current CompileTask:
C1:   1358  157   !   3       com.android.dx.cf.cst.ConstantPoolParser::parse0 (731 bytes)


---------------  P R O C E S S  ---------------

Java Threads: ( => current thread )
  0x00000000165ff800 JavaThread "pool-1-thread-2" [_thread_blocked, id=10544, stack(0x0000000016da0000,0x0000000016ea0000)]
  0x00000000165fc000 JavaThread "pool-2-thread-1" [_thread_blocked, id=8508, stack(0x0000000016ca0000,0x0000000016da0000)]
  0x00000000165d6800 JavaThread "pool-1-thread-1" [_thread_blocked, id=1688, stack(0x0000000016ba0000,0x0000000016ca0000)]
  0x00000000164ae000 JavaThread "Service Thread" daemon [_thread_blocked, id=7328, stack(0x00000000169a0000,0x0000000016aa0000)]
=>0x00000000164a8800 JavaThread "C1 CompilerThread2" daemon [_thread_in_native, id=10476, stack(0x00000000168a0000,0x00000000169a0000)]
  0x0000000014c40800 JavaThread "C2 CompilerThread1" daemon [_thread_blocked, id=6068, stack(0x00000000163a0000,0x00000000164a0000)]
  0x0000000014c3e800 JavaThread "C2 CompilerThread0" daemon [_thread_blocked, id=6804, stack(0x00000000162a0000,0x00000000163a0000)]
  0x0000000014c3b800 JavaThread "Attach Listener" daemon [_thread_blocked, id=1452, stack(0x00000000161a0000,0x00000000162a0000)]
  0x0000000014c3a800 JavaThread "Signal Dispatcher" daemon [_thread_blocked, id=6236, stack(0x00000000160a0000,0x00000000161a0000)]
  0x0000000014c2a800 JavaThread "Finalizer" daemon [_thread_blocked, id=2156, stack(0x0000000015eb0000,0x0000000015fb0000)]
  0x00000000024e0000 JavaThread "Reference Handler" daemon [_thread_blocked, id=448, stack(0x0000000015db0000,0x0000000015eb0000)]
  0x000000000256d800 JavaThread "main" [_thread_in_vm, id=11240, stack(0x00000000022b0000,0x00000000023b0000)]

Other Threads:
  0x0000000014c08000 VMThread [stack: 0x0000000015cb0000,0x0000000015db0000] [id=7300]
  0x00000000164b4800 WatcherThread [stack: 0x0000000016aa0000,0x0000000016ba0000] [id=688]

VM state:synchronizing (normal execution)

VM Mutex/Monitor currently owned by a thread:  ([mutex/lock_event])
[0x000000000256c830] Threads_lock - owner thread: 0x0000000014c08000

Heap:
 PSYoungGen      total 18944K, used 3949K [0x00000000eab00000, 0x00000000ec000000, 0x0000000100000000)
  eden space 16384K, 24% used [0x00000000eab00000,0x00000000eaedb510,0x00000000ebb00000)
  from space 2560K, 0% used [0x00000000ebd80000,0x00000000ebd80000,0x00000000ec000000)
  to   space 2560K, 0% used [0x00000000ebb00000,0x00000000ebb00000,0x00000000ebd80000)
 ParOldGen       total 44032K, used 0K [0x00000000c0000000, 0x00000000c2b00000, 0x00000000eab00000)
  object space 44032K, 0% used [0x00000000c0000000,0x00000000c0000000,0x00000000c2b00000)
 Metaspace       used 3918K, capacity 5232K, committed 5376K, reserved 1056768K
  class space    used 442K, capacity 488K, committed 512K, reserved 1048576K

Card table byte_map: [0x0000000011930000,0x0000000011b40000] byte_map_base: 0x0000000011330000

Marking Bits: (ParMarkBitMap*) 0x000000005ff2a6d0
 Begin Bits: [0x00000000120a0000, 0x00000000130a0000)
 End Bits:   [0x00000000130a0000, 0x00000000140a0000)

Polling page: 0x00000000023b0000

CodeCache: size=245760Kb used=1358Kb max_used=1368Kb free=244401Kb
 bounds [0x0000000002570000, 0x00000000027e0000, 0x0000000011570000]
 total_blobs=414 nmethods=161 adapters=166
 compilation: enabled

Compilation events (10 events):
Event: 0.837 Thread 0x00000000164a8800 nmethod 153 0x00000000026bff10 code [0x00000000026c0100, 0x00000000026c0bc8]
Event: 0.837 Thread 0x00000000164a8800  154       3       com.android.dx.rop.cst.Constant::<init> (5 bytes)
Event: 0.837 Thread 0x00000000164a8800 nmethod 154 0x00000000026c1050 code [0x00000000026c11a0, 0x00000000026c1350]
Event: 0.837 Thread 0x00000000164a8800  155       1       com.android.dx.util.ByteArray::size (5 bytes)
Event: 0.837 Thread 0x00000000164a8800 nmethod 155 0x00000000026c1410 code [0x00000000026c1560, 0x00000000026c1670]
Event: 0.837 Thread 0x00000000164a8800  152   !   3       java.util.zip.ZipFile$ZipFileInputStream::close (110 bytes)
Event: 0.837 Thread 0x0000000014c40800  156       4       com.android.dx.util.ByteArray::checkOffsets (66 bytes)
Event: 0.838 Thread 0x00000000164a8800 nmethod 152 0x00000000026c16d0 code [0x00000000026c1880, 0x00000000026c2098]
Event: 0.838 Thread 0x0000000014c40800 nmethod 156 0x00000000026c50d0 code [0x00000000026c5200, 0x00000000026c52b8]
Event: 0.838 Thread 0x00000000164a8800  157   !   3       com.android.dx.cf.cst.ConstantPoolParser::parse0 (731 bytes)

GC Heap History (0 events):
No events

Deoptimization events (0 events):
No events

Internal exceptions (2 events):
Event: 0.081 Thread 0x000000000256d800 Exception <a 'java/lang/NoSuchMethodError': Method sun.misc.Unsafe.defineClass(Ljava/lang/String;[BII)Ljava/lang/Class; name or signature does not match> (0x00000000eab07cc0) thrown at [C:\re\workspace\8-2-build-windows-amd64-cygwin\jdk8u101\7261\hotspot\sšºyþ§´?
Event: 0.081 Thread 0x000000000256d800 Exception <a 'java/lang/NoSuchMethodError': Method sun.misc.Unsafe.prefetchRead(Ljava/lang/Object;J)V name or signature does not match> (0x00000000eab07fa8) thrown at [C:\re\workspace\8-2-build-windows-amd64-cygwin\jdk8u101\7261\hotspot\src\share\vm\prims\

Events (10 events):
Event: 0.733 loading class java/util/concurrent/ThreadPoolExecutor$Worker done
Event: 0.734 Thread 0x00000000165d6800 Thread added: 0x00000000165d6800
Event: 0.734 loading class com/android/dx/command/dexer/Main$ClassDefItemConsumer
Event: 0.734 loading class com/android/dx/command/dexer/Main$ClassDefItemConsumer done
Event: 0.736 Thread 0x00000000165fc000 Thread added: 0x00000000165fc000
Event: 0.835 Thread 0x00000000165ff800 Thread added: 0x00000000165ff800
Event: 0.839 loading class com/android/dx/cf/attrib/RawAttribute
Event: 0.839 loading class com/android/dx/cf/attrib/RawAttribute done
Event: 0.963 loading class com/android/dx/cf/code/ByteCatchList$Item
Event: 0.963 loading class com/android/dx/cf/code/ByteCatchList$Item done


Dynamic libraries:
0x00007ff768130000 - 0x00007ff768167000 	C:\Program Files\Java\jdk1.8.0_101\bin\java.exe
0x00007ffe4ddf0000 - 0x00007ffe4dfc1000 	C:\WINDOWS\SYSTEM32\ntdll.dll
0x00007ffe4d980000 - 0x00007ffe4da2b000 	C:\WINDOWS\System32\KERNEL32.DLL
0x00007ffe4ad90000 - 0x00007ffe4afad000 	C:\WINDOWS\System32\KERNELBASE.dll
0x00007ffe4dd00000 - 0x00007ffe4dda2000 	C:\WINDOWS\System32\ADVAPI32.dll
0x00007ffe4dba0000 - 0x00007ffe4dc3e000 	C:\WINDOWS\System32\msvcrt.dll
0x00007ffe4b380000 - 0x00007ffe4b3d9000 	C:\WINDOWS\System32\sechost.dll
0x00007ffe4d6a0000 - 0x00007ffe4d7c1000 	C:\WINDOWS\System32\RPCRT4.dll
0x00007ffe4cf70000 - 0x00007ffe4d0d5000 	C:\WINDOWS\System32\USER32.dll
0x00007ffe4a590000 - 0x00007ffe4a5ae000 	C:\WINDOWS\System32\win32u.dll
0x00007ffe4ddb0000 - 0x00007ffe4dde4000 	C:\WINDOWS\System32\GDI32.dll
0x00007ffe4afb0000 - 0x00007ffe4b132000 	C:\WINDOWS\System32\gdi32full.dll
0x00007ffe3bf30000 - 0x00007ffe3c1a9000 	C:\WINDOWS\WinSxS\amd64_microsoft.windows.common-controls_6595b64144ccf1df_6.0.14393.447_none_42191651c6827bb3\COMCTL32.dll
0x00007ffe4b5a0000 - 0x00007ffe4b868000 	C:\WINDOWS\System32\combase.dll
0x00007ffe4a340000 - 0x00007ffe4a435000 	C:\WINDOWS\System32\ucrtbase.dll
0x00007ffe4b310000 - 0x00007ffe4b37a000 	C:\WINDOWS\System32\bcryptPrimitives.dll
0x00007ffe4cd80000 - 0x00007ffe4cdae000 	C:\WINDOWS\System32\IMM32.DLL
0x000000005f1a0000 - 0x000000005f272000 	C:\Program Files\Java\jdk1.8.0_101\jre\bin\msvcr100.dll
0x000000005f710000 - 0x000000005ffaa000 	C:\Program Files\Java\jdk1.8.0_101\jre\bin\server\jvm.dll
0x00007ffe4d0e0000 - 0x00007ffe4d0e8000 	C:\WINDOWS\System32\PSAPI.DLL
0x00007ffe47c90000 - 0x00007ffe47c99000 	C:\WINDOWS\SYSTEM32\WSOCK32.dll
0x00007ffe4d160000 - 0x00007ffe4d1ca000 	C:\WINDOWS\System32\WS2_32.dll
0x00007ffe48760000 - 0x00007ffe48783000 	C:\WINDOWS\SYSTEM32\WINMM.dll
0x00007ffe3b840000 - 0x00007ffe3b84a000 	C:\WINDOWS\SYSTEM32\VERSION.dll
0x00007ffe48700000 - 0x00007ffe4872b000 	C:\WINDOWS\SYSTEM32\WINMMBASE.dll
0x00007ffe4a660000 - 0x00007ffe4a6a2000 	C:\WINDOWS\System32\cfgmgr32.dll
0x000000005f620000 - 0x000000005f62f000 	C:\Program Files\Java\jdk1.8.0_101\jre\bin\verify.dll
0x000000005f5f0000 - 0x000000005f619000 	C:\Program Files\Java\jdk1.8.0_101\jre\bin\java.dll
0x000000005f5d0000 - 0x000000005f5e6000 	C:\Program Files\Java\jdk1.8.0_101\jre\bin\zip.dll
0x00007ffe4b870000 - 0x00007ffe4cd79000 	C:\WINDOWS\System32\SHELL32.dll
0x00007ffe4a6b0000 - 0x00007ffe4ad8a000 	C:\WINDOWS\System32\windows.storage.dll
0x00007ffe4a280000 - 0x00007ffe4a2cc000 	C:\WINDOWS\System32\powrprof.dll
0x00007ffe4cdb0000 - 0x00007ffe4ce02000 	C:\WINDOWS\System32\shlwapi.dll
0x00007ffe4a250000 - 0x00007ffe4a25f000 	C:\WINDOWS\System32\kernel.appcore.dll
0x00007ffe4a5b0000 - 0x00007ffe4a659000 	C:\WINDOWS\System32\shcore.dll
0x00007ffe4a260000 - 0x00007ffe4a274000 	C:\WINDOWS\System32\profapi.dll

VM Arguments:
jvm_args: -Djava.awt.headless=true -Xmx1024M -Dfile.encoding=windows-1252 -Duser.country=US -Duser.language=en -Duser.variant 
java_command: com.android.dx.command.Main --dex --num-threads=4 --output D:\Code\parker-android\ParkerApp\app\build\intermediates\pre-dexed\debug\com.android.support-support-vector-drawable-25.0.1_2568c71a09bb5990316b0adbd518bd6d67ce3b5e.jar D:\Code\parker-android\ParkerApp\app\build\intermediates\exploded-aar\com.android.support\support-vector-drawable\25.0.1\jars\classes.jar
java_class_path (initial): C:\Users\Eric\AppData\Local\Android\sdk\build-tools\24.0.2\lib\dx.jar
Launcher Type: SUN_STANDARD

Environment Variables:
JAVA_HOME=C:\Program Files\Java\jdk1.8.0_101
PATH=C:\ProgramData\Oracle\Java\javapath;C:\Program Files\PHP\v7.0;c:\watcom-1.3\binnt;c:\watcom-1.3\binw;C:\WINDOWS\system32;C:\WINDOWS;C:\WINDOWS\System32\Wbem;C:\WINDOWS\System32\WindowsPowerShell\v1.0\;C:\Users\Eric\.dnx\bin;C:\Program Files\Microsoft DNX\Dnvm\;C:\Program Files (x86)\Skype\Phone\;C:\Program Files\Microsoft SQL Server\Client SDK\ODBC\110\Tools\Binn\;C:\Program Files (x86)\Microsoft SQL Server\120\Tools\Binn\ManagementStudio\;C:\Program Files (x86)\Microsoft SQL Server\120\Tools\Binn\;C:\Program Files\Microsoft SQL Server\120\Tools\Binn\;C:\Program Files (x86)\Microsoft SQL Server\120\DTS\Binn\;C:\Program Files\Microsoft SQL Server\120\DTS\Binn\;C:\Users\Eric\AppData\Roaming\npm;C:\Users\Eric\AppData\Local\Programs\Python\Python35-32;C:\WINDOWS\system32\config\systemprofile\.dnx\bin;C:\Program Files (x86)\nodejs\;C:\Program Files (x86)\Microsoft Emulator Manager\1.0\;C:\Program Files\Git\cmd;C:\Program Files (x86)\Windows Kits\10\Windows Performance Toolkit\;C:\WINDOWS\system32;C:\WINDOWS;C:\WINDOWS\System32\Wbem;C:\WINDOWS\System32\WindowsPowerShell\v1.0\;C:\Program Files\MySQL\MySQL Utilities 1.6\;C:\Ruby23-x64\bin;C:\Users\Eric\AppData\Roaming\npm;C:\Users\Eric\AppData\Local\Microsoft\WindowsApps;C:\Program Files\Java\jdk1.8.0_101\bin;C:\Users\Eric\apache-ant-1.9.7\bin;C:\Users\Eric\AppData\Local\Android\sdk\tools;C:\Users\Eric\AppData\Local\Android\sdk\platform-tools;C:\Program Files (x86)\Microsoft VS Code\bin;C:\Users\Eric\AppData\Local\atom\bin
USERNAME=Eric
OS=Windows_NT
PROCESSOR_IDENTIFIER=Intel64 Family 6 Model 58 Stepping 9, GenuineIntel



---------------  S Y S T E M  ---------------

OS: Windows 10.0 , 64 bit Build 14393 (10.0.14393.0)

CPU:total 4 (2 cores per cpu, 2 threads per core) family 6 model 58 stepping 9, cmov, cx8, fxsr, mmx, sse, sse2, sse3, ssse3, sse4.1, sse4.2, popcnt, avx, aes, clmul, erms, ht, tsc, tscinvbit, tscinv

Memory: 4k page, physical 4075224k(259368k free), swap 7983100k(9748k free)

vm_info: Java HotSpot(TM) 64-Bit Server VM (25.101-b13) for windows-amd64 JRE (1.8.0_101-b13), built on Jun 22 2016 01:21:29 by "java_re" with MS VC++ 10.0 (VS2010)

time: Thu Mar 16 00:20:55 2017
elapsed time: 1 seconds (0d 0h 0m 1s)

