#
# There is insufficient memory for the Java Runtime Environment to continue.
# Native memory allocation (malloc) failed to allocate 131088 bytes for Chunk::new
# Possible reasons:
#   The system is out of physical RAM or swap space
#   In 32 bit mode, the process size limit was hit
# Possible solutions:
#   Reduce memory load on the system
#   Increase physical memory or swap space
#   Check if swap backing store is full
#   Use 64 bit Java on a 64 bit OS
#   Decrease Java heap size (-Xmx/-Xms)
#   Decrease number of Java threads
#   Decrease Java thread stack sizes (-Xss)
#   Set larger code cache with -XX:ReservedCodeCacheSize=
# This output file may be truncated or incomplete.
#
#  Out of Memory Error (allocation.cpp:390), pid=4028, tid=0x0000000000001864
#
# JRE version: Java(TM) SE Runtime Environment (8.0_101-b13) (build 1.8.0_101-b13)
# Java VM: Java HotSpot(TM) 64-Bit Server VM (25.101-b13 mixed mode windows-amd64 compressed oops)
# Failed to write core dump. Minidumps are not enabled by default on client versions of Windows
#

---------------  T H R E A D  ---------------

Current thread (0x0000000014ace800):  JavaThread "C2 CompilerThread0" daemon [_thread_in_native, id=6244, stack(0x0000000016110000,0x0000000016210000)]

Stack: [0x0000000016110000,0x0000000016210000]
[error occurred during error reporting (printing stack bounds), id 0xc0000005]

Native frames: (J=compiled Java code, j=interpreted, Vv=VM code, C=native code)


Current CompileTask:
C2:   2496 1352   !   4       com.android.dx.cf.cst.ConstantPoolParser::parse0 (731 bytes)


---------------  P R O C E S S  ---------------

Java Threads: ( => current thread )
  0x0000000016783000 JavaThread "pool-2-thread-4" [_thread_in_Java, id=9640, stack(0x0000000016e10000,0x0000000016f10000)]
  0x0000000016782000 JavaThread "pool-2-thread-3" [_thread_in_Java, id=4416, stack(0x0000000016d10000,0x0000000016e10000)]
  0x0000000016781000 JavaThread "pool-2-thread-2" [_thread_in_Java, id=5964, stack(0x0000000016c10000,0x0000000016d10000)]
  0x00000000166b5800 JavaThread "pool-3-thread-1" [_thread_blocked, id=10616, stack(0x0000000016b10000,0x0000000016c10000)]
  0x000000001677b800 JavaThread "pool-2-thread-1" [_thread_in_Java, id=11780, stack(0x0000000016a10000,0x0000000016b10000)]
  0x0000000016413000 JavaThread "Service Thread" daemon [_thread_blocked, id=9960, stack(0x0000000016810000,0x0000000016910000)]
  0x0000000014b23800 JavaThread "C1 CompilerThread2" daemon [_thread_blocked, id=11824, stack(0x0000000016310000,0x0000000016410000)]
  0x0000000014ad0800 JavaThread "C2 CompilerThread1" daemon [_thread_in_native, id=3616, stack(0x0000000016210000,0x0000000016310000)]
=>0x0000000014ace800 JavaThread "C2 CompilerThread0" daemon [_thread_in_native, id=6244, stack(0x0000000016110000,0x0000000016210000)]
  0x0000000014acb800 JavaThread "Attach Listener" daemon [_thread_blocked, id=2892, stack(0x0000000016010000,0x0000000016110000)]
  0x0000000014aca000 JavaThread "Signal Dispatcher" daemon [_thread_blocked, id=996, stack(0x0000000015f10000,0x0000000016010000)]
  0x0000000014aba800 JavaThread "Finalizer" daemon [_thread_blocked, id=8812, stack(0x0000000015d20000,0x0000000015e20000)]
  0x0000000014a99000 JavaThread "Reference Handler" daemon [_thread_blocked, id=7736, stack(0x0000000015c20000,0x0000000015d20000)]
  0x00000000022fd800 JavaThread "main" [_thread_in_Java, id=7848, stack(0x00000000021a0000,0x00000000022a0000)]

Other Threads:
  0x0000000014a97000 VMThread [stack: 0x0000000015b20000,0x0000000015c20000] [id=11348]
  0x000000001641c000 WatcherThread [stack: 0x0000000016910000,0x0000000016a10000] [id=4708]

VM state:not at safepoint (normal execution)

VM Mutex/Monitor currently owned by a thread: None

Heap:
 PSYoungGen      total 35328K, used 22517K [0x00000000eab00000, 0x00000000ed000000, 0x0000000100000000)
  eden space 32768K, 61% used [0x00000000eab00000,0x00000000ebe85660,0x00000000ecb00000)
  from space 2560K, 98% used [0x00000000ecb00000,0x00000000ecd78010,0x00000000ecd80000)
  to   space 2560K, 0% used [0x00000000ecd80000,0x00000000ecd80000,0x00000000ed000000)
 ParOldGen       total 44032K, used 7402K [0x00000000c0000000, 0x00000000c2b00000, 0x00000000eab00000)
  object space 44032K, 16% used [0x00000000c0000000,0x00000000c073a8e8,0x00000000c2b00000)
 Metaspace       used 6175K, capacity 7152K, committed 7296K, reserved 1056768K
  class space    used 592K, capacity 616K, committed 640K, reserved 1048576K

Card table byte_map: [0x00000000117c0000,0x00000000119d0000] byte_map_base: 0x00000000111c0000

Marking Bits: (ParMarkBitMap*) 0x000000006a66a6d0
 Begin Bits: [0x0000000011f30000, 0x0000000012f30000)
 End Bits:   [0x0000000012f30000, 0x0000000013f30000)

Polling page: 0x0000000000620000

CodeCache: size=245760Kb used=6284Kb max_used=6284Kb free=239475Kb
 bounds [0x0000000002400000, 0x0000000002a30000, 0x0000000011400000]
 total_blobs=1861 nmethods=1595 adapters=179
 compilation: enabled

Compilation events (10 events):
Event: 2.125 Thread 0x0000000014b23800 1392       3       com.android.dx.ssa.back.FirstFitLocalCombiningAllocator::rangeContainsReserved (30 bytes)
Event: 2.126 Thread 0x0000000014b23800 nmethod 1392 0x000000000296b790 code [0x000000000296b900, 0x000000000296bbc8]
Event: 2.127 Thread 0x0000000014b23800 1393       3       com.android.dx.ssa.BasicRegisterMapper::oldToNew (22 bytes)
Event: 2.127 Thread 0x0000000014b23800 nmethod 1393 0x000000000298ea10 code [0x000000000298eb80, 0x000000000298ee68]
Event: 2.127 Thread 0x0000000014b23800 1394       3       java.util.concurrent.locks.ReentrantLock::unlock (10 bytes)
Event: 2.128 Thread 0x0000000014b23800 nmethod 1394 0x000000000298ef50 code [0x000000000298f0e0, 0x000000000298f4d8]
Event: 2.128 Thread 0x0000000014b23800 1395       3       java.util.concurrent.locks.AbstractQueuedSynchronizer::compareAndSetState (13 bytes)
Event: 2.128 Thread 0x0000000014b23800 nmethod 1395 0x000000000298f610 code [0x000000000298f760, 0x000000000298f8d0]
Event: 2.141 Thread 0x0000000014ace800 nmethod 1349 0x0000000002993d90 code [0x0000000002994060, 0x00000000029957c0]
Event: 2.141 Thread 0x0000000014ace800 1352   !   4       com.android.dx.cf.cst.ConstantPoolParser::parse0 (731 bytes)

GC Heap History (4 events):
Event: 0.822 GC heap before
{Heap before GC invocations=1 (full 0):
 PSYoungGen      total 18944K, used 16384K [0x00000000eab00000, 0x00000000ec000000, 0x0000000100000000)
  eden space 16384K, 100% used [0x00000000eab00000,0x00000000ebb00000,0x00000000ebb00000)
  from space 2560K, 0% used [0x00000000ebd80000,0x00000000ebd80000,0x00000000ec000000)
  to   space 2560K, 0% used [0x00000000ebb00000,0x00000000ebb00000,0x00000000ebd80000)
 ParOldGen       total 44032K, used 0K [0x00000000c0000000, 0x00000000c2b00000, 0x00000000eab00000)
  object space 44032K, 0% used [0x00000000c0000000,0x00000000c0000000,0x00000000c2b00000)
 Metaspace       used 5347K, capacity 6448K, committed 6528K, reserved 1056768K
  class space    used 582K, capacity 616K, committed 640K, reserved 1048576K
Event: 0.832 GC heap after
Heap after GC invocations=1 (full 0):
 PSYoungGen      total 18944K, used 2556K [0x00000000eab00000, 0x00000000ed000000, 0x0000000100000000)
  eden space 16384K, 0% used [0x00000000eab00000,0x00000000eab00000,0x00000000ebb00000)
  from space 2560K, 99% used [0x00000000ebb00000,0x00000000ebd7f138,0x00000000ebd80000)
  to   space 2560K, 0% used [0x00000000ecd80000,0x00000000ecd80000,0x00000000ed000000)
 ParOldGen       total 44032K, used 586K [0x00000000c0000000, 0x00000000c2b00000, 0x00000000eab00000)
  object space 44032K, 1% used [0x00000000c0000000,0x00000000c0092a08,0x00000000c2b00000)
 Metaspace       used 5347K, capacity 6448K, committed 6528K, reserved 1056768K
  class space    used 582K, capacity 616K, committed 640K, reserved 1048576K
}
Event: 1.885 GC heap before
{Heap before GC invocations=2 (full 0):
 PSYoungGen      total 18944K, used 18940K [0x00000000eab00000, 0x00000000ed000000, 0x0000000100000000)
  eden space 16384K, 100% used [0x00000000eab00000,0x00000000ebb00000,0x00000000ebb00000)
  from space 2560K, 99% used [0x00000000ebb00000,0x00000000ebd7f138,0x00000000ebd80000)
  to   space 2560K, 0% used [0x00000000ecd80000,0x00000000ecd80000,0x00000000ed000000)
 ParOldGen       total 44032K, used 586K [0x00000000c0000000, 0x00000000c2b00000, 0x00000000eab00000)
  object space 44032K, 1% used [0x00000000c0000000,0x00000000c0092a08,0x00000000c2b00000)
 Metaspace       used 5932K, capacity 6960K, committed 7040K, reserved 1056768K
  class space    used 592K, capacity 616K, committed 640K, reserved 1048576K
Event: 1.918 GC heap after
Heap after GC invocations=2 (full 0):
 PSYoungGen      total 35328K, used 2538K [0x00000000eab00000, 0x00000000ed000000, 0x0000000100000000)
  eden space 32768K, 0% used [0x00000000eab00000,0x00000000eab00000,0x00000000ecb00000)
  from space 2560K, 99% used [0x00000000ecd80000,0x00000000ecffaa90,0x00000000ed000000)
  to   space 2560K, 0% used [0x00000000ecb00000,0x00000000ecb00000,0x00000000ecd80000)
 ParOldGen       total 44032K, used 2154K [0x00000000c0000000, 0x00000000c2b00000, 0x00000000eab00000)
  object space 44032K, 4% used [0x00000000c0000000,0x00000000c021aa50,0x00000000c2b00000)
 Metaspace       used 5932K, capacity 6960K, committed 7040K, reserved 1056768K
  class space    used 592K, capacity 616K, committed 640K, reserved 1048576K
}

Deoptimization events (10 events):
Event: 1.270 Thread 0x0000000016781000 Uncommon trap: reason=unstable_if action=reinterpret pc=0x000000000272ad84 method=com.android.dx.rop.code.RegisterSpec.equals(ILcom/android/dx/rop/type/TypeBearer;Lcom/android/dx/rop/code/LocalItem;)Z @ 16
Event: 1.270 Thread 0x0000000016781000 Uncommon trap: reason=class_check action=maybe_recompile pc=0x0000000002755bb4 method=com.android.dx.rop.type.Type.equals(Ljava/lang/Object;)Z @ 8
Event: 1.270 Thread 0x0000000016781000 Uncommon trap: reason=class_check action=maybe_recompile pc=0x0000000002755bb4 method=com.android.dx.rop.type.Type.equals(Ljava/lang/Object;)Z @ 8
Event: 1.271 Thread 0x0000000016781000 Uncommon trap: reason=class_check action=maybe_recompile pc=0x0000000002755bb4 method=com.android.dx.rop.type.Type.equals(Ljava/lang/Object;)Z @ 8
Event: 1.271 Thread 0x0000000016781000 Uncommon trap: reason=class_check action=maybe_recompile pc=0x00000000027172e0 method=com.android.dx.rop.type.Type.equals(Ljava/lang/Object;)Z @ 8
Event: 1.271 Thread 0x0000000016781000 Uncommon trap: reason=unstable_if action=reinterpret pc=0x0000000002638868 method=java.util.HashMap.getNode(ILjava/lang/Object;)Ljava/util/HashMap$Node; @ 62
Event: 1.271 Thread 0x0000000016781000 Uncommon trap: reason=unstable_if action=reinterpret pc=0x0000000002618bf8 method=java.util.HashMap.getNode(ILjava/lang/Object;)Ljava/util/HashMap$Node; @ 62
Event: 1.389 Thread 0x0000000016783000 Uncommon trap: reason=unstable_if action=reinterpret pc=0x0000000002629ab0 method=java.util.BitSet.nextSetBit(I)I @ 87
Event: 1.463 Thread 0x00000000022fd800 Uncommon trap: reason=unstable_if action=reinterpret pc=0x000000000275b16c method=com.android.dx.rop.code.RegisterSpecSet.put(Lcom/android/dx/rop/code/RegisterSpec;)V @ 77
Event: 1.723 Thread 0x000000001677b800 Uncommon trap: reason=unstable_if action=reinterpret pc=0x00000000026f2b18 method=java.util.HashMap.getNode(ILjava/lang/Object;)Ljava/util/HashMap$Node; @ 62

Internal exceptions (2 events):
Event: 0.056 Thread 0x00000000022fd800 Exception <a 'java/lang/NoSuchMethodError': Method sun.misc.Unsafe.defineClass(Ljava/lang/String;[BII)Ljava/lang/Class; name or signature does not match> (0x00000000eab07cc0) thrown at [C:\re\workspace\8-2-build-windows-amd64-cygwin\jdk8u101\7261\hotspot\s!•Íe
Ÿ¬?
Event: 0.056 Thread 0x00000000022fd800 Exception <a 'java/lang/NoSuchMethodError': Method sun.misc.Unsafe.prefetchRead(Ljava/lang/Object;J)V name or signature does not match> (0x00000000eab07fa8) thrown at [C:\re\workspace\8-2-build-windows-amd64-cygwin\jdk8u101\7261\hotspot\src\share\vm\prims\

Events (10 events):
Event: 1.723 Thread 0x000000001677b800 DEOPT PACKING pc=0x00000000026f2b18 sp=0x0000000016b0e970
Event: 1.723 Thread 0x000000001677b800 DEOPT UNPACKING pc=0x000000000244582a sp=0x0000000016b0e698 mode 2
Event: 1.754 Executing VM operation: ParallelGCFailedAllocation
Event: 1.918 Executing VM operation: ParallelGCFailedAllocation done
Event: 1.978 Thread 0x0000000016783000 DEOPT PACKING pc=0x000000000263d925 sp=0x0000000016f0e780
Event: 1.978 Thread 0x0000000016783000 DEOPT UNPACKING pc=0x000000000244787f sp=0x0000000016f0e560 mode 0
Event: 2.025 Thread 0x0000000016783000 DEOPT PACKING pc=0x000000000263d925 sp=0x0000000016f0e680
Event: 2.025 Thread 0x0000000016783000 DEOPT UNPACKING pc=0x000000000244787f sp=0x0000000016f0e460 mode 0
Event: 2.048 Thread 0x000000001677b800 DEOPT PACKING pc=0x000000000263db0f sp=0x0000000016b0eae0
Event: 2.048 Thread 0x000000001677b800 DEOPT UNPACKING pc=0x000000000244787f sp=0x0000000016b0e8c0 mode 0


Dynamic libraries:
0x00007ff775ca0000 - 0x00007ff775cd7000 	C:\Program Files\Java\jdk1.8.0_101\bin\java.exe
0x00007ffdc4c20000 - 0x00007ffdc4df1000 	C:\WINDOWS\SYSTEM32\ntdll.dll
0x00007ffdc4b70000 - 0x00007ffdc4c1b000 	C:\WINDOWS\System32\KERNEL32.DLL
0x00007ffdc1220000 - 0x00007ffdc143d000 	C:\WINDOWS\System32\KERNELBASE.dll
0x00007ffdc28e0000 - 0x00007ffdc2982000 	C:\WINDOWS\System32\ADVAPI32.dll
0x00007ffdc2680000 - 0x00007ffdc271e000 	C:\WINDOWS\System32\msvcrt.dll
0x00007ffdc4490000 - 0x00007ffdc44e9000 	C:\WINDOWS\System32\sechost.dll
0x00007ffdc21b0000 - 0x00007ffdc22d1000 	C:\WINDOWS\System32\RPCRT4.dll
0x00007ffdc2a60000 - 0x00007ffdc2bc5000 	C:\WINDOWS\System32\USER32.dll
0x00007ffdc1be0000 - 0x00007ffdc1bfe000 	C:\WINDOWS\System32\win32u.dll
0x00007ffdc2420000 - 0x00007ffdc2454000 	C:\WINDOWS\System32\GDI32.dll
0x00007ffdc1e50000 - 0x00007ffdc1fd2000 	C:\WINDOWS\System32\gdi32full.dll
0x00007ffdb43f0000 - 0x00007ffdb4669000 	C:\WINDOWS\WinSxS\amd64_microsoft.windows.common-controls_6595b64144ccf1df_6.0.14393.447_none_42191651c6827bb3\COMCTL32.dll
0x00007ffdc2bd0000 - 0x00007ffdc2e98000 	C:\WINDOWS\System32\combase.dll
0x00007ffdc1d50000 - 0x00007ffdc1e45000 	C:\WINDOWS\System32\ucrtbase.dll
0x00007ffdc1440000 - 0x00007ffdc14aa000 	C:\WINDOWS\System32\bcryptPrimitives.dll
0x00007ffdc22e0000 - 0x00007ffdc230e000 	C:\WINDOWS\System32\IMM32.DLL
0x00000000698e0000 - 0x00000000699b2000 	C:\Program Files\Java\jdk1.8.0_101\jre\bin\msvcr100.dll
0x0000000069e50000 - 0x000000006a6ea000 	C:\Program Files\Java\jdk1.8.0_101\jre\bin\server\jvm.dll
0x00007ffdc2460000 - 0x00007ffdc2468000 	C:\WINDOWS\System32\PSAPI.DLL
0x00007ffdb8000000 - 0x00007ffdb8009000 	C:\WINDOWS\SYSTEM32\WSOCK32.dll
0x00007ffdbebe0000 - 0x00007ffdbec03000 	C:\WINDOWS\SYSTEM32\WINMM.dll
0x00007ffdc29f0000 - 0x00007ffdc2a5a000 	C:\WINDOWS\System32\WS2_32.dll
0x00007ffdbf5d0000 - 0x00007ffdbf5da000 	C:\WINDOWS\SYSTEM32\VERSION.dll
0x00007ffdbeb80000 - 0x00007ffdbebab000 	C:\WINDOWS\SYSTEM32\WINMMBASE.dll
0x00007ffdc14b0000 - 0x00007ffdc14f2000 	C:\WINDOWS\System32\cfgmgr32.dll
0x0000000069d60000 - 0x0000000069d6f000 	C:\Program Files\Java\jdk1.8.0_101\jre\bin\verify.dll
0x0000000069d30000 - 0x0000000069d59000 	C:\Program Files\Java\jdk1.8.0_101\jre\bin\java.dll
0x0000000069d10000 - 0x0000000069d26000 	C:\Program Files\Java\jdk1.8.0_101\jre\bin\zip.dll
0x00007ffdc2ea0000 - 0x00007ffdc43a9000 	C:\WINDOWS\System32\SHELL32.dll
0x00007ffdc1500000 - 0x00007ffdc1bda000 	C:\WINDOWS\System32\windows.storage.dll
0x00007ffdc10c0000 - 0x00007ffdc110c000 	C:\WINDOWS\System32\powrprof.dll
0x00007ffdc2720000 - 0x00007ffdc2772000 	C:\WINDOWS\System32\shlwapi.dll
0x00007ffdc10b0000 - 0x00007ffdc10bf000 	C:\WINDOWS\System32\kernel.appcore.dll
0x00007ffdc1110000 - 0x00007ffdc11b9000 	C:\WINDOWS\System32\shcore.dll
0x00007ffdc1080000 - 0x00007ffdc1094000 	C:\WINDOWS\System32\profapi.dll

VM Arguments:
jvm_args: -Djava.awt.headless=true -Xmx1024M -Dfile.encoding=windows-1252 -Duser.country=US -Duser.language=en -Duser.variant 
java_command: com.android.dx.command.Main --dex --force-jumbo --num-threads=4 --multi-dex --output D:\Code\parker-android\ParkerApp\app\build\intermediates\transforms\dex\debug\folders\1000\10\com.android.support-support-compat-25.0.1_47bff9a6e689f59a914224fe5caa52b34712ca7f D:\Code\parker-android\ParkerApp\app\build\intermediates\exploded-aar\com.android.support\support-compat\25.0.1\jars\classes.jar
java_class_path (initial): C:\Users\Eric\AppData\Local\Android\sdk\build-tools\24.0.2\lib\dx.jar
Launcher Type: SUN_STANDARD

Environment Variables:
JAVA_HOME=C:\Program Files\Java\jdk1.8.0_101
PATH=C:\ProgramData\Oracle\Java\javapath;C:\Program Files\PHP\v7.0;c:\watcom-1.3\binnt;c:\watcom-1.3\binw;C:\WINDOWS\system32;C:\WINDOWS;C:\WINDOWS\System32\Wbem;C:\WINDOWS\System32\WindowsPowerShell\v1.0\;C:\Users\Eric\.dnx\bin;C:\Program Files\Microsoft DNX\Dnvm\;C:\Program Files (x86)\Skype\Phone\;C:\Program Files\Microsoft SQL Server\Client SDK\ODBC\110\Tools\Binn\;C:\Program Files (x86)\Microsoft SQL Server\120\Tools\Binn\ManagementStudio\;C:\Program Files (x86)\Microsoft SQL Server\120\Tools\Binn\;C:\Program Files\Microsoft SQL Server\120\Tools\Binn\;C:\Program Files (x86)\Microsoft SQL Server\120\DTS\Binn\;C:\Program Files\Microsoft SQL Server\120\DTS\Binn\;C:\Users\Eric\AppData\Roaming\npm;C:\Users\Eric\AppData\Local\Programs\Python\Python35-32;C:\Users\Eric\.dnx\bin;C:\Program Files (x86)\nodejs\;C:\Program Files (x86)\Microsoft Emulator Manager\1.0\;C:\Program Files\Git\cmd;C:\Program Files (x86)\Windows Kits\10\Windows Performance Toolkit\;C:\WINDOWS\system32;C:\WINDOWS;C:\WINDOWS\System32\Wbem;C:\WINDOWS\System32\WindowsPowerShell\v1.0\;C:\Program Files\MySQL\MySQL Utilities 1.6\;C:\Ruby23-x64\bin;C:\Users\Eric\AppData\Roaming\npm;C:\Users\Eric\AppData\Local\Microsoft\WindowsApps;C:\Program Files\Java\jdk1.8.0_101\bin;C:\Users\Eric\apache-ant-1.9.7\bin;C:\Users\Eric\AppData\Local\Android\sdk\tools;C:\Users\Eric\AppData\Local\Android\sdk\platform-tools;C:\Program Files (x86)\Microsoft VS Code\bin;C:\Users\Eric\AppData\Local\atom\bin
USERNAME=Eric
OS=Windows_NT
PROCESSOR_IDENTIFIER=Intel64 Family 6 Model 58 Stepping 9, GenuineIntel



---------------  S Y S T E M  ---------------

OS: Windows 10.0 , 64 bit Build 14393 (10.0.14393.0)

CPU:total 4 (2 cores per cpu, 2 threads per core) family 6 model 58 stepping 9, cmov, cx8, fxsr, mmx, sse, sse2, sse3, ssse3, sse4.1, sse4.2, popcnt, avx, aes, clmul, erms, ht, tsc, tscinvbit, tscinv

Memory: 4k page, physical 4075224k(459836k free), swap 8357424k(1708k free)

vm_info: Java HotSpot(TM) 64-Bit Server VM (25.101-b13) for windows-amd64 JRE (1.8.0_101-b13), built on Jun 22 2016 01:21:29 by "java_re" with MS VC++ 10.0 (VS2010)

time: Tue Mar 14 21:35:10 2017
elapsed time: 2 seconds (0d 0h 0m 2s)

