#
# There is insufficient memory for the Java Runtime Environment to continue.
# Native memory allocation (malloc) failed to allocate 883216 bytes for Chunk::new
# Possible reasons:
#   The system is out of physical RAM or swap space
#   In 32 bit mode, the process size limit was hit
# Possible solutions:
#   Reduce memory load on the system
#   Increase physical memory or swap space
#   Check if swap backing store is full
#   Use 64 bit Java on a 64 bit OS
#   Decrease Java heap size (-Xmx/-Xms)
#   Decrease number of Java threads
#   Decrease Java thread stack sizes (-Xss)
#   Set larger code cache with -XX:ReservedCodeCacheSize=
# This output file may be truncated or incomplete.
#
#  Out of Memory Error (allocation.cpp:390), pid=6468, tid=0x0000000000001a74
#
# JRE version: Java(TM) SE Runtime Environment (8.0_101-b13) (build 1.8.0_101-b13)
# Java VM: Java HotSpot(TM) 64-Bit Server VM (25.101-b13 mixed mode windows-amd64 compressed oops)
# Failed to write core dump. Minidumps are not enabled by default on client versions of Windows
#

---------------  T H R E A D  ---------------

Current thread (0x000000001576e800):  JavaThread "C2 CompilerThread0" daemon [_thread_in_native, id=6772, stack(0x0000000016db0000,0x0000000016eb0000)]

Stack: [0x0000000016db0000,0x0000000016eb0000]
[error occurred during error reporting (printing stack bounds), id 0xc0000005]

Native frames: (J=compiled Java code, j=interpreted, Vv=VM code, C=native code)


Current CompileTask:
C2:   2310 1099       4       com.android.dx.ssa.back.LivenessAnalyzer::run (231 bytes)


---------------  P R O C E S S  ---------------

Java Threads: ( => current thread )
  0x0000000017209800 JavaThread "pool-2-thread-4" [_thread_blocked, id=9120, stack(0x0000000017ab0000,0x0000000017bb0000)]
  0x0000000017206800 JavaThread "pool-2-thread-3" [_thread_in_Java, id=9984, stack(0x00000000179b0000,0x0000000017ab0000)]
  0x000000001710c000 JavaThread "pool-2-thread-2" [_thread_blocked, id=2872, stack(0x00000000178b0000,0x00000000179b0000)]
  0x00000000170e0800 JavaThread "pool-3-thread-1" [_thread_blocked, id=9132, stack(0x00000000177b0000,0x00000000178b0000)]
  0x00000000170e0000 JavaThread "pool-2-thread-1" [_thread_blocked, id=8760, stack(0x00000000176b0000,0x00000000177b0000)]
  0x0000000016fc3000 JavaThread "Service Thread" daemon [_thread_blocked, id=10480, stack(0x00000000174b0000,0x00000000175b0000)]
  0x0000000016fc0800 JavaThread "C1 CompilerThread2" daemon [_thread_blocked, id=11128, stack(0x00000000173b0000,0x00000000174b0000)]
  0x0000000015770800 JavaThread "C2 CompilerThread1" daemon [_thread_in_native, id=5928, stack(0x0000000016eb0000,0x0000000016fb0000)]
=>0x000000001576e800 JavaThread "C2 CompilerThread0" daemon [_thread_in_native, id=6772, stack(0x0000000016db0000,0x0000000016eb0000)]
  0x000000001576b800 JavaThread "Attach Listener" daemon [_thread_blocked, id=9852, stack(0x0000000016cb0000,0x0000000016db0000)]
  0x000000001576a000 JavaThread "Signal Dispatcher" daemon [_thread_blocked, id=11912, stack(0x0000000016bb0000,0x0000000016cb0000)]
  0x000000001575a000 JavaThread "Finalizer" daemon [_thread_blocked, id=8416, stack(0x00000000169c0000,0x0000000016ac0000)]
  0x0000000003090000 JavaThread "Reference Handler" daemon [_thread_blocked, id=804, stack(0x00000000168c0000,0x00000000169c0000)]
  0x0000000002dfd800 JavaThread "main" [_thread_in_native, id=11332, stack(0x0000000002ea0000,0x0000000002fa0000)]

Other Threads:
  0x0000000015737000 VMThread [stack: 0x00000000167c0000,0x00000000168c0000] [id=9508]
  0x0000000016fc7800 WatcherThread [stack: 0x00000000175b0000,0x00000000176b0000] [id=12264]

VM state:not at safepoint (normal execution)

VM Mutex/Monitor currently owned by a thread: None

Heap:
 PSYoungGen      total 35328K, used 9424K [0x00000000eab00000, 0x00000000ed000000, 0x0000000100000000)
  eden space 32768K, 21% used [0x00000000eab00000,0x00000000eb1bb9a8,0x00000000ecb00000)
  from space 2560K, 98% used [0x00000000ecd80000,0x00000000ecff89c0,0x00000000ed000000)
  to   space 2560K, 0% used [0x00000000ecb00000,0x00000000ecb00000,0x00000000ecd80000)
 ParOldGen       total 44032K, used 9013K [0x00000000c0000000, 0x00000000c2b00000, 0x00000000eab00000)
  object space 44032K, 20% used [0x00000000c0000000,0x00000000c08cd7e8,0x00000000c2b00000)
 Metaspace       used 5704K, capacity 6832K, committed 7040K, reserved 1056768K
  class space    used 578K, capacity 616K, committed 640K, reserved 1048576K

Card table byte_map: [0x0000000012460000,0x0000000012670000] byte_map_base: 0x0000000011e60000

Marking Bits: (ParMarkBitMap*) 0x000000006a66a6d0
 Begin Bits: [0x0000000012bd0000, 0x0000000013bd0000)
 End Bits:   [0x0000000013bd0000, 0x0000000014bd0000)

Polling page: 0x00000000012b0000

CodeCache: size=245760Kb used=4566Kb max_used=4585Kb free=241193Kb
 bounds [0x00000000030a0000, 0x0000000003530000, 0x00000000120a0000]
 total_blobs=1371 nmethods=1110 adapters=174
 compilation: enabled

Compilation events (10 events):
Event: 2.147 Thread 0x0000000015770800 1105       4       com.android.dx.ssa.NormalSsaInsn::accept (25 bytes)
Event: 2.148 Thread 0x0000000016fc0800 nmethod 1122 0x000000000350aad0 code [0x000000000350ad60, 0x000000000350b868]
Event: 2.166 Thread 0x0000000015770800 nmethod 1105 0x0000000003513e90 code [0x00000000035140a0, 0x00000000035147f0]
Event: 2.166 Thread 0x0000000015770800 1106       4       com.android.dx.ssa.SsaBasicBlock::forEachInsn (37 bytes)
Event: 2.178 Thread 0x0000000016fc0800 1124       2       com.android.dx.ssa.SsaBasicBlock::replaceSuccessor (125 bytes)
Event: 2.180 Thread 0x0000000016fc0800 nmethod 1124 0x0000000003509a90 code [0x0000000003509ca0, 0x000000000350a298]
Event: 2.192 Thread 0x0000000015770800 nmethod 1106 0x0000000003517bd0 code [0x0000000003517e00, 0x0000000003518930]
Event: 2.192 Thread 0x0000000015770800 1094       4       com.android.dx.ssa.back.LivenessAnalyzer::handleTailRecursion (94 bytes)
Event: 2.297 Thread 0x0000000015770800 nmethod 1094 0x000000000351d410 code [0x000000000351d6a0, 0x000000000351f370]
Event: 2.297 Thread 0x0000000015770800 1097       4       com.android.dx.ssa.back.LivenessAnalyzer::liveOutAtBlock (68 bytes)

GC Heap History (4 events):
Event: 1.439 GC heap before
{Heap before GC invocations=1 (full 0):
 PSYoungGen      total 18944K, used 16384K [0x00000000eab00000, 0x00000000ec000000, 0x0000000100000000)
  eden space 16384K, 100% used [0x00000000eab00000,0x00000000ebb00000,0x00000000ebb00000)
  from space 2560K, 0% used [0x00000000ebd80000,0x00000000ebd80000,0x00000000ec000000)
  to   space 2560K, 0% used [0x00000000ebb00000,0x00000000ebb00000,0x00000000ebd80000)
 ParOldGen       total 44032K, used 0K [0x00000000c0000000, 0x00000000c2b00000, 0x00000000eab00000)
  object space 44032K, 0% used [0x00000000c0000000,0x00000000c0000000,0x00000000c2b00000)
 Metaspace       used 5643K, capacity 6768K, committed 7040K, reserved 1056768K
  class space    used 576K, capacity 616K, committed 640K, reserved 1048576K
Event: 1.484 GC heap after
Heap after GC invocations=1 (full 0):
 PSYoungGen      total 18944K, used 2531K [0x00000000eab00000, 0x00000000ed000000, 0x0000000100000000)
  eden space 16384K, 0% used [0x00000000eab00000,0x00000000eab00000,0x00000000ebb00000)
  from space 2560K, 98% used [0x00000000ebb00000,0x00000000ebd78c60,0x00000000ebd80000)
  to   space 2560K, 0% used [0x00000000ecd80000,0x00000000ecd80000,0x00000000ed000000)
 ParOldGen       total 44032K, used 2774K [0x00000000c0000000, 0x00000000c2b00000, 0x00000000eab00000)
  object space 44032K, 6% used [0x00000000c0000000,0x00000000c02b5978,0x00000000c2b00000)
 Metaspace       used 5643K, capacity 6768K, committed 7040K, reserved 1056768K
  class space    used 576K, capacity 616K, committed 640K, reserved 1048576K
}
Event: 2.009 GC heap before
{Heap before GC invocations=2 (full 0):
 PSYoungGen      total 18944K, used 18915K [0x00000000eab00000, 0x00000000ed000000, 0x0000000100000000)
  eden space 16384K, 100% used [0x00000000eab00000,0x00000000ebb00000,0x00000000ebb00000)
  from space 2560K, 98% used [0x00000000ebb00000,0x00000000ebd78c60,0x00000000ebd80000)
  to   space 2560K, 0% used [0x00000000ecd80000,0x00000000ecd80000,0x00000000ed000000)
 ParOldGen       total 44032K, used 2774K [0x00000000c0000000, 0x00000000c2b00000, 0x00000000eab00000)
  object space 44032K, 6% used [0x00000000c0000000,0x00000000c02b5978,0x00000000c2b00000)
 Metaspace       used 5690K, capacity 6832K, committed 7040K, reserved 1056768K
  class space    used 577K, capacity 616K, committed 640K, reserved 1048576K
Event: 2.026 GC heap after
Heap after GC invocations=2 (full 0):
 PSYoungGen      total 35328K, used 2530K [0x00000000eab00000, 0x00000000ed000000, 0x0000000100000000)
  eden space 32768K, 0% used [0x00000000eab00000,0x00000000eab00000,0x00000000ecb00000)
  from space 2560K, 98% used [0x00000000ecd80000,0x00000000ecff89c0,0x00000000ed000000)
  to   space 2560K, 0% used [0x00000000ecb00000,0x00000000ecb00000,0x00000000ecd80000)
 ParOldGen       total 44032K, used 9013K [0x00000000c0000000, 0x00000000c2b00000, 0x00000000eab00000)
  object space 44032K, 20% used [0x00000000c0000000,0x00000000c08cd7e8,0x00000000c2b00000)
 Metaspace       used 5690K, capacity 6832K, committed 7040K, reserved 1056768K
  class space    used 577K, capacity 616K, committed 640K, reserved 1048576K
}

Deoptimization events (10 events):
Event: 1.746 Thread 0x0000000017206800 Uncommon trap: reason=unstable_if action=reinterpret pc=0x000000000339d3a4 method=java.util.HashMap.getNode(ILjava/lang/Object;)Ljava/util/HashMap$Node; @ 129
Event: 1.746 Thread 0x0000000017206800 Uncommon trap: reason=unstable_if action=reinterpret pc=0x00000000034c4574 method=java.util.HashMap.putVal(ILjava/lang/Object;Ljava/lang/Object;ZZ)Ljava/lang/Object; @ 193
Event: 1.746 Thread 0x0000000017206800 Uncommon trap: reason=unstable_if action=reinterpret pc=0x000000000327a798 method=java.util.HashMap.getNode(ILjava/lang/Object;)Ljava/util/HashMap$Node; @ 129
Event: 1.748 Thread 0x0000000017206800 Uncommon trap: reason=unstable_if action=reinterpret pc=0x000000000332135c method=java.util.HashMap.getNode(ILjava/lang/Object;)Ljava/util/HashMap$Node; @ 129
Event: 1.748 Thread 0x0000000017206800 Uncommon trap: reason=unstable_if action=reinterpret pc=0x00000000034bd880 method=java.util.HashMap.putVal(ILjava/lang/Object;Ljava/lang/Object;ZZ)Ljava/lang/Object; @ 193
Event: 2.086 Thread 0x0000000017206800 Uncommon trap: reason=class_check action=maybe_recompile pc=0x0000000003409760 method=com.android.dx.ssa.NormalSsaInsn.accept(Lcom/android/dx/ssa/SsaInsn$Visitor;)V @ 9
Event: 2.086 Thread 0x0000000017206800 Uncommon trap: reason=class_check action=maybe_recompile pc=0x0000000003409760 method=com.android.dx.ssa.NormalSsaInsn.accept(Lcom/android/dx/ssa/SsaInsn$Visitor;)V @ 9
Event: 2.088 Thread 0x0000000017206800 Uncommon trap: reason=class_check action=maybe_recompile pc=0x0000000003409760 method=com.android.dx.ssa.NormalSsaInsn.accept(Lcom/android/dx/ssa/SsaInsn$Visitor;)V @ 9
Event: 2.089 Thread 0x0000000017206800 Uncommon trap: reason=class_check action=maybe_recompile pc=0x0000000003409760 method=com.android.dx.ssa.NormalSsaInsn.accept(Lcom/android/dx/ssa/SsaInsn$Visitor;)V @ 9
Event: 2.089 Thread 0x0000000017206800 Uncommon trap: reason=class_check action=maybe_recompile pc=0x00000000032dbcb0 method=com.android.dx.ssa.NormalSsaInsn.accept(Lcom/android/dx/ssa/SsaInsn$Visitor;)V @ 9

Internal exceptions (3 events):
Event: 0.076 Thread 0x0000000002dfd800 Exception <a 'java/lang/NoSuchMethodError': Method sun.misc.Unsafe.defineClass(Ljava/lang/String;[BII)Ljava/lang/Class; name or signature does not match> (0x00000000eab07cc0) thrown at [C:\re\workspace\8-2-build-windows-amd64-cygwin\jdk8u101\7261\hotspot\s¿odo³?
Event: 0.076 Thread 0x0000000002dfd800 Exception <a 'java/lang/NoSuchMethodError': Method sun.misc.Unsafe.prefetchRead(Ljava/lang/Object;J)V name or signature does not match> (0x00000000eab07fa8) thrown at [C:\re\workspace\8-2-build-windows-amd64-cygwin\jdk8u101\7261\hotspot\src\share\vm\prims\
Event: 1.223 Thread 0x00000000170e0000 Implicit null exception at 0x00000000033994a2 to 0x00000000033995a1

Events (10 events):
Event: 2.086 Thread 0x0000000017206800 DEOPT UNPACKING pc=0x00000000030e582a sp=0x0000000017aae220 mode 2
Event: 2.088 Thread 0x0000000017206800 Uncommon trap: trap_request=0xffffffde fr.pc=0x0000000003409760
Event: 2.088 Thread 0x0000000017206800 DEOPT PACKING pc=0x0000000003409760 sp=0x0000000017aae2c0
Event: 2.089 Thread 0x0000000017206800 DEOPT UNPACKING pc=0x00000000030e582a sp=0x0000000017aae220 mode 2
Event: 2.089 Thread 0x0000000017206800 Uncommon trap: trap_request=0xffffffde fr.pc=0x0000000003409760
Event: 2.089 Thread 0x0000000017206800 DEOPT PACKING pc=0x0000000003409760 sp=0x0000000017aae2c0
Event: 2.089 Thread 0x0000000017206800 DEOPT UNPACKING pc=0x00000000030e582a sp=0x0000000017aae220 mode 2
Event: 2.089 Thread 0x0000000017206800 Uncommon trap: trap_request=0xffffffde fr.pc=0x00000000032dbcb0
Event: 2.089 Thread 0x0000000017206800 DEOPT PACKING pc=0x00000000032dbcb0 sp=0x0000000017aae270
Event: 2.089 Thread 0x0000000017206800 DEOPT UNPACKING pc=0x00000000030e582a sp=0x0000000017aae210 mode 2


Dynamic libraries:
0x00007ff775ca0000 - 0x00007ff775cd7000 	C:\Program Files\Java\jdk1.8.0_101\bin\java.exe
0x00007ffdc4c20000 - 0x00007ffdc4df1000 	C:\WINDOWS\SYSTEM32\ntdll.dll
0x00007ffdc4b70000 - 0x00007ffdc4c1b000 	C:\WINDOWS\System32\KERNEL32.DLL
0x00007ffdc1220000 - 0x00007ffdc143d000 	C:\WINDOWS\System32\KERNELBASE.dll
0x00007ffdc28e0000 - 0x00007ffdc2982000 	C:\WINDOWS\System32\ADVAPI32.dll
0x00007ffdc2680000 - 0x00007ffdc271e000 	C:\WINDOWS\System32\msvcrt.dll
0x00007ffdc4490000 - 0x00007ffdc44e9000 	C:\WINDOWS\System32\sechost.dll
0x00007ffdc21b0000 - 0x00007ffdc22d1000 	C:\WINDOWS\System32\RPCRT4.dll
0x00007ffdc2a60000 - 0x00007ffdc2bc5000 	C:\WINDOWS\System32\USER32.dll
0x00007ffdc1be0000 - 0x00007ffdc1bfe000 	C:\WINDOWS\System32\win32u.dll
0x00007ffdc2420000 - 0x00007ffdc2454000 	C:\WINDOWS\System32\GDI32.dll
0x00007ffdc1e50000 - 0x00007ffdc1fd2000 	C:\WINDOWS\System32\gdi32full.dll
0x00007ffdb43f0000 - 0x00007ffdb4669000 	C:\WINDOWS\WinSxS\amd64_microsoft.windows.common-controls_6595b64144ccf1df_6.0.14393.447_none_42191651c6827bb3\COMCTL32.dll
0x00007ffdc2bd0000 - 0x00007ffdc2e98000 	C:\WINDOWS\System32\combase.dll
0x00007ffdc1d50000 - 0x00007ffdc1e45000 	C:\WINDOWS\System32\ucrtbase.dll
0x00007ffdc1440000 - 0x00007ffdc14aa000 	C:\WINDOWS\System32\bcryptPrimitives.dll
0x00007ffdc22e0000 - 0x00007ffdc230e000 	C:\WINDOWS\System32\IMM32.DLL
0x00000000698e0000 - 0x00000000699b2000 	C:\Program Files\Java\jdk1.8.0_101\jre\bin\msvcr100.dll
0x0000000069e50000 - 0x000000006a6ea000 	C:\Program Files\Java\jdk1.8.0_101\jre\bin\server\jvm.dll
0x00007ffdc2460000 - 0x00007ffdc2468000 	C:\WINDOWS\System32\PSAPI.DLL
0x00007ffdb8000000 - 0x00007ffdb8009000 	C:\WINDOWS\SYSTEM32\WSOCK32.dll
0x00007ffdc29f0000 - 0x00007ffdc2a5a000 	C:\WINDOWS\System32\WS2_32.dll
0x00007ffdbf5d0000 - 0x00007ffdbf5da000 	C:\WINDOWS\SYSTEM32\VERSION.dll
0x00007ffdbebe0000 - 0x00007ffdbec03000 	C:\WINDOWS\SYSTEM32\WINMM.dll
0x00007ffdbeb80000 - 0x00007ffdbebab000 	C:\WINDOWS\SYSTEM32\WINMMBASE.dll
0x00007ffdc14b0000 - 0x00007ffdc14f2000 	C:\WINDOWS\System32\cfgmgr32.dll
0x0000000069d60000 - 0x0000000069d6f000 	C:\Program Files\Java\jdk1.8.0_101\jre\bin\verify.dll
0x0000000069d30000 - 0x0000000069d59000 	C:\Program Files\Java\jdk1.8.0_101\jre\bin\java.dll
0x0000000069d10000 - 0x0000000069d26000 	C:\Program Files\Java\jdk1.8.0_101\jre\bin\zip.dll
0x00007ffdc2ea0000 - 0x00007ffdc43a9000 	C:\WINDOWS\System32\SHELL32.dll
0x00007ffdc1500000 - 0x00007ffdc1bda000 	C:\WINDOWS\System32\windows.storage.dll
0x00007ffdc10c0000 - 0x00007ffdc110c000 	C:\WINDOWS\System32\powrprof.dll
0x00007ffdc2720000 - 0x00007ffdc2772000 	C:\WINDOWS\System32\shlwapi.dll
0x00007ffdc10b0000 - 0x00007ffdc10bf000 	C:\WINDOWS\System32\kernel.appcore.dll
0x00007ffdc1110000 - 0x00007ffdc11b9000 	C:\WINDOWS\System32\shcore.dll
0x00007ffdc1080000 - 0x00007ffdc1094000 	C:\WINDOWS\System32\profapi.dll

VM Arguments:
jvm_args: -Djava.awt.headless=true -Xmx1024M -Dfile.encoding=windows-1252 -Duser.country=US -Duser.language=en -Duser.variant 
java_command: com.android.dx.command.Main --dex --force-jumbo --num-threads=4 --multi-dex --output D:\Code\parker-android\ParkerApp\app\build\intermediates\transforms\dex\debug\folders\1000\5\slice_9 D:\Code\parker-android\ParkerApp\app\build\intermediates\transforms\instantRunSlicer\debug\folders\1\5\slice_9
java_class_path (initial): C:\Users\Eric\AppData\Local\Android\sdk\build-tools\24.0.2\lib\dx.jar
Launcher Type: SUN_STANDARD

Environment Variables:
JAVA_HOME=C:\Program Files\Java\jdk1.8.0_101
PATH=C:\ProgramData\Oracle\Java\javapath;C:\Program Files\PHP\v7.0;c:\watcom-1.3\binnt;c:\watcom-1.3\binw;C:\WINDOWS\system32;C:\WINDOWS;C:\WINDOWS\System32\Wbem;C:\WINDOWS\System32\WindowsPowerShell\v1.0\;C:\Users\Eric\.dnx\bin;C:\Program Files\Microsoft DNX\Dnvm\;C:\Program Files (x86)\Skype\Phone\;C:\Program Files\Microsoft SQL Server\Client SDK\ODBC\110\Tools\Binn\;C:\Program Files (x86)\Microsoft SQL Server\120\Tools\Binn\ManagementStudio\;C:\Program Files (x86)\Microsoft SQL Server\120\Tools\Binn\;C:\Program Files\Microsoft SQL Server\120\Tools\Binn\;C:\Program Files (x86)\Microsoft SQL Server\120\DTS\Binn\;C:\Program Files\Microsoft SQL Server\120\DTS\Binn\;C:\Users\Eric\AppData\Roaming\npm;C:\Users\Eric\AppData\Local\Programs\Python\Python35-32;C:\Users\Eric\.dnx\bin;C:\Program Files (x86)\nodejs\;C:\Program Files (x86)\Microsoft Emulator Manager\1.0\;C:\Program Files\Git\cmd;C:\Program Files (x86)\Windows Kits\10\Windows Performance Toolkit\;C:\WINDOWS\system32;C:\WINDOWS;C:\WINDOWS\System32\Wbem;C:\WINDOWS\System32\WindowsPowerShell\v1.0\;C:\Program Files\MySQL\MySQL Utilities 1.6\;C:\Ruby23-x64\bin;C:\Users\Eric\AppData\Roaming\npm;C:\Users\Eric\AppData\Local\Microsoft\WindowsApps;C:\Program Files\Java\jdk1.8.0_101\bin;C:\Users\Eric\apache-ant-1.9.7\bin;C:\Users\Eric\AppData\Local\Android\sdk\tools;C:\Users\Eric\AppData\Local\Android\sdk\platform-tools;C:\Program Files (x86)\Microsoft VS Code\bin;C:\Users\Eric\AppData\Local\atom\bin
USERNAME=Eric
OS=Windows_NT
PROCESSOR_IDENTIFIER=Intel64 Family 6 Model 58 Stepping 9, GenuineIntel



---------------  S Y S T E M  ---------------

OS: Windows 10.0 , 64 bit Build 14393 (10.0.14393.0)

CPU:total 4 (2 cores per cpu, 2 threads per core) family 6 model 58 stepping 9, cmov, cx8, fxsr, mmx, sse, sse2, sse3, ssse3, sse4.1, sse4.2, popcnt, avx, aes, clmul, erms, ht, tsc, tscinvbit, tscinv

Memory: 4k page, physical 4075224k(477672k free), swap 8357424k(4868k free)

vm_info: Java HotSpot(TM) 64-Bit Server VM (25.101-b13) for windows-amd64 JRE (1.8.0_101-b13), built on Jun 22 2016 01:21:29 by "java_re" with MS VC++ 10.0 (VS2010)

time: Tue Mar 14 21:35:22 2017
elapsed time: 2 seconds (0d 0h 0m 2s)

