#
# There is insufficient memory for the Java Runtime Environment to continue.
# Native memory allocation (malloc) failed to allocate 87936 bytes for Chunk::new
# Possible reasons:
#   The system is out of physical RAM or swap space
#   In 32 bit mode, the process size limit was hit
# Possible solutions:
#   Reduce memory load on the system
#   Increase physical memory or swap space
#   Check if swap backing store is full
#   Use 64 bit Java on a 64 bit OS
#   Decrease Java heap size (-Xmx/-Xms)
#   Decrease number of Java threads
#   Decrease Java thread stack sizes (-Xss)
#   Set larger code cache with -XX:ReservedCodeCacheSize=
# This output file may be truncated or incomplete.
#
#  Out of Memory Error (allocation.cpp:390), pid=10068, tid=0x00000000000021a4
#
# JRE version: Java(TM) SE Runtime Environment (8.0_101-b13) (build 1.8.0_101-b13)
# Java VM: Java HotSpot(TM) 64-Bit Server VM (25.101-b13 mixed mode windows-amd64 compressed oops)
# Failed to write core dump. Minidumps are not enabled by default on client versions of Windows
#

---------------  T H R E A D  ---------------

Current thread (0x000000001495a800):  JavaThread "C2 CompilerThread0" daemon [_thread_in_native, id=8612, stack(0x0000000015fa0000,0x00000000160a0000)]

Stack: [0x0000000015fa0000,0x00000000160a0000]
[error occurred during error reporting (printing stack bounds), id 0xc0000005]

Native frames: (J=compiled Java code, j=interpreted, Vv=VM code, C=native code)


Current CompileTask:
C2:   2029  231       4       sun.misc.MetaIndex::mayContain (51 bytes)


---------------  P R O C E S S  ---------------

Java Threads: ( => current thread )
  0x00000000160a6800 JavaThread "Service Thread" daemon [_thread_blocked, id=2552, stack(0x00000000166a0000,0x00000000167a0000)]
  0x00000000149ad800 JavaThread "C1 CompilerThread2" daemon [_thread_blocked, id=6556, stack(0x00000000165a0000,0x00000000166a0000)]
  0x00000000149aa800 JavaThread "C2 CompilerThread1" daemon [_thread_blocked, id=6664, stack(0x00000000164a0000,0x00000000165a0000)]
=>0x000000001495a800 JavaThread "C2 CompilerThread0" daemon [_thread_in_native, id=8612, stack(0x0000000015fa0000,0x00000000160a0000)]
  0x0000000014957800 JavaThread "Attach Listener" daemon [_thread_blocked, id=9920, stack(0x0000000015ea0000,0x0000000015fa0000)]
  0x0000000014956800 JavaThread "Signal Dispatcher" daemon [_thread_blocked, id=1840, stack(0x0000000015da0000,0x0000000015ea0000)]
  0x000000001493a800 JavaThread "Finalizer" daemon [_thread_blocked, id=9648, stack(0x0000000015bb0000,0x0000000015cb0000)]
  0x0000000002270000 JavaThread "Reference Handler" daemon [_thread_blocked, id=6944, stack(0x0000000015ab0000,0x0000000015bb0000)]
  0x0000000001ffd800 JavaThread "main" [_thread_in_native, id=6292, stack(0x0000000001ee0000,0x0000000001fe0000)]

Other Threads:
  0x0000000014917800 VMThread [stack: 0x00000000159b0000,0x0000000015ab0000] [id=6132]
  0x00000000160ab000 WatcherThread [stack: 0x00000000167a0000,0x00000000168a0000] [id=10600]

VM state:not at safepoint (normal execution)

VM Mutex/Monitor currently owned by a thread: None

Heap:
 PSYoungGen      total 18944K, used 8826K [0x00000000eab00000, 0x00000000ec000000, 0x0000000100000000)
  eden space 16384K, 53% used [0x00000000eab00000,0x00000000eb39e850,0x00000000ebb00000)
  from space 2560K, 0% used [0x00000000ebd80000,0x00000000ebd80000,0x00000000ec000000)
  to   space 2560K, 0% used [0x00000000ebb00000,0x00000000ebb00000,0x00000000ebd80000)
 ParOldGen       total 44032K, used 0K [0x00000000c0000000, 0x00000000c2b00000, 0x00000000eab00000)
  object space 44032K, 0% used [0x00000000c0000000,0x00000000c0000000,0x00000000c2b00000)
 Metaspace       used 5630K, capacity 6648K, committed 6912K, reserved 1056768K
  class space    used 631K, capacity 688K, committed 768K, reserved 1048576K

Card table byte_map: [0x0000000011640000,0x0000000011850000] byte_map_base: 0x0000000011040000

Marking Bits: (ParMarkBitMap*) 0x000000005ff2a6d0
 Begin Bits: [0x0000000011db0000, 0x0000000012db0000)
 End Bits:   [0x0000000012db0000, 0x0000000013db0000)

Polling page: 0x0000000001fe0000

CodeCache: size=245760Kb used=1702Kb max_used=1702Kb free=244057Kb
 bounds [0x0000000002280000, 0x00000000024f0000, 0x0000000011280000]
 total_blobs=557 nmethods=286 adapters=184
 compilation: enabled

Compilation events (10 events):
Event: 1.113 Thread 0x00000000149ad800 nmethod 229 0x00000000023fa7d0 code [0x00000000023faa80, 0x00000000023fbee8]
Event: 1.113 Thread 0x00000000149ad800  230       3       sun.net.www.protocol.jar.Handler::parseContextSpec (154 bytes)
Event: 1.115 Thread 0x00000000149ad800 nmethod 230 0x00000000023ff990 code [0x00000000023ffd80, 0x00000000024024a8]
Event: 1.116 Thread 0x00000000149aa800 nmethod 219 0x0000000002403690 code [0x00000000024037e0, 0x0000000002403c78]
Event: 1.244 Thread 0x000000001495a800  231       4       sun.misc.MetaIndex::mayContain (51 bytes)
Event: 1.247 Thread 0x00000000149ad800  232       3       java.lang.Package::isSealed (13 bytes)
Event: 1.247 Thread 0x00000000149ad800 nmethod 232 0x00000000023ff210 code [0x00000000023ff360, 0x00000000023ff510]
Event: 1.247 Thread 0x00000000149ad800  233       3       java.net.URLClassLoader::isSealed (72 bytes)
Event: 1.248 Thread 0x00000000149ad800 nmethod 233 0x00000000023fded0 code [0x00000000023fe100, 0x00000000023fecf8]
Event: 1.248 Thread 0x00000000149ad800  234       3       java.lang.ClassLoader::compareCerts (149 bytes)

GC Heap History (0 events):
No events

Deoptimization events (0 events):
No events

Internal exceptions (2 events):
Event: 0.139 Thread 0x0000000001ffd800 Exception <a 'java/lang/NoSuchMethodError': Method sun.misc.Unsafe.defineClass(Ljava/lang/String;[BII)Ljava/lang/Class; name or signature does not match> (0x00000000eab07cc0) thrown at [C:\re\workspace\8-2-build-windows-amd64-cygwin\jdk8u101\7261\hotspot\sT¦pÄÁ?
Event: 0.139 Thread 0x0000000001ffd800 Exception <a 'java/lang/NoSuchMethodError': Method sun.misc.Unsafe.prefetchRead(Ljava/lang/Object;J)V name or signature does not match> (0x00000000eab07fa8) thrown at [C:\re\workspace\8-2-build-windows-amd64-cygwin\jdk8u101\7261\hotspot\src\share\vm\prims\

Events (10 events):
Event: 1.241 loading class com/android/dx/dex/code/InsnFormat
Event: 1.241 loading class com/android/dx/dex/code/InsnFormat done
Event: 1.242 loading class com/android/dx/io/Opcodes
Event: 1.242 loading class com/android/dx/io/Opcodes done
Event: 1.244 loading class com/android/dx/dex/code/form/Form10x
Event: 1.244 loading class com/android/dx/dex/code/form/Form10x done
Event: 1.244 loading class com/android/dx/dex/code/form/Form12x
Event: 1.244 loading class com/android/dx/dex/code/form/Form12x done
Event: 1.247 loading class com/android/dx/dex/code/form/Form22x
Event: 1.247 loading class com/android/dx/dex/code/form/Form22x done


Dynamic libraries:
0x00007ff768130000 - 0x00007ff768167000 	C:\Program Files\Java\jdk1.8.0_101\bin\java.exe
0x00007ffe4ddf0000 - 0x00007ffe4dfc1000 	C:\WINDOWS\SYSTEM32\ntdll.dll
0x00007ffe4d980000 - 0x00007ffe4da2b000 	C:\WINDOWS\System32\KERNEL32.DLL
0x00007ffe4ad90000 - 0x00007ffe4afad000 	C:\WINDOWS\System32\KERNELBASE.dll
0x00007ffe4dd00000 - 0x00007ffe4dda2000 	C:\WINDOWS\System32\ADVAPI32.dll
0x00007ffe4dba0000 - 0x00007ffe4dc3e000 	C:\WINDOWS\System32\msvcrt.dll
0x00007ffe4b380000 - 0x00007ffe4b3d9000 	C:\WINDOWS\System32\sechost.dll
0x00007ffe4d6a0000 - 0x00007ffe4d7c1000 	C:\WINDOWS\System32\RPCRT4.dll
0x00007ffe4cf70000 - 0x00007ffe4d0d5000 	C:\WINDOWS\System32\USER32.dll
0x00007ffe4a590000 - 0x00007ffe4a5ae000 	C:\WINDOWS\System32\win32u.dll
0x00007ffe4ddb0000 - 0x00007ffe4dde4000 	C:\WINDOWS\System32\GDI32.dll
0x00007ffe4afb0000 - 0x00007ffe4b132000 	C:\WINDOWS\System32\gdi32full.dll
0x00007ffe3bf30000 - 0x00007ffe3c1a9000 	C:\WINDOWS\WinSxS\amd64_microsoft.windows.common-controls_6595b64144ccf1df_6.0.14393.447_none_42191651c6827bb3\COMCTL32.dll
0x00007ffe4b5a0000 - 0x00007ffe4b868000 	C:\WINDOWS\System32\combase.dll
0x00007ffe4a340000 - 0x00007ffe4a435000 	C:\WINDOWS\System32\ucrtbase.dll
0x00007ffe4b310000 - 0x00007ffe4b37a000 	C:\WINDOWS\System32\bcryptPrimitives.dll
0x00007ffe4cd80000 - 0x00007ffe4cdae000 	C:\WINDOWS\System32\IMM32.DLL
0x000000005f1a0000 - 0x000000005f272000 	C:\Program Files\Java\jdk1.8.0_101\jre\bin\msvcr100.dll
0x000000005f710000 - 0x000000005ffaa000 	C:\Program Files\Java\jdk1.8.0_101\jre\bin\server\jvm.dll
0x00007ffe4d0e0000 - 0x00007ffe4d0e8000 	C:\WINDOWS\System32\PSAPI.DLL
0x00007ffe47c90000 - 0x00007ffe47c99000 	C:\WINDOWS\SYSTEM32\WSOCK32.dll
0x00007ffe4d160000 - 0x00007ffe4d1ca000 	C:\WINDOWS\System32\WS2_32.dll
0x00007ffe48760000 - 0x00007ffe48783000 	C:\WINDOWS\SYSTEM32\WINMM.dll
0x00007ffe3b840000 - 0x00007ffe3b84a000 	C:\WINDOWS\SYSTEM32\VERSION.dll
0x00007ffe48700000 - 0x00007ffe4872b000 	C:\WINDOWS\SYSTEM32\WINMMBASE.dll
0x00007ffe4a660000 - 0x00007ffe4a6a2000 	C:\WINDOWS\System32\cfgmgr32.dll
0x000000005f620000 - 0x000000005f62f000 	C:\Program Files\Java\jdk1.8.0_101\jre\bin\verify.dll
0x000000005f5f0000 - 0x000000005f619000 	C:\Program Files\Java\jdk1.8.0_101\jre\bin\java.dll
0x000000005f5d0000 - 0x000000005f5e6000 	C:\Program Files\Java\jdk1.8.0_101\jre\bin\zip.dll
0x00007ffe4b870000 - 0x00007ffe4cd79000 	C:\WINDOWS\System32\SHELL32.dll
0x00007ffe4a6b0000 - 0x00007ffe4ad8a000 	C:\WINDOWS\System32\windows.storage.dll
0x00007ffe4a280000 - 0x00007ffe4a2cc000 	C:\WINDOWS\System32\powrprof.dll
0x00007ffe4cdb0000 - 0x00007ffe4ce02000 	C:\WINDOWS\System32\shlwapi.dll
0x00007ffe4a250000 - 0x00007ffe4a25f000 	C:\WINDOWS\System32\kernel.appcore.dll
0x00007ffe4a5b0000 - 0x00007ffe4a659000 	C:\WINDOWS\System32\shcore.dll
0x00007ffe4a260000 - 0x00007ffe4a274000 	C:\WINDOWS\System32\profapi.dll

VM Arguments:
jvm_args: -Djava.awt.headless=true -Xmx1024M -Dfile.encoding=windows-1252 -Duser.country=US -Duser.language=en -Duser.variant 
java_command: com.android.dx.command.Main --dex --num-threads=4 --output D:\Code\parker-android\ParkerApp\app\build\intermediates\pre-dexed\debug\com.android.support-support-v4-25.0.1_165381290ba65badad57028048f48ee0613d3027.jar D:\Code\parker-android\ParkerApp\app\build\intermediates\exploded-aar\com.android.support\support-v4\25.0.1\jars\classes.jar
java_class_path (initial): C:\Users\Eric\AppData\Local\Android\sdk\build-tools\24.0.2\lib\dx.jar
Launcher Type: SUN_STANDARD

Environment Variables:
JAVA_HOME=C:\Program Files\Java\jdk1.8.0_101
PATH=C:\ProgramData\Oracle\Java\javapath;C:\Program Files\PHP\v7.0;c:\watcom-1.3\binnt;c:\watcom-1.3\binw;C:\WINDOWS\system32;C:\WINDOWS;C:\WINDOWS\System32\Wbem;C:\WINDOWS\System32\WindowsPowerShell\v1.0\;C:\Users\Eric\.dnx\bin;C:\Program Files\Microsoft DNX\Dnvm\;C:\Program Files (x86)\Skype\Phone\;C:\Program Files\Microsoft SQL Server\Client SDK\ODBC\110\Tools\Binn\;C:\Program Files (x86)\Microsoft SQL Server\120\Tools\Binn\ManagementStudio\;C:\Program Files (x86)\Microsoft SQL Server\120\Tools\Binn\;C:\Program Files\Microsoft SQL Server\120\Tools\Binn\;C:\Program Files (x86)\Microsoft SQL Server\120\DTS\Binn\;C:\Program Files\Microsoft SQL Server\120\DTS\Binn\;C:\Users\Eric\AppData\Roaming\npm;C:\Users\Eric\AppData\Local\Programs\Python\Python35-32;C:\WINDOWS\system32\config\systemprofile\.dnx\bin;C:\Program Files (x86)\nodejs\;C:\Program Files (x86)\Microsoft Emulator Manager\1.0\;C:\Program Files\Git\cmd;C:\Program Files (x86)\Windows Kits\10\Windows Performance Toolkit\;C:\WINDOWS\system32;C:\WINDOWS;C:\WINDOWS\System32\Wbem;C:\WINDOWS\System32\WindowsPowerShell\v1.0\;C:\Program Files\MySQL\MySQL Utilities 1.6\;C:\Ruby23-x64\bin;C:\Users\Eric\AppData\Roaming\npm;C:\Users\Eric\AppData\Local\Microsoft\WindowsApps;C:\Program Files\Java\jdk1.8.0_101\bin;C:\Users\Eric\apache-ant-1.9.7\bin;C:\Users\Eric\AppData\Local\Android\sdk\tools;C:\Users\Eric\AppData\Local\Android\sdk\platform-tools;C:\Program Files (x86)\Microsoft VS Code\bin;C:\Users\Eric\AppData\Local\atom\bin
USERNAME=Eric
OS=Windows_NT
PROCESSOR_IDENTIFIER=Intel64 Family 6 Model 58 Stepping 9, GenuineIntel



---------------  S Y S T E M  ---------------

OS: Windows 10.0 , 64 bit Build 14393 (10.0.14393.0)

CPU:total 4 (2 cores per cpu, 2 threads per core) family 6 model 58 stepping 9, cmov, cx8, fxsr, mmx, sse, sse2, sse3, ssse3, sse4.1, sse4.2, popcnt, avx, aes, clmul, erms, ht, tsc, tscinvbit, tscinv

Memory: 4k page, physical 4075224k(356308k free), swap 7983100k(12k free)

vm_info: Java HotSpot(TM) 64-Bit Server VM (25.101-b13) for windows-amd64 JRE (1.8.0_101-b13), built on Jun 22 2016 01:21:29 by "java_re" with MS VC++ 10.0 (VS2010)

time: Thu Mar 16 00:20:58 2017
elapsed time: 2 seconds (0d 0h 0m 2s)

