#
# There is insufficient memory for the Java Runtime Environment to continue.
# Native memory allocation (malloc) failed to allocate 1262736 bytes for Chunk::new
# Possible reasons:
#   The system is out of physical RAM or swap space
#   In 32 bit mode, the process size limit was hit
# Possible solutions:
#   Reduce memory load on the system
#   Increase physical memory or swap space
#   Check if swap backing store is full
#   Use 64 bit Java on a 64 bit OS
#   Decrease Java heap size (-Xmx/-Xms)
#   Decrease number of Java threads
#   Decrease Java thread stack sizes (-Xss)
#   Set larger code cache with -XX:ReservedCodeCacheSize=
# This output file may be truncated or incomplete.
#
#  Out of Memory Error (allocation.cpp:390), pid=624, tid=0x00000000000001dc
#
# JRE version: Java(TM) SE Runtime Environment (8.0_101-b13) (build 1.8.0_101-b13)
# Java VM: Java HotSpot(TM) 64-Bit Server VM (25.101-b13 mixed mode windows-amd64 compressed oops)
# Failed to write core dump. Minidumps are not enabled by default on client versions of Windows
#

---------------  T H R E A D  ---------------

Current thread (0x000000001582f800):  JavaThread "C2 CompilerThread0" daemon [_thread_in_native, id=476, stack(0x0000000016e90000,0x0000000016f90000)]

Stack: [0x0000000016e90000,0x0000000016f90000]
[error occurred during error reporting (printing stack bounds), id 0xc0000005]

Native frames: (J=compiled Java code, j=interpreted, Vv=VM code, C=native code)


Current CompileTask:
C2:   4701 1496       4       com.android.dx.ssa.SsaBasicBlock::forEachInsn (37 bytes)


---------------  P R O C E S S  ---------------

Java Threads: ( => current thread )
  0x00000000173e9800 JavaThread "pool-2-thread-4" [_thread_in_Java, id=8416, stack(0x0000000017b90000,0x0000000017c90000)]
  0x00000000173e8800 JavaThread "pool-2-thread-3" [_thread_blocked, id=1424, stack(0x0000000017a90000,0x0000000017b90000)]
  0x00000000173e8000 JavaThread "pool-2-thread-2" [_thread_in_Java, id=8100, stack(0x0000000017990000,0x0000000017a90000)]
  0x000000001740a000 JavaThread "pool-3-thread-1" [_thread_blocked, id=4704, stack(0x0000000017890000,0x0000000017990000)]
  0x0000000017409800 JavaThread "pool-2-thread-1" [_thread_blocked, id=1980, stack(0x0000000017790000,0x0000000017890000)]
  0x0000000017190800 JavaThread "Service Thread" daemon [_thread_blocked, id=5388, stack(0x0000000017590000,0x0000000017690000)]
  0x000000001588c800 JavaThread "C1 CompilerThread2" daemon [_thread_blocked, id=2456, stack(0x0000000017090000,0x0000000017190000)]
  0x0000000015831800 JavaThread "C2 CompilerThread1" daemon [_thread_in_native, id=2128, stack(0x0000000016f90000,0x0000000017090000)]
=>0x000000001582f800 JavaThread "C2 CompilerThread0" daemon [_thread_in_native, id=476, stack(0x0000000016e90000,0x0000000016f90000)]
  0x000000001582c800 JavaThread "Attach Listener" daemon [_thread_blocked, id=12224, stack(0x0000000016d90000,0x0000000016e90000)]
  0x000000001582b800 JavaThread "Signal Dispatcher" daemon [_thread_blocked, id=7192, stack(0x0000000016c90000,0x0000000016d90000)]
  0x000000001581a000 JavaThread "Finalizer" daemon [_thread_blocked, id=4256, stack(0x0000000016aa0000,0x0000000016ba0000)]
  0x0000000003150000 JavaThread "Reference Handler" daemon [_thread_blocked, id=8000, stack(0x00000000169a0000,0x0000000016aa0000)]
  0x0000000002f5d800 JavaThread "main" [_thread_blocked, id=12076, stack(0x0000000002f60000,0x0000000003060000)]

Other Threads:
  0x00000000157f7000 VMThread [stack: 0x00000000168a0000,0x00000000169a0000] [id=7872]
  0x000000001719b800 WatcherThread [stack: 0x0000000017690000,0x0000000017790000] [id=7208]

VM state:not at safepoint (normal execution)

VM Mutex/Monitor currently owned by a thread: None

Heap:
 PSYoungGen      total 35328K, used 9245K [0x00000000eab00000, 0x00000000ed000000, 0x0000000100000000)
  eden space 32768K, 20% used [0x00000000eab00000,0x00000000eb18bc18,0x00000000ecb00000)
  from space 2560K, 99% used [0x00000000ecd80000,0x00000000ecffbad0,0x00000000ed000000)
  to   space 2560K, 0% used [0x00000000ecb00000,0x00000000ecb00000,0x00000000ecd80000)
 ParOldGen       total 44032K, used 19603K [0x00000000c0000000, 0x00000000c2b00000, 0x00000000eab00000)
  object space 44032K, 44% used [0x00000000c0000000,0x00000000c1324f10,0x00000000c2b00000)
 Metaspace       used 6222K, capacity 7160K, committed 7296K, reserved 1056768K
  class space    used 610K, capacity 624K, committed 640K, reserved 1048576K

Card table byte_map: [0x0000000012520000,0x0000000012730000] byte_map_base: 0x0000000011f20000

Marking Bits: (ParMarkBitMap*) 0x000000006a66a6d0
 Begin Bits: [0x0000000012c90000, 0x0000000013c90000)
 End Bits:   [0x0000000013c90000, 0x0000000014c90000)

Polling page: 0x0000000001340000

CodeCache: size=245760Kb used=6446Kb max_used=6446Kb free=239313Kb
 bounds [0x0000000003160000, 0x00000000037c0000, 0x0000000012160000]
 total_blobs=1858 nmethods=1595 adapters=176
 compilation: enabled

Compilation events (10 events):
Event: 4.451 Thread 0x000000001588c800 1592       2       com.android.dx.dex.code.StdCatchBuilder::<init> (62 bytes)
Event: 4.452 Thread 0x000000001588c800 nmethod 1592 0x0000000003759c50 code [0x0000000003759de0, 0x000000000375a168]
Event: 4.452 Thread 0x000000001588c800 1593       2       com.android.dx.dex.code.OutputCollector::appendSuffixToOutput (45 bytes)
Event: 4.453 Thread 0x000000001588c800 nmethod 1593 0x0000000003759090 code [0x0000000003759240, 0x00000000037596f8]
Event: 4.458 Thread 0x000000001588c800 1594       2       com.android.dx.dex.file.AnnotationSetItem::<init> (83 bytes)
Event: 4.460 Thread 0x000000001588c800 nmethod 1594 0x0000000003781810 code [0x0000000003781a00, 0x00000000037821e8]
Event: 4.460 Thread 0x000000001588c800 1595   !   2       com.android.dx.dex.file.AnnotationSetItem::writeSize (20 bytes)
Event: 4.460 Thread 0x000000001588c800 nmethod 1595 0x0000000003758b90 code [0x0000000003758d00, 0x0000000003758f08]
Event: 4.460 Thread 0x000000001588c800 1596       2       com.android.dx.rop.annotation.Annotations::getAnnotations (11 bytes)
Event: 4.461 Thread 0x000000001588c800 nmethod 1596 0x0000000003758550 code [0x00000000037586c0, 0x00000000037589c8]

GC Heap History (10 events):
Event: 2.602 GC heap before
{Heap before GC invocations=1 (full 0):
 PSYoungGen      total 18944K, used 16384K [0x00000000eab00000, 0x00000000ec000000, 0x0000000100000000)
  eden space 16384K, 100% used [0x00000000eab00000,0x00000000ebb00000,0x00000000ebb00000)
  from space 2560K, 0% used [0x00000000ebd80000,0x00000000ebd80000,0x00000000ec000000)
  to   space 2560K, 0% used [0x00000000ebb00000,0x00000000ebb00000,0x00000000ebd80000)
 ParOldGen       total 44032K, used 0K [0x00000000c0000000, 0x00000000c2b00000, 0x00000000eab00000)
  object space 44032K, 0% used [0x00000000c0000000,0x00000000c0000000,0x00000000c2b00000)
 Metaspace       used 5647K, capacity 6704K, committed 6784K, reserved 1056768K
  class space    used 588K, capacity 616K, committed 640K, reserved 1048576K
Event: 2.623 GC heap after
Heap after GC invocations=1 (full 0):
 PSYoungGen      total 18944K, used 2548K [0x00000000eab00000, 0x00000000ec000000, 0x0000000100000000)
  eden space 16384K, 0% used [0x00000000eab00000,0x00000000eab00000,0x00000000ebb00000)
  from space 2560K, 99% used [0x00000000ebb00000,0x00000000ebd7d2d8,0x00000000ebd80000)
  to   space 2560K, 0% used [0x00000000ebd80000,0x00000000ebd80000,0x00000000ec000000)
 ParOldGen       total 44032K, used 1645K [0x00000000c0000000, 0x00000000c2b00000, 0x00000000eab00000)
  object space 44032K, 3% used [0x00000000c0000000,0x00000000c019b5a0,0x00000000c2b00000)
 Metaspace       used 5647K, capacity 6704K, committed 6784K, reserved 1056768K
  class space    used 588K, capacity 616K, committed 640K, reserved 1048576K
}
Event: 3.155 GC heap before
{Heap before GC invocations=2 (full 0):
 PSYoungGen      total 18944K, used 18932K [0x00000000eab00000, 0x00000000ec000000, 0x0000000100000000)
  eden space 16384K, 100% used [0x00000000eab00000,0x00000000ebb00000,0x00000000ebb00000)
  from space 2560K, 99% used [0x00000000ebb00000,0x00000000ebd7d2d8,0x00000000ebd80000)
  to   space 2560K, 0% used [0x00000000ebd80000,0x00000000ebd80000,0x00000000ec000000)
 ParOldGen       total 44032K, used 1645K [0x00000000c0000000, 0x00000000c2b00000, 0x00000000eab00000)
  object space 44032K, 3% used [0x00000000c0000000,0x00000000c019b5a0,0x00000000c2b00000)
 Metaspace       used 5926K, capacity 6960K, committed 7040K, reserved 1056768K
  class space    used 590K, capacity 616K, committed 640K, reserved 1048576K
Event: 3.185 GC heap after
Heap after GC invocations=2 (full 0):
 PSYoungGen      total 18944K, used 2531K [0x00000000eab00000, 0x00000000ed000000, 0x0000000100000000)
  eden space 16384K, 0% used [0x00000000eab00000,0x00000000eab00000,0x00000000ebb00000)
  from space 2560K, 98% used [0x00000000ebd80000,0x00000000ebff8d50,0x00000000ec000000)
  to   space 2560K, 0% used [0x00000000ebb00000,0x00000000ebb00000,0x00000000ebd80000)
 ParOldGen       total 44032K, used 4221K [0x00000000c0000000, 0x00000000c2b00000, 0x00000000eab00000)
  object space 44032K, 9% used [0x00000000c0000000,0x00000000c041f568,0x00000000c2b00000)
 Metaspace       used 5926K, capacity 6960K, committed 7040K, reserved 1056768K
  class space    used 590K, capacity 616K, committed 640K, reserved 1048576K
}
Event: 3.484 GC heap before
{Heap before GC invocations=3 (full 0):
 PSYoungGen      total 18944K, used 18915K [0x00000000eab00000, 0x00000000ed000000, 0x0000000100000000)
  eden space 16384K, 100% used [0x00000000eab00000,0x00000000ebb00000,0x00000000ebb00000)
  from space 2560K, 98% used [0x00000000ebd80000,0x00000000ebff8d50,0x00000000ec000000)
  to   space 2560K, 0% used [0x00000000ebb00000,0x00000000ebb00000,0x00000000ebd80000)
 ParOldGen       total 44032K, used 4221K [0x00000000c0000000, 0x00000000c2b00000, 0x00000000eab00000)
  object space 44032K, 9% used [0x00000000c0000000,0x00000000c041f568,0x00000000c2b00000)
 Metaspace       used 6092K, capacity 7032K, committed 7296K, reserved 1056768K
  class space    used 610K, capacity 624K, committed 640K, reserved 1048576K
Event: 3.496 GC heap after
Heap after GC invocations=3 (full 0):
 PSYoungGen      total 18944K, used 2548K [0x00000000eab00000, 0x00000000ed000000, 0x0000000100000000)
  eden space 16384K, 0% used [0x00000000eab00000,0x00000000eab00000,0x00000000ebb00000)
  from space 2560K, 99% used [0x00000000ebb00000,0x00000000ebd7d290,0x00000000ebd80000)
  to   space 2560K, 0% used [0x00000000ecd80000,0x00000000ecd80000,0x00000000ed000000)
 ParOldGen       total 44032K, used 7286K [0x00000000c0000000, 0x00000000c2b00000, 0x00000000eab00000)
  object space 44032K, 16% used [0x00000000c0000000,0x00000000c071d9e8,0x00000000c2b00000)
 Metaspace       used 6092K, capacity 7032K, committed 7296K, reserved 1056768K
  class space    used 610K, capacity 624K, committed 640K, reserved 1048576K
}
Event: 3.742 GC heap before
{Heap before GC invocations=4 (full 0):
 PSYoungGen      total 18944K, used 18932K [0x00000000eab00000, 0x00000000ed000000, 0x0000000100000000)
  eden space 16384K, 100% used [0x00000000eab00000,0x00000000ebb00000,0x00000000ebb00000)
  from space 2560K, 99% used [0x00000000ebb00000,0x00000000ebd7d290,0x00000000ebd80000)
  to   space 2560K, 0% used [0x00000000ecd80000,0x00000000ecd80000,0x00000000ed000000)
 ParOldGen       total 44032K, used 7286K [0x00000000c0000000, 0x00000000c2b00000, 0x00000000eab00000)
  object space 44032K, 16% used [0x00000000c0000000,0x00000000c071d9e8,0x00000000c2b00000)
 Metaspace       used 6141K, capacity 7096K, committed 7296K, reserved 1056768K
  class space    used 610K, capacity 624K, committed 640K, reserved 1048576K
Event: 3.798 GC heap after
Heap after GC invocations=4 (full 0):
 PSYoungGen      total 35328K, used 2548K [0x00000000eab00000, 0x00000000ed000000, 0x0000000100000000)
  eden space 32768K, 0% used [0x00000000eab00000,0x00000000eab00000,0x00000000ecb00000)
  from space 2560K, 99% used [0x00000000ecd80000,0x00000000ecffd290,0x00000000ed000000)
  to   space 2560K, 0% used [0x00000000ecb00000,0x00000000ecb00000,0x00000000ecd80000)
 ParOldGen       total 44032K, used 10189K [0x00000000c0000000, 0x00000000c2b00000, 0x00000000eab00000)
  object space 44032K, 23% used [0x00000000c0000000,0x00000000c09f3588,0x00000000c2b00000)
 Metaspace       used 6141K, capacity 7096K, committed 7296K, reserved 1056768K
  class space    used 610K, capacity 624K, committed 640K, reserved 1048576K
}
Event: 4.299 GC heap before
{Heap before GC invocations=5 (full 0):
 PSYoungGen      total 35328K, used 35316K [0x00000000eab00000, 0x00000000ed000000, 0x0000000100000000)
  eden space 32768K, 100% used [0x00000000eab00000,0x00000000ecb00000,0x00000000ecb00000)
  from space 2560K, 99% used [0x00000000ecd80000,0x00000000ecffd290,0x00000000ed000000)
  to   space 2560K, 0% used [0x00000000ecb00000,0x00000000ecb00000,0x00000000ecd80000)
 ParOldGen       total 44032K, used 10189K [0x00000000c0000000, 0x00000000c2b00000, 0x00000000eab00000)
  object space 44032K, 23% used [0x00000000c0000000,0x00000000c09f3588,0x00000000c2b00000)
 Metaspace       used 6187K, capacity 7096K, committed 7296K, reserved 1056768K
  class space    used 610K, capacity 624K, committed 640K, reserved 1048576K
Event: 4.326 GC heap after
Heap after GC invocations=5 (full 0):
 PSYoungGen      total 35328K, used 2548K [0x00000000eab00000, 0x00000000ed000000, 0x0000000100000000)
  eden space 32768K, 0% used [0x00000000eab00000,0x00000000eab00000,0x00000000ecb00000)
  from space 2560K, 99% used [0x00000000ecb00000,0x00000000ecd7d3b0,0x00000000ecd80000)
  to   space 2560K, 0% used [0x00000000ecd80000,0x00000000ecd80000,0x00000000ed000000)
 ParOldGen       total 44032K, used 15240K [0x00000000c0000000, 0x00000000c2b00000, 0x00000000eab00000)
  object space 44032K, 34% used [0x00000000c0000000,0x00000000c0ee21a0,0x00000000c2b00000)
 Metaspace       used 6187K, capacity 7096K, committed 7296K, reserved 1056768K
  class space    used 610K, capacity 624K, committed 640K, reserved 1048576K
}

Deoptimization events (10 events):
Event: 3.460 Thread 0x0000000017409800 Uncommon trap: reason=class_check action=maybe_recompile pc=0x00000000036e1cd4 method=com.android.dx.cf.code.BytecodeArray.parseInstruction(ILcom/android/dx/cf/code/BytecodeArray$Visitor;)I @ 987
Event: 3.461 Thread 0x00000000173e8800 Uncommon trap: reason=unstable_if action=reinterpret pc=0x00000000034363cc method=com.android.dx.rop.code.LocalItem.hashCode()I @ 25
Event: 3.461 Thread 0x0000000017409800 Uncommon trap: reason=class_check action=maybe_recompile pc=0x00000000036e1cd4 method=com.android.dx.cf.code.BytecodeArray.parseInstruction(ILcom/android/dx/cf/code/BytecodeArray$Visitor;)I @ 987
Event: 3.471 Thread 0x0000000017409800 Uncommon trap: reason=class_check action=maybe_recompile pc=0x00000000036e1cd4 method=com.android.dx.cf.code.BytecodeArray.parseInstruction(ILcom/android/dx/cf/code/BytecodeArray$Visitor;)I @ 987
Event: 3.471 Thread 0x0000000017409800 Uncommon trap: reason=class_check action=maybe_recompile pc=0x00000000036e1cd4 method=com.android.dx.cf.code.BytecodeArray.parseInstruction(ILcom/android/dx/cf/code/BytecodeArray$Visitor;)I @ 987
Event: 3.479 Thread 0x00000000173e8800 Uncommon trap: reason=unstable_if action=reinterpret pc=0x00000000036f52f0 method=com.android.dx.rop.code.LocalItem.hashCode()I @ 25
Event: 4.361 Thread 0x00000000173e8800 Uncommon trap: reason=bimorphic action=maybe_recompile pc=0x0000000003765674 method=com.android.dx.cf.code.BytecodeArray.parseInstruction(ILcom/android/dx/cf/code/BytecodeArray$Visitor;)I @ 1357
Event: 4.361 Thread 0x00000000173e8800 Uncommon trap: reason=bimorphic action=maybe_recompile pc=0x0000000003765674 method=com.android.dx.cf.code.BytecodeArray.parseInstruction(ILcom/android/dx/cf/code/BytecodeArray$Visitor;)I @ 1357
Event: 4.428 Thread 0x0000000017409800 Uncommon trap: reason=bimorphic action=maybe_recompile pc=0x0000000003765510 method=com.android.dx.cf.code.BytecodeArray.parseInstruction(ILcom/android/dx/cf/code/BytecodeArray$Visitor;)I @ 1287
Event: 4.428 Thread 0x0000000017409800 Uncommon trap: reason=bimorphic action=maybe_recompile pc=0x0000000003765510 method=com.android.dx.cf.code.BytecodeArray.parseInstruction(ILcom/android/dx/cf/code/BytecodeArray$Visitor;)I @ 1287

Internal exceptions (6 events):
Event: 0.200 Thread 0x0000000002f5d800 Exception <a 'java/lang/NoSuchMethodError': Method sun.misc.Unsafe.defineClass(Ljava/lang/String;[BII)Ljava/lang/Class; name or signature does not match> (0x00000000eab07cc0) thrown at [C:\re\workspace\8-2-build-windows-amd64-cygwin\jdk8u101\7261\hotspot\s÷ê­>©É?
Event: 0.200 Thread 0x0000000002f5d800 Exception <a 'java/lang/NoSuchMethodError': Method sun.misc.Unsafe.prefetchRead(Ljava/lang/Object;J)V name or signature does not match> (0x00000000eab07fa8) thrown at [C:\re\workspace\8-2-build-windows-amd64-cygwin\jdk8u101\7261\hotspot\src\share\vm\prims\„’¹5X
@
Event: 3.261 Thread 0x0000000017409800 Implicit null exception at 0x0000000003464cf2 to 0x000000000346654d
Event: 3.303 Thread 0x0000000002f5d800 Exception <a 'java/lang/ArrayIndexOutOfBoundsException': 18> (0x00000000eb3c8ab0) thrown at [C:\re\workspace\8-2-build-windows-amd64-cygwin\jdk8u101\7261\hotspot\src\share\vm\interpreter\interpreterRuntime.cpp, line 366]
Event: 3.304 Thread 0x0000000002f5d800 Exception <a 'java/lang/ArrayIndexOutOfBoundsException'> (0x00000000eb3ca630) thrown at [C:\re\workspace\8-2-build-windows-amd64-cygwin\jdk8u101\7261\hotspot\src\share\vm\runtime\sharedRuntime.cpp, line 605]
Event: 3.306 Thread 0x0000000002f5d800 Exception <a 'java/lang/ArrayIndexOutOfBoundsException'> (0x00000000eb3cb918) thrown at [C:\re\workspace\8-2-build-windows-amd64-cygwin\jdk8u101\7261\hotspot\src\share\vm\runtime\sharedRuntime.cpp, line 605]

Events (10 events):
Event: 4.361 Thread 0x00000000173e8800 DEOPT UNPACKING pc=0x00000000031a582a sp=0x0000000017b8e740 mode 2
Event: 4.361 Thread 0x00000000173e8800 Uncommon trap: trap_request=0xffffffc6 fr.pc=0x0000000003765674
Event: 4.361 Thread 0x00000000173e8800 DEOPT PACKING pc=0x0000000003765674 sp=0x0000000017b8e610
Event: 4.361 Thread 0x00000000173e8800 DEOPT UNPACKING pc=0x00000000031a582a sp=0x0000000017b8e5a0 mode 2
Event: 4.428 Thread 0x0000000017409800 Uncommon trap: trap_request=0xffffffc6 fr.pc=0x0000000003765510
Event: 4.428 Thread 0x0000000017409800 DEOPT PACKING pc=0x0000000003765510 sp=0x000000001788e990
Event: 4.428 Thread 0x0000000017409800 DEOPT UNPACKING pc=0x00000000031a582a sp=0x000000001788e928 mode 2
Event: 4.428 Thread 0x0000000017409800 Uncommon trap: trap_request=0xffffffc6 fr.pc=0x0000000003765510
Event: 4.428 Thread 0x0000000017409800 DEOPT PACKING pc=0x0000000003765510 sp=0x000000001788e7f0
Event: 4.428 Thread 0x0000000017409800 DEOPT UNPACKING pc=0x00000000031a582a sp=0x000000001788e788 mode 2


Dynamic libraries:
0x00007ff775ca0000 - 0x00007ff775cd7000 	C:\Program Files\Java\jdk1.8.0_101\bin\java.exe
0x00007ffdc4c20000 - 0x00007ffdc4df1000 	C:\WINDOWS\SYSTEM32\ntdll.dll
0x00007ffdc4b70000 - 0x00007ffdc4c1b000 	C:\WINDOWS\System32\KERNEL32.DLL
0x00007ffdc1220000 - 0x00007ffdc143d000 	C:\WINDOWS\System32\KERNELBASE.dll
0x00007ffdc28e0000 - 0x00007ffdc2982000 	C:\WINDOWS\System32\ADVAPI32.dll
0x00007ffdc2680000 - 0x00007ffdc271e000 	C:\WINDOWS\System32\msvcrt.dll
0x00007ffdc4490000 - 0x00007ffdc44e9000 	C:\WINDOWS\System32\sechost.dll
0x00007ffdc21b0000 - 0x00007ffdc22d1000 	C:\WINDOWS\System32\RPCRT4.dll
0x00007ffdc2a60000 - 0x00007ffdc2bc5000 	C:\WINDOWS\System32\USER32.dll
0x00007ffdc1be0000 - 0x00007ffdc1bfe000 	C:\WINDOWS\System32\win32u.dll
0x00007ffdc2420000 - 0x00007ffdc2454000 	C:\WINDOWS\System32\GDI32.dll
0x00007ffdc1e50000 - 0x00007ffdc1fd2000 	C:\WINDOWS\System32\gdi32full.dll
0x00007ffdb43f0000 - 0x00007ffdb4669000 	C:\WINDOWS\WinSxS\amd64_microsoft.windows.common-controls_6595b64144ccf1df_6.0.14393.447_none_42191651c6827bb3\COMCTL32.dll
0x00007ffdc2bd0000 - 0x00007ffdc2e98000 	C:\WINDOWS\System32\combase.dll
0x00007ffdc1d50000 - 0x00007ffdc1e45000 	C:\WINDOWS\System32\ucrtbase.dll
0x00007ffdc1440000 - 0x00007ffdc14aa000 	C:\WINDOWS\System32\bcryptPrimitives.dll
0x00007ffdc22e0000 - 0x00007ffdc230e000 	C:\WINDOWS\System32\IMM32.DLL
0x00000000698e0000 - 0x00000000699b2000 	C:\Program Files\Java\jdk1.8.0_101\jre\bin\msvcr100.dll
0x0000000069e50000 - 0x000000006a6ea000 	C:\Program Files\Java\jdk1.8.0_101\jre\bin\server\jvm.dll
0x00007ffdc2460000 - 0x00007ffdc2468000 	C:\WINDOWS\System32\PSAPI.DLL
0x00007ffdb8000000 - 0x00007ffdb8009000 	C:\WINDOWS\SYSTEM32\WSOCK32.dll
0x00007ffdc29f0000 - 0x00007ffdc2a5a000 	C:\WINDOWS\System32\WS2_32.dll
0x00007ffdbebe0000 - 0x00007ffdbec03000 	C:\WINDOWS\SYSTEM32\WINMM.dll
0x00007ffdbf5d0000 - 0x00007ffdbf5da000 	C:\WINDOWS\SYSTEM32\VERSION.dll
0x00007ffdbeb80000 - 0x00007ffdbebab000 	C:\WINDOWS\SYSTEM32\WINMMBASE.dll
0x00007ffdc14b0000 - 0x00007ffdc14f2000 	C:\WINDOWS\System32\cfgmgr32.dll
0x0000000069d60000 - 0x0000000069d6f000 	C:\Program Files\Java\jdk1.8.0_101\jre\bin\verify.dll
0x0000000069d30000 - 0x0000000069d59000 	C:\Program Files\Java\jdk1.8.0_101\jre\bin\java.dll
0x0000000069d10000 - 0x0000000069d26000 	C:\Program Files\Java\jdk1.8.0_101\jre\bin\zip.dll
0x00007ffdc2ea0000 - 0x00007ffdc43a9000 	C:\WINDOWS\System32\SHELL32.dll
0x00007ffdc1500000 - 0x00007ffdc1bda000 	C:\WINDOWS\System32\windows.storage.dll
0x00007ffdc10c0000 - 0x00007ffdc110c000 	C:\WINDOWS\System32\powrprof.dll
0x00007ffdc2720000 - 0x00007ffdc2772000 	C:\WINDOWS\System32\shlwapi.dll
0x00007ffdc10b0000 - 0x00007ffdc10bf000 	C:\WINDOWS\System32\kernel.appcore.dll
0x00007ffdc1110000 - 0x00007ffdc11b9000 	C:\WINDOWS\System32\shcore.dll
0x00007ffdc1080000 - 0x00007ffdc1094000 	C:\WINDOWS\System32\profapi.dll

VM Arguments:
jvm_args: -Djava.awt.headless=true -Xmx1024M -Dfile.encoding=windows-1252 -Duser.country=US -Duser.language=en -Duser.variant 
java_command: com.android.dx.command.Main --dex --force-jumbo --num-threads=4 --multi-dex --output D:\Code\parker-android\ParkerApp\app\build\intermediates\transforms\dex\debug\folders\1000\10\com.android.support-support-core-ui-25.0.1_33f1fde2352cdef8e1cb31a3fb570bc17b4d44c7 D:\Code\parker-android\ParkerApp\app\build\intermediates\exploded-aar\com.android.support\support-core-ui\25.0.1\jars\classes.jar
java_class_path (initial): C:\Users\Eric\AppData\Local\Android\sdk\build-tools\24.0.2\lib\dx.jar
Launcher Type: SUN_STANDARD

Environment Variables:
JAVA_HOME=C:\Program Files\Java\jdk1.8.0_101
PATH=C:\ProgramData\Oracle\Java\javapath;C:\Program Files\PHP\v7.0;c:\watcom-1.3\binnt;c:\watcom-1.3\binw;C:\WINDOWS\system32;C:\WINDOWS;C:\WINDOWS\System32\Wbem;C:\WINDOWS\System32\WindowsPowerShell\v1.0\;C:\Users\Eric\.dnx\bin;C:\Program Files\Microsoft DNX\Dnvm\;C:\Program Files (x86)\Skype\Phone\;C:\Program Files\Microsoft SQL Server\Client SDK\ODBC\110\Tools\Binn\;C:\Program Files (x86)\Microsoft SQL Server\120\Tools\Binn\ManagementStudio\;C:\Program Files (x86)\Microsoft SQL Server\120\Tools\Binn\;C:\Program Files\Microsoft SQL Server\120\Tools\Binn\;C:\Program Files (x86)\Microsoft SQL Server\120\DTS\Binn\;C:\Program Files\Microsoft SQL Server\120\DTS\Binn\;C:\Users\Eric\AppData\Roaming\npm;C:\Users\Eric\AppData\Local\Programs\Python\Python35-32;C:\Users\Eric\.dnx\bin;C:\Program Files (x86)\nodejs\;C:\Program Files (x86)\Microsoft Emulator Manager\1.0\;C:\Program Files\Git\cmd;C:\Program Files (x86)\Windows Kits\10\Windows Performance Toolkit\;C:\WINDOWS\system32;C:\WINDOWS;C:\WINDOWS\System32\Wbem;C:\WINDOWS\System32\WindowsPowerShell\v1.0\;C:\Program Files\MySQL\MySQL Utilities 1.6\;C:\Ruby23-x64\bin;C:\Users\Eric\AppData\Roaming\npm;C:\Users\Eric\AppData\Local\Microsoft\WindowsApps;C:\Program Files\Java\jdk1.8.0_101\bin;C:\Users\Eric\apache-ant-1.9.7\bin;C:\Users\Eric\AppData\Local\Android\sdk\tools;C:\Users\Eric\AppData\Local\Android\sdk\platform-tools;C:\Program Files (x86)\Microsoft VS Code\bin;C:\Users\Eric\AppData\Local\atom\bin
USERNAME=Eric
OS=Windows_NT
PROCESSOR_IDENTIFIER=Intel64 Family 6 Model 58 Stepping 9, GenuineIntel



---------------  S Y S T E M  ---------------

OS: Windows 10.0 , 64 bit Build 14393 (10.0.14393.0)

CPU:total 4 (2 cores per cpu, 2 threads per core) family 6 model 58 stepping 9, cmov, cx8, fxsr, mmx, sse, sse2, sse3, ssse3, sse4.1, sse4.2, popcnt, avx, aes, clmul, erms, ht, tsc, tscinvbit, tscinv

Memory: 4k page, physical 4075224k(430452k free), swap 8357424k(4444k free)

vm_info: Java HotSpot(TM) 64-Bit Server VM (25.101-b13) for windows-amd64 JRE (1.8.0_101-b13), built on Jun 22 2016 01:21:29 by "java_re" with MS VC++ 10.0 (VS2010)

time: Tue Mar 14 21:29:59 2017
elapsed time: 4 seconds (0d 0h 0m 4s)

