#
# There is insufficient memory for the Java Runtime Environment to continue.
# Native memory allocation (malloc) failed to allocate 262160 bytes for Chunk::new
# Possible reasons:
#   The system is out of physical RAM or swap space
#   In 32 bit mode, the process size limit was hit
# Possible solutions:
#   Reduce memory load on the system
#   Increase physical memory or swap space
#   Check if swap backing store is full
#   Use 64 bit Java on a 64 bit OS
#   Decrease Java heap size (-Xmx/-Xms)
#   Decrease number of Java threads
#   Decrease Java thread stack sizes (-Xss)
#   Set larger code cache with -XX:ReservedCodeCacheSize=
# This output file may be truncated or incomplete.
#
#  Out of Memory Error (allocation.cpp:390), pid=10524, tid=0x00000000000027d8
#
# JRE version: Java(TM) SE Runtime Environment (8.0_101-b13) (build 1.8.0_101-b13)
# Java VM: Java HotSpot(TM) 64-Bit Server VM (25.101-b13 mixed mode windows-amd64 compressed oops)
# Failed to write core dump. Minidumps are not enabled by default on client versions of Windows
#

---------------  T H R E A D  ---------------

Current thread (0x00000000157ff800):  JavaThread "C2 CompilerThread1" daemon [_thread_in_native, id=10200, stack(0x0000000016f30000,0x0000000017030000)]

Stack: [0x0000000016f30000,0x0000000017030000]
[error occurred during error reporting (printing stack bounds), id 0xc0000005]

Native frames: (J=compiled Java code, j=interpreted, Vv=VM code, C=native code)


Current CompileTask:
C2:   2506 1129   !   4       com.android.dx.cf.code.BytecodeArray::parseInstruction (2764 bytes)


---------------  P R O C E S S  ---------------

Java Threads: ( => current thread )
  0x00000000172bf000 JavaThread "pool-2-thread-4" [_thread_in_Java, id=3104, stack(0x0000000017b30000,0x0000000017c30000)]
  0x00000000172b8000 JavaThread "pool-2-thread-3" [_thread_blocked, id=10784, stack(0x0000000017a30000,0x0000000017b30000)]
  0x00000000172b5000 JavaThread "pool-2-thread-2" [_thread_blocked, id=10276, stack(0x0000000017930000,0x0000000017a30000)]
  0x00000000172ac800 JavaThread "pool-3-thread-1" [_thread_blocked, id=4460, stack(0x0000000017830000,0x0000000017930000)]
  0x00000000172ab800 JavaThread "pool-2-thread-1" [_thread_blocked, id=8156, stack(0x0000000017730000,0x0000000017830000)]
  0x0000000017158800 JavaThread "Service Thread" daemon [_thread_blocked, id=10544, stack(0x0000000017530000,0x0000000017630000)]
  0x000000001582c800 JavaThread "C1 CompilerThread2" daemon [_thread_in_native, id=8648, stack(0x0000000017030000,0x0000000017130000)]
=>0x00000000157ff800 JavaThread "C2 CompilerThread1" daemon [_thread_in_native, id=10200, stack(0x0000000016f30000,0x0000000017030000)]
  0x00000000157de800 JavaThread "C2 CompilerThread0" daemon [_thread_in_native, id=11468, stack(0x0000000016e30000,0x0000000016f30000)]
  0x00000000157db800 JavaThread "Attach Listener" daemon [_thread_blocked, id=3580, stack(0x0000000016d30000,0x0000000016e30000)]
  0x00000000157da000 JavaThread "Signal Dispatcher" daemon [_thread_blocked, id=11772, stack(0x0000000016c30000,0x0000000016d30000)]
  0x00000000157ca800 JavaThread "Finalizer" daemon [_thread_blocked, id=4760, stack(0x0000000016a40000,0x0000000016b40000)]
  0x0000000003100000 JavaThread "Reference Handler" daemon [_thread_blocked, id=9676, stack(0x0000000016940000,0x0000000016a40000)]
  0x000000000300d800 JavaThread "main" [_thread_in_native, id=7620, stack(0x0000000002e20000,0x0000000002f20000)]

Other Threads:
  0x00000000157a7000 VMThread [stack: 0x0000000016840000,0x0000000016940000] [id=11604]
  0x000000001715b000 WatcherThread [stack: 0x0000000017630000,0x0000000017730000] [id=4900]

VM state:not at safepoint (normal execution)

VM Mutex/Monitor currently owned by a thread: None

Heap:
 PSYoungGen      total 18944K, used 9747K [0x00000000eab00000, 0x00000000ec000000, 0x0000000100000000)
  eden space 16384K, 44% used [0x00000000eab00000,0x00000000eb20c278,0x00000000ebb00000)
  from space 2560K, 98% used [0x00000000ebb00000,0x00000000ebd789b8,0x00000000ebd80000)
  to   space 2560K, 0% used [0x00000000ebd80000,0x00000000ebd80000,0x00000000ec000000)
 ParOldGen       total 44032K, used 7156K [0x00000000c0000000, 0x00000000c2b00000, 0x00000000eab00000)
  object space 44032K, 16% used [0x00000000c0000000,0x00000000c06fd2f8,0x00000000c2b00000)
 Metaspace       used 5990K, capacity 6898K, committed 7040K, reserved 1056768K
  class space    used 600K, capacity 618K, committed 640K, reserved 1048576K

Card table byte_map: [0x00000000124d0000,0x00000000126e0000] byte_map_base: 0x0000000011ed0000

Marking Bits: (ParMarkBitMap*) 0x000000006a66a6d0
 Begin Bits: [0x0000000012c40000, 0x0000000013c40000)
 End Bits:   [0x0000000013c40000, 0x0000000014c40000)

Polling page: 0x00000000016e0000

CodeCache: size=245760Kb used=4687Kb max_used=4687Kb free=241072Kb
 bounds [0x0000000003110000, 0x00000000035b0000, 0x0000000012110000]
 total_blobs=1453 nmethods=1184 adapters=182
 compilation: enabled

Compilation events (10 events):
Event: 2.145 Thread 0x000000001582c800 1184       1       com.android.dx.cf.attrib.AttSourceFile::getSourceFile (5 bytes)
Event: 2.146 Thread 0x000000001582c800 nmethod 1184 0x0000000003565d50 code [0x0000000003565ea0, 0x0000000003565fb0]
Event: 2.151 Thread 0x00000000157de800 nmethod 1074 0x00000000035a0e10 code [0x00000000035a1120, 0x00000000035a3710]
Event: 2.151 Thread 0x00000000157de800 1176       4       com.android.dx.rop.cst.CstLiteral32::equals (35 bytes)
Event: 2.152 Thread 0x00000000157de800 nmethod 1176 0x00000000035955d0 code [0x0000000003595720, 0x00000000035957d8]
Event: 2.152 Thread 0x00000000157de800 1178       4       com.android.dx.ssa.SCCP::simulateStmt (481 bytes)
Event: 2.166 Thread 0x00000000157ff800 nmethod 1145 0x00000000035a6d10 code [0x00000000035a6ec0, 0x00000000035a7938]
Event: 2.166 Thread 0x00000000157ff800 1131       4       com.android.dx.cf.code.Merger::mergeType (142 bytes)
Event: 2.171 Thread 0x00000000157ff800 nmethod 1131 0x000000000359d5d0 code [0x000000000359d780, 0x000000000359da60]
Event: 2.171 Thread 0x00000000157ff800 1129   !   4       com.android.dx.cf.code.BytecodeArray::parseInstruction (2764 bytes)

GC Heap History (4 events):
Event: 1.442 GC heap before
{Heap before GC invocations=1 (full 0):
 PSYoungGen      total 18944K, used 16384K [0x00000000eab00000, 0x00000000ec000000, 0x0000000100000000)
  eden space 16384K, 100% used [0x00000000eab00000,0x00000000ebb00000,0x00000000ebb00000)
  from space 2560K, 0% used [0x00000000ebd80000,0x00000000ebd80000,0x00000000ec000000)
  to   space 2560K, 0% used [0x00000000ebb00000,0x00000000ebb00000,0x00000000ebd80000)
 ParOldGen       total 44032K, used 0K [0x00000000c0000000, 0x00000000c2b00000, 0x00000000eab00000)
  object space 44032K, 0% used [0x00000000c0000000,0x00000000c0000000,0x00000000c2b00000)
 Metaspace       used 5773K, capacity 6770K, committed 7040K, reserved 1056768K
  class space    used 597K, capacity 618K, committed 640K, reserved 1048576K
Event: 1.518 GC heap after
Heap after GC invocations=1 (full 0):
 PSYoungGen      total 18944K, used 2538K [0x00000000eab00000, 0x00000000ec000000, 0x0000000100000000)
  eden space 16384K, 0% used [0x00000000eab00000,0x00000000eab00000,0x00000000ebb00000)
  from space 2560K, 99% used [0x00000000ebb00000,0x00000000ebd7aac8,0x00000000ebd80000)
  to   space 2560K, 0% used [0x00000000ebd80000,0x00000000ebd80000,0x00000000ec000000)
 ParOldGen       total 44032K, used 1715K [0x00000000c0000000, 0x00000000c2b00000, 0x00000000eab00000)
  object space 44032K, 3% used [0x00000000c0000000,0x00000000c01acd28,0x00000000c2b00000)
 Metaspace       used 5773K, capacity 6770K, committed 7040K, reserved 1056768K
  class space    used 597K, capacity 618K, committed 640K, reserved 1048576K
}
Event: 1.914 GC heap before
{Heap before GC invocations=2 (full 0):
 PSYoungGen      total 18944K, used 18922K [0x00000000eab00000, 0x00000000ec000000, 0x0000000100000000)
  eden space 16384K, 100% used [0x00000000eab00000,0x00000000ebb00000,0x00000000ebb00000)
  from space 2560K, 99% used [0x00000000ebb00000,0x00000000ebd7aac8,0x00000000ebd80000)
  to   space 2560K, 0% used [0x00000000ebd80000,0x00000000ebd80000,0x00000000ec000000)
 ParOldGen       total 44032K, used 1715K [0x00000000c0000000, 0x00000000c2b00000, 0x00000000eab00000)
  object space 44032K, 3% used [0x00000000c0000000,0x00000000c01acd28,0x00000000c2b00000)
 Metaspace       used 5962K, capacity 6898K, committed 7040K, reserved 1056768K
  class space    used 600K, capacity 618K, committed 640K, reserved 1048576K
Event: 2.145 GC heap after
Heap after GC invocations=2 (full 0):
 PSYoungGen      total 18944K, used 2544K [0x00000000eab00000, 0x00000000ec000000, 0x0000000100000000)
  eden space 16384K, 0% used [0x00000000eab00000,0x00000000eab00000,0x00000000ebb00000)
  from space 2560K, 99% used [0x00000000ebd80000,0x00000000ebffc038,0x00000000ec000000)
  to   space 2560K, 0% used [0x00000000ebb00000,0x00000000ebb00000,0x00000000ebd80000)
 ParOldGen       total 44032K, used 4284K [0x00000000c0000000, 0x00000000c2b00000, 0x00000000eab00000)
  object space 44032K, 9% used [0x00000000c0000000,0x00000000c042f060,0x00000000c2b00000)
 Metaspace       used 5962K, capacity 6898K, committed 7040K, reserved 1056768K
  class space    used 600K, capacity 618K, committed 640K, reserved 1048576K
}

Deoptimization events (4 events):
Event: 1.555 Thread 0x00000000172ab800 Uncommon trap: reason=null_check action=make_not_entrant pc=0x0000000003416720 method=com.android.dx.rop.type.Type.equals(Ljava/lang/Object;)Z @ 8
Event: 1.587 Thread 0x000000000300d800 Uncommon trap: reason=null_check action=make_not_entrant pc=0x00000000033f3018 method=com.android.dx.ssa.SsaRenamer.getLocalForNewReg(I)Lcom/android/dx/rop/code/LocalItem; @ 19
Event: 1.852 Thread 0x00000000172bf000 Uncommon trap: reason=bimorphic action=maybe_recompile pc=0x00000000033fb3bc method=java.util.HashMap.getNode(ILjava/lang/Object;)Ljava/util/HashMap$Node; @ 126
Event: 1.852 Thread 0x00000000172bf000 Uncommon trap: reason=class_check action=maybe_recompile pc=0x0000000003514874 method=java.util.HashMap.putVal(ILjava/lang/Object;Ljava/lang/Object;ZZ)Ljava/lang/Object; @ 203

Internal exceptions (4 events):
Event: 0.053 Thread 0x000000000300d800 Exception <a 'java/lang/NoSuchMethodError': Method sun.misc.Unsafe.defineClass(Ljava/lang/String;[BII)Ljava/lang/Class; name or signature does not match> (0x00000000eab07cc0) thrown at [C:\re\workspace\8-2-build-windows-amd64-cygwin\jdk8u101\7261\hotspot\s”&¯J#«?
Event: 0.053 Thread 0x000000000300d800 Exception <a 'java/lang/NoSuchMethodError': Method sun.misc.Unsafe.prefetchRead(Ljava/lang/Object;J)V name or signature does not match> (0x00000000eab07fa8) thrown at [C:\re\workspace\8-2-build-windows-amd64-cygwin\jdk8u101\7261\hotspot\src\share\vm\prims\wP0h‰âø?
Event: 1.555 Thread 0x00000000172ab800 Implicit null exception at 0x0000000003416622 to 0x0000000003416712
Event: 1.587 Thread 0x000000000300d800 Implicit null exception at 0x00000000033f1422 to 0x00000000033f2fcd

Events (10 events):
Event: 1.891 loading class com/android/dx/cf/direct/AnnotationParser
Event: 1.891 loading class com/android/dx/cf/direct/AnnotationParser done
Event: 1.894 loading class com/android/dx/cf/attrib/AttRuntimeVisibleAnnotations
Event: 1.894 loading class com/android/dx/cf/attrib/AttRuntimeVisibleAnnotations done
Event: 1.894 loading class com/android/dx/cf/attrib/BaseAnnotations
Event: 1.894 loading class com/android/dx/cf/attrib/BaseAnnotations done
Event: 1.895 Executing VM operation: ForceSafepoint
Event: 1.905 Executing VM operation: ForceSafepoint done
Event: 1.914 Executing VM operation: ParallelGCFailedAllocation
Event: 2.145 Executing VM operation: ParallelGCFailedAllocation done


Dynamic libraries:
0x00007ff775ca0000 - 0x00007ff775cd7000 	C:\Program Files\Java\jdk1.8.0_101\bin\java.exe
0x00007ffdc4c20000 - 0x00007ffdc4df1000 	C:\WINDOWS\SYSTEM32\ntdll.dll
0x00007ffdc4b70000 - 0x00007ffdc4c1b000 	C:\WINDOWS\System32\KERNEL32.DLL
0x00007ffdc1220000 - 0x00007ffdc143d000 	C:\WINDOWS\System32\KERNELBASE.dll
0x00007ffdc28e0000 - 0x00007ffdc2982000 	C:\WINDOWS\System32\ADVAPI32.dll
0x00007ffdc2680000 - 0x00007ffdc271e000 	C:\WINDOWS\System32\msvcrt.dll
0x00007ffdc4490000 - 0x00007ffdc44e9000 	C:\WINDOWS\System32\sechost.dll
0x00007ffdc21b0000 - 0x00007ffdc22d1000 	C:\WINDOWS\System32\RPCRT4.dll
0x00007ffdc2a60000 - 0x00007ffdc2bc5000 	C:\WINDOWS\System32\USER32.dll
0x00007ffdc1be0000 - 0x00007ffdc1bfe000 	C:\WINDOWS\System32\win32u.dll
0x00007ffdc2420000 - 0x00007ffdc2454000 	C:\WINDOWS\System32\GDI32.dll
0x00007ffdc1e50000 - 0x00007ffdc1fd2000 	C:\WINDOWS\System32\gdi32full.dll
0x00007ffdb43f0000 - 0x00007ffdb4669000 	C:\WINDOWS\WinSxS\amd64_microsoft.windows.common-controls_6595b64144ccf1df_6.0.14393.447_none_42191651c6827bb3\COMCTL32.dll
0x00007ffdc2bd0000 - 0x00007ffdc2e98000 	C:\WINDOWS\System32\combase.dll
0x00007ffdc1d50000 - 0x00007ffdc1e45000 	C:\WINDOWS\System32\ucrtbase.dll
0x00007ffdc1440000 - 0x00007ffdc14aa000 	C:\WINDOWS\System32\bcryptPrimitives.dll
0x00007ffdc22e0000 - 0x00007ffdc230e000 	C:\WINDOWS\System32\IMM32.DLL
0x00000000698e0000 - 0x00000000699b2000 	C:\Program Files\Java\jdk1.8.0_101\jre\bin\msvcr100.dll
0x0000000069e50000 - 0x000000006a6ea000 	C:\Program Files\Java\jdk1.8.0_101\jre\bin\server\jvm.dll
0x00007ffdc2460000 - 0x00007ffdc2468000 	C:\WINDOWS\System32\PSAPI.DLL
0x00007ffdb8000000 - 0x00007ffdb8009000 	C:\WINDOWS\SYSTEM32\WSOCK32.dll
0x00007ffdbebe0000 - 0x00007ffdbec03000 	C:\WINDOWS\SYSTEM32\WINMM.dll
0x00007ffdc29f0000 - 0x00007ffdc2a5a000 	C:\WINDOWS\System32\WS2_32.dll
0x00007ffdbf5d0000 - 0x00007ffdbf5da000 	C:\WINDOWS\SYSTEM32\VERSION.dll
0x00007ffdbeb80000 - 0x00007ffdbebab000 	C:\WINDOWS\SYSTEM32\WINMMBASE.dll
0x00007ffdc14b0000 - 0x00007ffdc14f2000 	C:\WINDOWS\System32\cfgmgr32.dll
0x0000000069d60000 - 0x0000000069d6f000 	C:\Program Files\Java\jdk1.8.0_101\jre\bin\verify.dll
0x0000000069d30000 - 0x0000000069d59000 	C:\Program Files\Java\jdk1.8.0_101\jre\bin\java.dll
0x0000000069d10000 - 0x0000000069d26000 	C:\Program Files\Java\jdk1.8.0_101\jre\bin\zip.dll
0x00007ffdc2ea0000 - 0x00007ffdc43a9000 	C:\WINDOWS\System32\SHELL32.dll
0x00007ffdc1500000 - 0x00007ffdc1bda000 	C:\WINDOWS\System32\windows.storage.dll
0x00007ffdc10c0000 - 0x00007ffdc110c000 	C:\WINDOWS\System32\powrprof.dll
0x00007ffdc2720000 - 0x00007ffdc2772000 	C:\WINDOWS\System32\shlwapi.dll
0x00007ffdc10b0000 - 0x00007ffdc10bf000 	C:\WINDOWS\System32\kernel.appcore.dll
0x00007ffdc1110000 - 0x00007ffdc11b9000 	C:\WINDOWS\System32\shcore.dll
0x00007ffdc1080000 - 0x00007ffdc1094000 	C:\WINDOWS\System32\profapi.dll

VM Arguments:
jvm_args: -Djava.awt.headless=true -Xmx1024M -Dfile.encoding=windows-1252 -Duser.country=US -Duser.language=en -Duser.variant 
java_command: com.android.dx.command.Main --dex --force-jumbo --num-threads=4 --multi-dex --output D:\Code\parker-android\ParkerApp\app\build\intermediates\transforms\dex\debug\folders\1000\10\instant-run_93a712a90263a9e56c8e9afe3391677cc9a2c37b D:\Code\parker-android\ParkerApp\app\build\intermediates\incremental-runtime-classes\debug\instant-run.jar
java_class_path (initial): C:\Users\Eric\AppData\Local\Android\sdk\build-tools\24.0.2\lib\dx.jar
Launcher Type: SUN_STANDARD

Environment Variables:
JAVA_HOME=C:\Program Files\Java\jdk1.8.0_101
PATH=C:\ProgramData\Oracle\Java\javapath;C:\Program Files\PHP\v7.0;c:\watcom-1.3\binnt;c:\watcom-1.3\binw;C:\WINDOWS\system32;C:\WINDOWS;C:\WINDOWS\System32\Wbem;C:\WINDOWS\System32\WindowsPowerShell\v1.0\;C:\Users\Eric\.dnx\bin;C:\Program Files\Microsoft DNX\Dnvm\;C:\Program Files (x86)\Skype\Phone\;C:\Program Files\Microsoft SQL Server\Client SDK\ODBC\110\Tools\Binn\;C:\Program Files (x86)\Microsoft SQL Server\120\Tools\Binn\ManagementStudio\;C:\Program Files (x86)\Microsoft SQL Server\120\Tools\Binn\;C:\Program Files\Microsoft SQL Server\120\Tools\Binn\;C:\Program Files (x86)\Microsoft SQL Server\120\DTS\Binn\;C:\Program Files\Microsoft SQL Server\120\DTS\Binn\;C:\Users\Eric\AppData\Roaming\npm;C:\Users\Eric\AppData\Local\Programs\Python\Python35-32;C:\Users\Eric\.dnx\bin;C:\Program Files (x86)\nodejs\;C:\Program Files (x86)\Microsoft Emulator Manager\1.0\;C:\Program Files\Git\cmd;C:\Program Files (x86)\Windows Kits\10\Windows Performance Toolkit\;C:\WINDOWS\system32;C:\WINDOWS;C:\WINDOWS\System32\Wbem;C:\WINDOWS\System32\WindowsPowerShell\v1.0\;C:\Program Files\MySQL\MySQL Utilities 1.6\;C:\Ruby23-x64\bin;C:\Users\Eric\AppData\Roaming\npm;C:\Users\Eric\AppData\Local\Microsoft\WindowsApps;C:\Program Files\Java\jdk1.8.0_101\bin;C:\Users\Eric\apache-ant-1.9.7\bin;C:\Users\Eric\AppData\Local\Android\sdk\tools;C:\Users\Eric\AppData\Local\Android\sdk\platform-tools;C:\Program Files (x86)\Microsoft VS Code\bin;C:\Users\Eric\AppData\Local\atom\bin
USERNAME=Eric
OS=Windows_NT
PROCESSOR_IDENTIFIER=Intel64 Family 6 Model 58 Stepping 9, GenuineIntel



---------------  S Y S T E M  ---------------

OS: Windows 10.0 , 64 bit Build 14393 (10.0.14393.0)

CPU:total 4 (2 cores per cpu, 2 threads per core) family 6 model 58 stepping 9, cmov, cx8, fxsr, mmx, sse, sse2, sse3, ssse3, sse4.1, sse4.2, popcnt, avx, aes, clmul, erms, ht, tsc, tscinvbit, tscinv

Memory: 4k page, physical 4075224k(459840k free), swap 8357424k(1708k free)

vm_info: Java HotSpot(TM) 64-Bit Server VM (25.101-b13) for windows-amd64 JRE (1.8.0_101-b13), built on Jun 22 2016 01:21:29 by "java_re" with MS VC++ 10.0 (VS2010)

time: Tue Mar 14 21:35:10 2017
elapsed time: 2 seconds (0d 0h 0m 2s)

